[ 2016-09-05T10:40:54+08:00 ]EXCEPTION: 模板不存在:App/Admin/View/User/Roleadd.php
[ 2016-09-05T11:34:37+08:00 ]EXCEPTION: 模板不存在:App/Admin/View/User/roleallot.php
[ 2016-09-05T13:22:03+08:00 ]NOTICE: Undefined index: cidD:\wamp\www\shop\Hdphp\Data\Data.php (75).
[ 2016-09-05T13:22:03+08:00 ]NOTICE: Undefined index: cidD:\wamp\www\shop\Hdphp\Data\Data.php (75).
[ 2016-09-05T13:22:03+08:00 ]NOTICE: Undefined index: cidD:\wamp\www\shop\Hdphp\Data\Data.php (75).
[ 2016-09-05T13:22:03+08:00 ]NOTICE: Undefined index: cidD:\wamp\www\shop\Hdphp\Data\Data.php (75).
[ 2016-09-05T13:22:03+08:00 ]NOTICE: Undefined index: cidD:\wamp\www\shop\Hdphp\Data\Data.php (75).
[ 2016-09-05T13:22:03+08:00 ]NOTICE: Undefined index: cidD:\wamp\www\shop\Hdphp\Data\Data.php (75).
[ 2016-09-05T13:22:03+08:00 ]NOTICE: Undefined index: cidD:\wamp\www\shop\Hdphp\Data\Data.php (75).
[ 2016-09-05T13:22:03+08:00 ]NOTICE: Undefined index: cidD:\wamp\www\shop\Hdphp\Data\Data.php (75).
[ 2016-09-05T13:22:03+08:00 ]NOTICE: Undefined index: cidD:\wamp\www\shop\Hdphp\Data\Data.php (75).
[ 2016-09-05T13:22:03+08:00 ]NOTICE: Undefined index: cidD:\wamp\www\shop\Hdphp\Data\Data.php (75).
[ 2016-09-05T13:22:03+08:00 ]NOTICE: Undefined index: cidD:\wamp\www\shop\Hdphp\Data\Data.php (75).
[ 2016-09-05T13:22:03+08:00 ]NOTICE: Undefined index: cidD:\wamp\www\shop\Hdphp\Data\Data.php (75).
[ 2016-09-05T13:22:03+08:00 ]NOTICE: Undefined index: cidD:\wamp\www\shop\Hdphp\Data\Data.php (75).
[ 2016-09-05T13:22:03+08:00 ]NOTICE: Undefined index: cidD:\wamp\www\shop\Hdphp\Data\Data.php (75).
[ 2016-09-05T13:22:03+08:00 ]NOTICE: Undefined index: cidD:\wamp\www\shop\Hdphp\Data\Data.php (75).
[ 2016-09-05T13:22:03+08:00 ]NOTICE: Undefined index: cidD:\wamp\www\shop\Hdphp\Data\Data.php (75).
[ 2016-09-05T13:22:03+08:00 ]NOTICE: Undefined index: cidD:\wamp\www\shop\Hdphp\Data\Data.php (75).
[ 2016-09-05T13:22:03+08:00 ]NOTICE: Undefined index: cidD:\wamp\www\shop\Hdphp\Data\Data.php (75).
[ 2016-09-05T13:22:03+08:00 ]NOTICE: Undefined index: cidD:\wamp\www\shop\Hdphp\Data\Data.php (75).
[ 2016-09-05T13:22:03+08:00 ]NOTICE: Undefined index: cidD:\wamp\www\shop\Hdphp\Data\Data.php (75).
[ 2016-09-05T13:22:03+08:00 ]NOTICE: Undefined index: cidD:\wamp\www\shop\Hdphp\Data\Data.php (75).
[ 2016-09-05T13:22:03+08:00 ]NOTICE: Undefined index: cidD:\wamp\www\shop\Hdphp\Data\Data.php (75).
[ 2016-09-05T13:22:03+08:00 ]NOTICE: Undefined index: cidD:\wamp\www\shop\Hdphp\Data\Data.php (75).
[ 2016-09-05T13:22:03+08:00 ]NOTICE: Undefined index: cidD:\wamp\www\shop\Hdphp\Data\Data.php (75).
[ 2016-09-05T13:22:03+08:00 ]NOTICE: Undefined index: cidD:\wamp\www\shop\Hdphp\Data\Data.php (75).
[ 2016-09-05T13:22:03+08:00 ]NOTICE: Undefined index: cidD:\wamp\www\shop\Hdphp\Data\Data.php (75).
[ 2016-09-05T13:22:03+08:00 ]NOTICE: Undefined index: cidD:\wamp\www\shop\Hdphp\Data\Data.php (75).
[ 2016-09-05T13:22:03+08:00 ]NOTICE: Undefined index: cidD:\wamp\www\shop\Hdphp\Data\Data.php (75).
[ 2016-09-05T13:22:03+08:00 ]NOTICE: Undefined index: cidD:\wamp\www\shop\Hdphp\Data\Data.php (75).
[ 2016-09-05T13:22:03+08:00 ]NOTICE: Undefined index: cidD:\wamp\www\shop\Hdphp\Data\Data.php (75).
[ 2016-09-05T13:22:03+08:00 ]NOTICE: Undefined index: cidD:\wamp\www\shop\Hdphp\Data\Data.php (75).
[ 2016-09-05T13:22:03+08:00 ]NOTICE: Undefined index: cidD:\wamp\www\shop\Hdphp\Data\Data.php (75).
[ 2016-09-05T13:22:03+08:00 ]NOTICE: Undefined index: cidD:\wamp\www\shop\Hdphp\Data\Data.php (63).
[ 2016-09-05T13:53:48+08:00 ]NOTICE: Undefined variable: idD:\wamp\www\shop\App\Admin\Model\Node.php (35).
[ 2016-09-05T13:54:00+08:00 ]NOTICE: Undefined variable: cidD:\wamp\www\shop\App\Admin\Model\Node.php (35).
[ 2016-09-05T14:08:20+08:00 ]NOTICE: Undefined variable: titleD:\wamp\www\shop\App\Admin\Model\Node.php (36).
[ 2016-09-05T14:08:20+08:00 ]NOTICE: Undefined index: D:\wamp\www\shop\Hdphp\Data\Data.php (115).
[ 2016-09-05T14:41:30+08:00 ]NOTICE: Undefined index: valueD:\wamp\www\shop\Hdphp\View\HdphpTag.php (134).
[ 2016-09-05T15:09:51+08:00 ]NOTICE: Array to string conversionD:\wamp\www\shop\Hdphp\Db\Mysql.php (204).
[ 2016-09-05T15:10:41+08:00 ]NOTICE: Array to string conversionD:\wamp\www\shop\App\Admin\Model\Rolenode.php (12).
[ 2016-09-05T16:26:54+08:00 ]NOTICE: Undefined variable: userDataD:\wamp\www\shop\Storage\view\compile\0dbce6bd898035c2d1133de8f023dc63.php (26).
[ 2016-09-05T16:26:54+08:00 ]NOTICE: Invalid argument supplied for foreach()D:\wamp\www\shop\Storage\view\compile\0dbce6bd898035c2d1133de8f023dc63.php (26).
[ 2016-09-05T16:42:17+08:00 ]EXCEPTION: SELECT n.id,n.name,n.pid,n.level,n.title,n.show FROM shop_role_has_shop_admin ur JOIN shop_role r ON ur.role_id = r.id  JOIN shop_role_has_shop_node a ON a.role_id=r.id  JOIN shop_node n ON n.id = a.node_id WHERE ur.user_id=admin AND n.status=1 AND r.status=1 GROUP BY a.node_id ORDER BY n.sort ASC ;BindParams:array (
)42S22;1054;Unknown column 'n.level' in 'field list'
[ 2016-09-05T16:42:52+08:00 ]EXCEPTION: SELECT n.id,n.name,n.pid,n.level,n.title,n.show FROM shop_role_has_shop_admin ur JOIN shop_role r ON ur.role_id = r.id  JOIN shop_role_has_shop_node a ON a.role_id=r.id  JOIN shop_node n ON n.id = a.node_id WHERE ur.user_id=xiaolin AND n.status=1 AND r.status=1 GROUP BY a.node_id ORDER BY n.sort ASC ;BindParams:array (
)42S22;1054;Unknown column 'n.level' in 'field list'
[ 2016-09-05T16:44:37+08:00 ]EXCEPTION: SELECT n.id,n.name,n.pid,n.level,n.title,n.show FROM shop_role_has_shop_admin ur JOIN shop_role r ON ur.role_id = r.id  JOIN shop_role_has_shop_node a ON a.role_id=r.id  JOIN shop_node n ON n.id = a.node_id WHERE ur.user_id=xiaolin AND n.status=1 AND r.status=1 GROUP BY a.node_id ORDER BY n.sort ASC ;BindParams:array (
)42S22;1054;Unknown column 'n.level' in 'field list'
[ 2016-09-05T16:44:39+08:00 ]EXCEPTION: SELECT n.id,n.name,n.pid,n.level,n.title,n.show FROM shop_role_has_shop_admin ur JOIN shop_role r ON ur.role_id = r.id  JOIN shop_role_has_shop_node a ON a.role_id=r.id  JOIN shop_node n ON n.id = a.node_id WHERE ur.user_id=xiaolin AND n.status=1 AND r.status=1 GROUP BY a.node_id ORDER BY n.sort ASC ;BindParams:array (
)42S22;1054;Unknown column 'n.level' in 'field list'
[ 2016-09-05T16:44:39+08:00 ]EXCEPTION: SELECT n.id,n.name,n.pid,n.level,n.title,n.show FROM shop_role_has_shop_admin ur JOIN shop_role r ON ur.role_id = r.id  JOIN shop_role_has_shop_node a ON a.role_id=r.id  JOIN shop_node n ON n.id = a.node_id WHERE ur.user_id=xiaolin AND n.status=1 AND r.status=1 GROUP BY a.node_id ORDER BY n.sort ASC ;BindParams:array (
)42S22;1054;Unknown column 'n.level' in 'field list'
[ 2016-09-05T16:44:40+08:00 ]EXCEPTION: SELECT n.id,n.name,n.pid,n.level,n.title,n.show FROM shop_role_has_shop_admin ur JOIN shop_role r ON ur.role_id = r.id  JOIN shop_role_has_shop_node a ON a.role_id=r.id  JOIN shop_node n ON n.id = a.node_id WHERE ur.user_id=xiaolin AND n.status=1 AND r.status=1 GROUP BY a.node_id ORDER BY n.sort ASC ;BindParams:array (
)42S22;1054;Unknown column 'n.level' in 'field list'
[ 2016-09-05T16:44:40+08:00 ]EXCEPTION: SELECT n.id,n.name,n.pid,n.level,n.title,n.show FROM shop_role_has_shop_admin ur JOIN shop_role r ON ur.role_id = r.id  JOIN shop_role_has_shop_node a ON a.role_id=r.id  JOIN shop_node n ON n.id = a.node_id WHERE ur.user_id=xiaolin AND n.status=1 AND r.status=1 GROUP BY a.node_id ORDER BY n.sort ASC ;BindParams:array (
)42S22;1054;Unknown column 'n.level' in 'field list'
[ 2016-09-05T16:44:40+08:00 ]EXCEPTION: SELECT n.id,n.name,n.pid,n.level,n.title,n.show FROM shop_role_has_shop_admin ur JOIN shop_role r ON ur.role_id = r.id  JOIN shop_role_has_shop_node a ON a.role_id=r.id  JOIN shop_node n ON n.id = a.node_id WHERE ur.user_id=xiaolin AND n.status=1 AND r.status=1 GROUP BY a.node_id ORDER BY n.sort ASC ;BindParams:array (
)42S22;1054;Unknown column 'n.level' in 'field list'
[ 2016-09-05T16:44:46+08:00 ]EXCEPTION: SELECT n.id,n.name,n.pid,n.level,n.title,n.show FROM shop_role_has_shop_admin ur JOIN shop_role r ON ur.role_id = r.id  JOIN shop_role_has_shop_node a ON a.role_id=r.id  JOIN shop_node n ON n.id = a.node_id WHERE ur.user_id=xiaolin AND n.status=1 AND r.status=1 GROUP BY a.node_id ORDER BY n.sort ASC ;BindParams:array (
)42S22;1054;Unknown column 'n.level' in 'field list'
[ 2016-09-05T16:44:48+08:00 ]EXCEPTION: SELECT n.id,n.name,n.pid,n.level,n.title,n.show FROM shop_role_has_shop_admin ur JOIN shop_role r ON ur.role_id = r.id  JOIN shop_role_has_shop_node a ON a.role_id=r.id  JOIN shop_node n ON n.id = a.node_id WHERE ur.user_id=xiaolin AND n.status=1 AND r.status=1 GROUP BY a.node_id ORDER BY n.sort ASC ;BindParams:array (
)42S22;1054;Unknown column 'n.level' in 'field list'
[ 2016-09-05T16:44:49+08:00 ]EXCEPTION: SELECT n.id,n.name,n.pid,n.level,n.title,n.show FROM shop_role_has_shop_admin ur JOIN shop_role r ON ur.role_id = r.id  JOIN shop_role_has_shop_node a ON a.role_id=r.id  JOIN shop_node n ON n.id = a.node_id WHERE ur.user_id=xiaolin AND n.status=1 AND r.status=1 GROUP BY a.node_id ORDER BY n.sort ASC ;BindParams:array (
)42S22;1054;Unknown column 'n.level' in 'field list'
[ 2016-09-05T16:45:04+08:00 ]EXCEPTION: SELECT n.id,n.name,n.pid,n.level,n.title,n.show FROM shop_role_has_shop_admin ur JOIN shop_role r ON ur.role_id = r.id  JOIN shop_role_has_shop_node a ON a.role_id=r.id  JOIN shop_node n ON n.id = a.node_id WHERE ur.user_id=admin AND n.status=1 AND r.status=1 GROUP BY a.node_id ORDER BY n.sort ASC ;BindParams:array (
)42S22;1054;Unknown column 'n.level' in 'field list'
[ 2016-09-05T16:45:05+08:00 ]EXCEPTION: SELECT n.id,n.name,n.pid,n.level,n.title,n.show FROM shop_role_has_shop_admin ur JOIN shop_role r ON ur.role_id = r.id  JOIN shop_role_has_shop_node a ON a.role_id=r.id  JOIN shop_node n ON n.id = a.node_id WHERE ur.user_id=admin AND n.status=1 AND r.status=1 GROUP BY a.node_id ORDER BY n.sort ASC ;BindParams:array (
)42S22;1054;Unknown column 'n.level' in 'field list'
[ 2016-09-05T16:45:05+08:00 ]EXCEPTION: SELECT n.id,n.name,n.pid,n.level,n.title,n.show FROM shop_role_has_shop_admin ur JOIN shop_role r ON ur.role_id = r.id  JOIN shop_role_has_shop_node a ON a.role_id=r.id  JOIN shop_node n ON n.id = a.node_id WHERE ur.user_id=admin AND n.status=1 AND r.status=1 GROUP BY a.node_id ORDER BY n.sort ASC ;BindParams:array (
)42S22;1054;Unknown column 'n.level' in 'field list'
[ 2016-09-05T16:45:06+08:00 ]EXCEPTION: SELECT n.id,n.name,n.pid,n.level,n.title,n.show FROM shop_role_has_shop_admin ur JOIN shop_role r ON ur.role_id = r.id  JOIN shop_role_has_shop_node a ON a.role_id=r.id  JOIN shop_node n ON n.id = a.node_id WHERE ur.user_id=admin AND n.status=1 AND r.status=1 GROUP BY a.node_id ORDER BY n.sort ASC ;BindParams:array (
)42S22;1054;Unknown column 'n.level' in 'field list'
[ 2016-09-05T16:45:06+08:00 ]EXCEPTION: SELECT n.id,n.name,n.pid,n.level,n.title,n.show FROM shop_role_has_shop_admin ur JOIN shop_role r ON ur.role_id = r.id  JOIN shop_role_has_shop_node a ON a.role_id=r.id  JOIN shop_node n ON n.id = a.node_id WHERE ur.user_id=admin AND n.status=1 AND r.status=1 GROUP BY a.node_id ORDER BY n.sort ASC ;BindParams:array (
)42S22;1054;Unknown column 'n.level' in 'field list'
[ 2016-09-05T16:45:07+08:00 ]EXCEPTION: SELECT n.id,n.name,n.pid,n.level,n.title,n.show FROM shop_role_has_shop_admin ur JOIN shop_role r ON ur.role_id = r.id  JOIN shop_role_has_shop_node a ON a.role_id=r.id  JOIN shop_node n ON n.id = a.node_id WHERE ur.user_id=admin AND n.status=1 AND r.status=1 GROUP BY a.node_id ORDER BY n.sort ASC ;BindParams:array (
)42S22;1054;Unknown column 'n.level' in 'field list'
[ 2016-09-05T16:45:07+08:00 ]EXCEPTION: SELECT n.id,n.name,n.pid,n.level,n.title,n.show FROM shop_role_has_shop_admin ur JOIN shop_role r ON ur.role_id = r.id  JOIN shop_role_has_shop_node a ON a.role_id=r.id  JOIN shop_node n ON n.id = a.node_id WHERE ur.user_id=admin AND n.status=1 AND r.status=1 GROUP BY a.node_id ORDER BY n.sort ASC ;BindParams:array (
)42S22;1054;Unknown column 'n.level' in 'field list'
[ 2016-09-05T16:48:54+08:00 ]EXCEPTION: SELECT n.id,n.name,n.pid,n.level,n.title,n.show FROM shop_role_has_shop_admin ur JOIN shop_role r ON ur.role_id = r.id  JOIN shop_role_has_shop_node a ON a.role_id=r.id  JOIN shop_node n ON n.id = a.node_id WHERE ur.user_id=admin AND n.status=1 AND r.status=1 GROUP BY a.node_id ORDER BY n.sort ASC ;BindParams:array (
)42S22;1054;Unknown column 'n.level' in 'field list'
[ 2016-09-05T16:48:56+08:00 ]EXCEPTION: SELECT n.id,n.name,n.pid,n.level,n.title,n.show FROM shop_role_has_shop_admin ur JOIN shop_role r ON ur.role_id = r.id  JOIN shop_role_has_shop_node a ON a.role_id=r.id  JOIN shop_node n ON n.id = a.node_id WHERE ur.user_id=admin AND n.status=1 AND r.status=1 GROUP BY a.node_id ORDER BY n.sort ASC ;BindParams:array (
)42S22;1054;Unknown column 'n.level' in 'field list'
[ 2016-09-05T16:48:59+08:00 ]EXCEPTION: SELECT n.id,n.name,n.pid,n.level,n.title,n.show FROM shop_role_has_shop_admin ur JOIN shop_role r ON ur.role_id = r.id  JOIN shop_role_has_shop_node a ON a.role_id=r.id  JOIN shop_node n ON n.id = a.node_id WHERE ur.user_id=admin AND n.status=1 AND r.status=1 GROUP BY a.node_id ORDER BY n.sort ASC ;BindParams:array (
)42S22;1054;Unknown column 'n.level' in 'field list'
[ 2016-09-05T16:49:00+08:00 ]EXCEPTION: SELECT n.id,n.name,n.pid,n.level,n.title,n.show FROM shop_role_has_shop_admin ur JOIN shop_role r ON ur.role_id = r.id  JOIN shop_role_has_shop_node a ON a.role_id=r.id  JOIN shop_node n ON n.id = a.node_id WHERE ur.user_id=admin AND n.status=1 AND r.status=1 GROUP BY a.node_id ORDER BY n.sort ASC ;BindParams:array (
)42S22;1054;Unknown column 'n.level' in 'field list'
[ 2016-09-05T16:49:01+08:00 ]EXCEPTION: SELECT n.id,n.name,n.pid,n.level,n.title,n.show FROM shop_role_has_shop_admin ur JOIN shop_role r ON ur.role_id = r.id  JOIN shop_role_has_shop_node a ON a.role_id=r.id  JOIN shop_node n ON n.id = a.node_id WHERE ur.user_id=admin AND n.status=1 AND r.status=1 GROUP BY a.node_id ORDER BY n.sort ASC ;BindParams:array (
)42S22;1054;Unknown column 'n.level' in 'field list'
[ 2016-09-05T16:49:01+08:00 ]EXCEPTION: SELECT n.id,n.name,n.pid,n.level,n.title,n.show FROM shop_role_has_shop_admin ur JOIN shop_role r ON ur.role_id = r.id  JOIN shop_role_has_shop_node a ON a.role_id=r.id  JOIN shop_node n ON n.id = a.node_id WHERE ur.user_id=admin AND n.status=1 AND r.status=1 GROUP BY a.node_id ORDER BY n.sort ASC ;BindParams:array (
)42S22;1054;Unknown column 'n.level' in 'field list'
[ 2016-09-05T16:49:02+08:00 ]EXCEPTION: SELECT n.id,n.name,n.pid,n.level,n.title,n.show FROM shop_role_has_shop_admin ur JOIN shop_role r ON ur.role_id = r.id  JOIN shop_role_has_shop_node a ON a.role_id=r.id  JOIN shop_node n ON n.id = a.node_id WHERE ur.user_id=admin AND n.status=1 AND r.status=1 GROUP BY a.node_id ORDER BY n.sort ASC ;BindParams:array (
)42S22;1054;Unknown column 'n.level' in 'field list'
[ 2016-09-05T16:49:02+08:00 ]EXCEPTION: SELECT n.id,n.name,n.pid,n.level,n.title,n.show FROM shop_role_has_shop_admin ur JOIN shop_role r ON ur.role_id = r.id  JOIN shop_role_has_shop_node a ON a.role_id=r.id  JOIN shop_node n ON n.id = a.node_id WHERE ur.user_id=admin AND n.status=1 AND r.status=1 GROUP BY a.node_id ORDER BY n.sort ASC ;BindParams:array (
)42S22;1054;Unknown column 'n.level' in 'field list'
[ 2016-09-05T16:49:05+08:00 ]EXCEPTION: SELECT n.id,n.name,n.pid,n.level,n.title,n.show FROM shop_role_has_shop_admin ur JOIN shop_role r ON ur.role_id = r.id  JOIN shop_role_has_shop_node a ON a.role_id=r.id  JOIN shop_node n ON n.id = a.node_id WHERE ur.user_id=admin AND n.status=1 AND r.status=1 GROUP BY a.node_id ORDER BY n.sort ASC ;BindParams:array (
)42S22;1054;Unknown column 'n.level' in 'field list'
[ 2016-09-05T16:49:16+08:00 ]EXCEPTION: SELECT n.id,n.name,n.pid,n.level,n.title,n.show FROM shop_role_has_shop_admin ur JOIN shop_role r ON ur.role_id = r.id  JOIN shop_role_has_shop_node a ON a.role_id=r.id  JOIN shop_node n ON n.id = a.node_id WHERE ur.user_id=admin AND n.status=1 AND r.status=1 GROUP BY a.node_id ORDER BY n.sort ASC ;BindParams:array (
)42S22;1054;Unknown column 'n.level' in 'field list'
[ 2016-09-05T16:49:17+08:00 ]EXCEPTION: SELECT n.id,n.name,n.pid,n.level,n.title,n.show FROM shop_role_has_shop_admin ur JOIN shop_role r ON ur.role_id = r.id  JOIN shop_role_has_shop_node a ON a.role_id=r.id  JOIN shop_node n ON n.id = a.node_id WHERE ur.user_id=admin AND n.status=1 AND r.status=1 GROUP BY a.node_id ORDER BY n.sort ASC ;BindParams:array (
)42S22;1054;Unknown column 'n.level' in 'field list'
[ 2016-09-05T16:49:18+08:00 ]EXCEPTION: SELECT n.id,n.name,n.pid,n.level,n.title,n.show FROM shop_role_has_shop_admin ur JOIN shop_role r ON ur.role_id = r.id  JOIN shop_role_has_shop_node a ON a.role_id=r.id  JOIN shop_node n ON n.id = a.node_id WHERE ur.user_id=admin AND n.status=1 AND r.status=1 GROUP BY a.node_id ORDER BY n.sort ASC ;BindParams:array (
)42S22;1054;Unknown column 'n.level' in 'field list'
[ 2016-09-05T17:02:05+08:00 ]EXCEPTION: SELECT n.id,n.name,n.pid,n.level,n.title,n.show FROM shop_role_has_shop_admin ur JOIN shop_role r ON ur.role_id = r.id  JOIN shop_role_has_shop_node a ON a.role_id=r.id  JOIN shop_node n ON n.id = a.node_id WHERE ur.user_id=admin AND n.status=1 AND r.status=1 GROUP BY a.node_id ORDER BY n.sort ASC ;BindParams:array (
)42S22;1054;Unknown column 'n.level' in 'field list'
[ 2016-09-05T17:05:13+08:00 ]EXCEPTION: SELECT n.id,n.name,n.pid,n.level,n.title,n.show FROM shop_role_has_shop_admin ur JOIN shop_role r ON ur.role_id = r.id  JOIN shop_role_has_shop_node a ON a.role_id=r.id  JOIN shop_node n ON n.id = a.node_id WHERE ur.user_id=admin AND n.status=1 AND r.status=1 GROUP BY a.node_id ORDER BY n.sort ASC ;BindParams:array (
)42S22;1054;Unknown column 'n.level' in 'field list'
[ 2016-09-05T17:06:34+08:00 ]EXCEPTION: SELECT n.id,n.name,n.pid,n.level,n.title,n.show FROM shop_role_has_shop_admin ur JOIN shop_role r ON ur.role_id = r.id  JOIN shop_role_has_shop_node a ON a.role_id=r.id  JOIN shop_node n ON n.id = a.node_id WHERE ur.user_id=6 AND n.status=1 AND r.status=1 GROUP BY a.node_id ORDER BY n.sort ASC ;BindParams:array (
)42S22;1054;Unknown column 'n.level' in 'field list'
[ 2016-09-05T17:06:35+08:00 ]EXCEPTION: SELECT n.id,n.name,n.pid,n.level,n.title,n.show FROM shop_role_has_shop_admin ur JOIN shop_role r ON ur.role_id = r.id  JOIN shop_role_has_shop_node a ON a.role_id=r.id  JOIN shop_node n ON n.id = a.node_id WHERE ur.user_id=6 AND n.status=1 AND r.status=1 GROUP BY a.node_id ORDER BY n.sort ASC ;BindParams:array (
)42S22;1054;Unknown column 'n.level' in 'field list'
[ 2016-09-05T17:06:36+08:00 ]EXCEPTION: SELECT n.id,n.name,n.pid,n.level,n.title,n.show FROM shop_role_has_shop_admin ur JOIN shop_role r ON ur.role_id = r.id  JOIN shop_role_has_shop_node a ON a.role_id=r.id  JOIN shop_node n ON n.id = a.node_id WHERE ur.user_id=6 AND n.status=1 AND r.status=1 GROUP BY a.node_id ORDER BY n.sort ASC ;BindParams:array (
)42S22;1054;Unknown column 'n.level' in 'field list'
[ 2016-09-05T17:06:37+08:00 ]EXCEPTION: SELECT n.id,n.name,n.pid,n.level,n.title,n.show FROM shop_role_has_shop_admin ur JOIN shop_role r ON ur.role_id = r.id  JOIN shop_role_has_shop_node a ON a.role_id=r.id  JOIN shop_node n ON n.id = a.node_id WHERE ur.user_id=6 AND n.status=1 AND r.status=1 GROUP BY a.node_id ORDER BY n.sort ASC ;BindParams:array (
)42S22;1054;Unknown column 'n.level' in 'field list'
[ 2016-09-05T17:06:38+08:00 ]EXCEPTION: SELECT n.id,n.name,n.pid,n.level,n.title,n.show FROM shop_role_has_shop_admin ur JOIN shop_role r ON ur.role_id = r.id  JOIN shop_role_has_shop_node a ON a.role_id=r.id  JOIN shop_node n ON n.id = a.node_id WHERE ur.user_id=6 AND n.status=1 AND r.status=1 GROUP BY a.node_id ORDER BY n.sort ASC ;BindParams:array (
)42S22;1054;Unknown column 'n.level' in 'field list'
[ 2016-09-05T17:06:39+08:00 ]EXCEPTION: SELECT n.id,n.name,n.pid,n.level,n.title,n.show FROM shop_role_has_shop_admin ur JOIN shop_role r ON ur.role_id = r.id  JOIN shop_role_has_shop_node a ON a.role_id=r.id  JOIN shop_node n ON n.id = a.node_id WHERE ur.user_id=6 AND n.status=1 AND r.status=1 GROUP BY a.node_id ORDER BY n.sort ASC ;BindParams:array (
)42S22;1054;Unknown column 'n.level' in 'field list'
[ 2016-09-05T17:06:39+08:00 ]EXCEPTION: SELECT n.id,n.name,n.pid,n.level,n.title,n.show FROM shop_role_has_shop_admin ur JOIN shop_role r ON ur.role_id = r.id  JOIN shop_role_has_shop_node a ON a.role_id=r.id  JOIN shop_node n ON n.id = a.node_id WHERE ur.user_id=6 AND n.status=1 AND r.status=1 GROUP BY a.node_id ORDER BY n.sort ASC ;BindParams:array (
)42S22;1054;Unknown column 'n.level' in 'field list'
[ 2016-09-05T17:06:52+08:00 ]EXCEPTION: SELECT n.id,n.name,n.pid,n.level,n.title,n.show FROM shop_role_has_shop_admin ur JOIN shop_role r ON ur.role_id = r.id  JOIN shop_role_has_shop_node a ON a.role_id=r.id  JOIN shop_node n ON n.id = a.node_id WHERE ur.user_id=6 AND n.status=1 AND r.status=1 GROUP BY a.node_id ORDER BY n.sort ASC ;BindParams:array (
)42S22;1054;Unknown column 'n.level' in 'field list'
[ 2016-09-05T17:06:54+08:00 ]EXCEPTION: SELECT n.id,n.name,n.pid,n.level,n.title,n.show FROM shop_role_has_shop_admin ur JOIN shop_role r ON ur.role_id = r.id  JOIN shop_role_has_shop_node a ON a.role_id=r.id  JOIN shop_node n ON n.id = a.node_id WHERE ur.user_id=6 AND n.status=1 AND r.status=1 GROUP BY a.node_id ORDER BY n.sort ASC ;BindParams:array (
)42S22;1054;Unknown column 'n.level' in 'field list'
[ 2016-09-05T17:06:55+08:00 ]EXCEPTION: SELECT n.id,n.name,n.pid,n.level,n.title,n.show FROM shop_role_has_shop_admin ur JOIN shop_role r ON ur.role_id = r.id  JOIN shop_role_has_shop_node a ON a.role_id=r.id  JOIN shop_node n ON n.id = a.node_id WHERE ur.user_id=6 AND n.status=1 AND r.status=1 GROUP BY a.node_id ORDER BY n.sort ASC ;BindParams:array (
)42S22;1054;Unknown column 'n.level' in 'field list'
[ 2016-09-05T17:06:57+08:00 ]EXCEPTION: SELECT n.id,n.name,n.pid,n.level,n.title,n.show FROM shop_role_has_shop_admin ur JOIN shop_role r ON ur.role_id = r.id  JOIN shop_role_has_shop_node a ON a.role_id=r.id  JOIN shop_node n ON n.id = a.node_id WHERE ur.user_id=6 AND n.status=1 AND r.status=1 GROUP BY a.node_id ORDER BY n.sort ASC ;BindParams:array (
)42S22;1054;Unknown column 'n.level' in 'field list'
[ 2016-09-05T17:07:00+08:00 ]EXCEPTION: SELECT n.id,n.name,n.pid,n.level,n.title,n.show FROM shop_role_has_shop_admin ur JOIN shop_role r ON ur.role_id = r.id  JOIN shop_role_has_shop_node a ON a.role_id=r.id  JOIN shop_node n ON n.id = a.node_id WHERE ur.user_id=6 AND n.status=1 AND r.status=1 GROUP BY a.node_id ORDER BY n.sort ASC ;BindParams:array (
)42S22;1054;Unknown column 'n.level' in 'field list'
[ 2016-09-05T17:07:16+08:00 ]EXCEPTION: SELECT n.id,n.name,n.pid,n.level,n.title,n.show FROM shop_role_has_shop_admin ur JOIN shop_role r ON ur.role_id = r.id  JOIN shop_role_has_shop_node a ON a.role_id=r.id  JOIN shop_node n ON n.id = a.node_id WHERE ur.user_id=4 AND n.status=1 AND r.status=1 GROUP BY a.node_id ORDER BY n.sort ASC ;BindParams:array (
)42S22;1054;Unknown column 'n.level' in 'field list'
[ 2016-09-05T17:07:17+08:00 ]EXCEPTION: SELECT n.id,n.name,n.pid,n.level,n.title,n.show FROM shop_role_has_shop_admin ur JOIN shop_role r ON ur.role_id = r.id  JOIN shop_role_has_shop_node a ON a.role_id=r.id  JOIN shop_node n ON n.id = a.node_id WHERE ur.user_id=4 AND n.status=1 AND r.status=1 GROUP BY a.node_id ORDER BY n.sort ASC ;BindParams:array (
)42S22;1054;Unknown column 'n.level' in 'field list'
[ 2016-09-05T17:07:18+08:00 ]EXCEPTION: SELECT n.id,n.name,n.pid,n.level,n.title,n.show FROM shop_role_has_shop_admin ur JOIN shop_role r ON ur.role_id = r.id  JOIN shop_role_has_shop_node a ON a.role_id=r.id  JOIN shop_node n ON n.id = a.node_id WHERE ur.user_id=4 AND n.status=1 AND r.status=1 GROUP BY a.node_id ORDER BY n.sort ASC ;BindParams:array (
)42S22;1054;Unknown column 'n.level' in 'field list'
[ 2016-09-05T17:07:18+08:00 ]EXCEPTION: SELECT n.id,n.name,n.pid,n.level,n.title,n.show FROM shop_role_has_shop_admin ur JOIN shop_role r ON ur.role_id = r.id  JOIN shop_role_has_shop_node a ON a.role_id=r.id  JOIN shop_node n ON n.id = a.node_id WHERE ur.user_id=4 AND n.status=1 AND r.status=1 GROUP BY a.node_id ORDER BY n.sort ASC ;BindParams:array (
)42S22;1054;Unknown column 'n.level' in 'field list'
[ 2016-09-05T17:07:19+08:00 ]EXCEPTION: SELECT n.id,n.name,n.pid,n.level,n.title,n.show FROM shop_role_has_shop_admin ur JOIN shop_role r ON ur.role_id = r.id  JOIN shop_role_has_shop_node a ON a.role_id=r.id  JOIN shop_node n ON n.id = a.node_id WHERE ur.user_id=4 AND n.status=1 AND r.status=1 GROUP BY a.node_id ORDER BY n.sort ASC ;BindParams:array (
)42S22;1054;Unknown column 'n.level' in 'field list'
[ 2016-09-05T17:07:20+08:00 ]EXCEPTION: SELECT n.id,n.name,n.pid,n.level,n.title,n.show FROM shop_role_has_shop_admin ur JOIN shop_role r ON ur.role_id = r.id  JOIN shop_role_has_shop_node a ON a.role_id=r.id  JOIN shop_node n ON n.id = a.node_id WHERE ur.user_id=4 AND n.status=1 AND r.status=1 GROUP BY a.node_id ORDER BY n.sort ASC ;BindParams:array (
)42S22;1054;Unknown column 'n.level' in 'field list'
[ 2016-09-05T17:07:21+08:00 ]EXCEPTION: SELECT n.id,n.name,n.pid,n.level,n.title,n.show FROM shop_role_has_shop_admin ur JOIN shop_role r ON ur.role_id = r.id  JOIN shop_role_has_shop_node a ON a.role_id=r.id  JOIN shop_node n ON n.id = a.node_id WHERE ur.user_id=4 AND n.status=1 AND r.status=1 GROUP BY a.node_id ORDER BY n.sort ASC ;BindParams:array (
)42S22;1054;Unknown column 'n.level' in 'field list'
[ 2016-09-05T17:07:54+08:00 ]EXCEPTION: SELECT n.id,n.name,n.pid,n.level,n.title,n.show FROM shop_role_has_shop_admin ur JOIN shop_role r ON ur.role_id = r.id  JOIN shop_role_has_shop_node a ON a.role_id=r.id  JOIN shop_node n ON n.id = a.node_id WHERE ur.user_id=4 AND n.status=1 AND r.status=1 GROUP BY a.node_id ORDER BY n.sort ASC ;BindParams:array (
)42S22;1054;Unknown column 'n.level' in 'field list'
[ 2016-09-05T17:07:55+08:00 ]EXCEPTION: SELECT n.id,n.name,n.pid,n.level,n.title,n.show FROM shop_role_has_shop_admin ur JOIN shop_role r ON ur.role_id = r.id  JOIN shop_role_has_shop_node a ON a.role_id=r.id  JOIN shop_node n ON n.id = a.node_id WHERE ur.user_id=4 AND n.status=1 AND r.status=1 GROUP BY a.node_id ORDER BY n.sort ASC ;BindParams:array (
)42S22;1054;Unknown column 'n.level' in 'field list'
[ 2016-09-05T17:07:55+08:00 ]EXCEPTION: SELECT n.id,n.name,n.pid,n.level,n.title,n.show FROM shop_role_has_shop_admin ur JOIN shop_role r ON ur.role_id = r.id  JOIN shop_role_has_shop_node a ON a.role_id=r.id  JOIN shop_node n ON n.id = a.node_id WHERE ur.user_id=4 AND n.status=1 AND r.status=1 GROUP BY a.node_id ORDER BY n.sort ASC ;BindParams:array (
)42S22;1054;Unknown column 'n.level' in 'field list'
[ 2016-09-05T17:07:56+08:00 ]EXCEPTION: SELECT n.id,n.name,n.pid,n.level,n.title,n.show FROM shop_role_has_shop_admin ur JOIN shop_role r ON ur.role_id = r.id  JOIN shop_role_has_shop_node a ON a.role_id=r.id  JOIN shop_node n ON n.id = a.node_id WHERE ur.user_id=4 AND n.status=1 AND r.status=1 GROUP BY a.node_id ORDER BY n.sort ASC ;BindParams:array (
)42S22;1054;Unknown column 'n.level' in 'field list'
[ 2016-09-05T17:07:56+08:00 ]EXCEPTION: SELECT n.id,n.name,n.pid,n.level,n.title,n.show FROM shop_role_has_shop_admin ur JOIN shop_role r ON ur.role_id = r.id  JOIN shop_role_has_shop_node a ON a.role_id=r.id  JOIN shop_node n ON n.id = a.node_id WHERE ur.user_id=4 AND n.status=1 AND r.status=1 GROUP BY a.node_id ORDER BY n.sort ASC ;BindParams:array (
)42S22;1054;Unknown column 'n.level' in 'field list'
[ 2016-09-05T17:07:57+08:00 ]EXCEPTION: SELECT n.id,n.name,n.pid,n.level,n.title,n.show FROM shop_role_has_shop_admin ur JOIN shop_role r ON ur.role_id = r.id  JOIN shop_role_has_shop_node a ON a.role_id=r.id  JOIN shop_node n ON n.id = a.node_id WHERE ur.user_id=4 AND n.status=1 AND r.status=1 GROUP BY a.node_id ORDER BY n.sort ASC ;BindParams:array (
)42S22;1054;Unknown column 'n.level' in 'field list'
[ 2016-09-05T17:07:57+08:00 ]EXCEPTION: SELECT n.id,n.name,n.pid,n.level,n.title,n.show FROM shop_role_has_shop_admin ur JOIN shop_role r ON ur.role_id = r.id  JOIN shop_role_has_shop_node a ON a.role_id=r.id  JOIN shop_node n ON n.id = a.node_id WHERE ur.user_id=4 AND n.status=1 AND r.status=1 GROUP BY a.node_id ORDER BY n.sort ASC ;BindParams:array (
)42S22;1054;Unknown column 'n.level' in 'field list'
[ 2016-09-05T17:07:58+08:00 ]EXCEPTION: SELECT n.id,n.name,n.pid,n.level,n.title,n.show FROM shop_role_has_shop_admin ur JOIN shop_role r ON ur.role_id = r.id  JOIN shop_role_has_shop_node a ON a.role_id=r.id  JOIN shop_node n ON n.id = a.node_id WHERE ur.user_id=4 AND n.status=1 AND r.status=1 GROUP BY a.node_id ORDER BY n.sort ASC ;BindParams:array (
)42S22;1054;Unknown column 'n.level' in 'field list'
[ 2016-09-05T17:08:17+08:00 ]EXCEPTION: SELECT n.id,n.name,n.pid,n.level,n.title,n.show FROM shop_role_has_shop_admin ur JOIN shop_role r ON ur.role_id = r.id  JOIN shop_role_has_shop_node a ON a.role_id=r.id  JOIN shop_node n ON n.id = a.node_id WHERE ur.user_id=4 AND n.status=1 AND r.status=1 GROUP BY a.node_id ORDER BY n.sort ASC ;BindParams:array (
)42S22;1054;Unknown column 'n.level' in 'field list'
[ 2016-09-05T17:09:35+08:00 ]EXCEPTION: SELECT n.id,n.name,n.pid,n.level,n.title,n.show FROM shop_role_has_shop_admin ur JOIN shop_role r ON ur.role_id = r.id  JOIN shop_role_has_shop_node a ON a.role_id=r.id  JOIN shop_node n ON n.id = a.node_id WHERE ur.user_id=4 AND n.status=1 AND r.status=1 GROUP BY a.node_id ORDER BY n.sort ASC ;BindParams:array (
)42S22;1054;Unknown column 'n.level' in 'field list'
[ 2016-09-05T17:12:17+08:00 ]EXCEPTION: SELECT n.id,n.name,n.pid,n.level,n.title,n.show FROM shop_role_has_shop_admin ur JOIN shop_role r ON ur.role_id = r.id  JOIN shop_role_has_shop_node a ON a.role_id=r.id  JOIN shop_node n ON n.id = a.node_id WHERE ur.user_id=4 AND n.status=1 AND r.status=1 GROUP BY a.node_id ORDER BY n.sort ASC ;BindParams:array (
)42S22;1054;Unknown column 'n.level' in 'field list'
[ 2016-09-05T17:17:55+08:00 ]EXCEPTION: SELECT n.id,n.name,n.pid,n.level,n.title,n.show FROM shop_role_has_shop_admin ur JOIN shop_role r ON ur.role_id = r.id  JOIN shop_role_has_shop_node a ON a.role_id=r.id  JOIN shop_node n ON n.id = a.node_id WHERE ur.user_id=4 AND n.status=1 AND r.status=1 GROUP BY a.node_id ORDER BY n.sort ASC ;BindParams:array (
)42S22;1054;Unknown column 'n.level' in 'field list'
[ 2016-09-05T17:17:56+08:00 ]EXCEPTION: SELECT n.id,n.name,n.pid,n.level,n.title,n.show FROM shop_role_has_shop_admin ur JOIN shop_role r ON ur.role_id = r.id  JOIN shop_role_has_shop_node a ON a.role_id=r.id  JOIN shop_node n ON n.id = a.node_id WHERE ur.user_id=4 AND n.status=1 AND r.status=1 GROUP BY a.node_id ORDER BY n.sort ASC ;BindParams:array (
)42S22;1054;Unknown column 'n.level' in 'field list'
[ 2016-09-05T17:17:56+08:00 ]EXCEPTION: SELECT n.id,n.name,n.pid,n.level,n.title,n.show FROM shop_role_has_shop_admin ur JOIN shop_role r ON ur.role_id = r.id  JOIN shop_role_has_shop_node a ON a.role_id=r.id  JOIN shop_node n ON n.id = a.node_id WHERE ur.user_id=4 AND n.status=1 AND r.status=1 GROUP BY a.node_id ORDER BY n.sort ASC ;BindParams:array (
)42S22;1054;Unknown column 'n.level' in 'field list'
[ 2016-09-05T17:17:57+08:00 ]EXCEPTION: SELECT n.id,n.name,n.pid,n.level,n.title,n.show FROM shop_role_has_shop_admin ur JOIN shop_role r ON ur.role_id = r.id  JOIN shop_role_has_shop_node a ON a.role_id=r.id  JOIN shop_node n ON n.id = a.node_id WHERE ur.user_id=4 AND n.status=1 AND r.status=1 GROUP BY a.node_id ORDER BY n.sort ASC ;BindParams:array (
)42S22;1054;Unknown column 'n.level' in 'field list'
[ 2016-09-05T17:17:57+08:00 ]EXCEPTION: SELECT n.id,n.name,n.pid,n.level,n.title,n.show FROM shop_role_has_shop_admin ur JOIN shop_role r ON ur.role_id = r.id  JOIN shop_role_has_shop_node a ON a.role_id=r.id  JOIN shop_node n ON n.id = a.node_id WHERE ur.user_id=4 AND n.status=1 AND r.status=1 GROUP BY a.node_id ORDER BY n.sort ASC ;BindParams:array (
)42S22;1054;Unknown column 'n.level' in 'field list'
[ 2016-09-05T17:17:58+08:00 ]EXCEPTION: SELECT n.id,n.name,n.pid,n.level,n.title,n.show FROM shop_role_has_shop_admin ur JOIN shop_role r ON ur.role_id = r.id  JOIN shop_role_has_shop_node a ON a.role_id=r.id  JOIN shop_node n ON n.id = a.node_id WHERE ur.user_id=4 AND n.status=1 AND r.status=1 GROUP BY a.node_id ORDER BY n.sort ASC ;BindParams:array (
)42S22;1054;Unknown column 'n.level' in 'field list'
[ 2016-09-05T17:17:58+08:00 ]EXCEPTION: SELECT n.id,n.name,n.pid,n.level,n.title,n.show FROM shop_role_has_shop_admin ur JOIN shop_role r ON ur.role_id = r.id  JOIN shop_role_has_shop_node a ON a.role_id=r.id  JOIN shop_node n ON n.id = a.node_id WHERE ur.user_id=4 AND n.status=1 AND r.status=1 GROUP BY a.node_id ORDER BY n.sort ASC ;BindParams:array (
)42S22;1054;Unknown column 'n.level' in 'field list'
[ 2016-09-05T17:17:59+08:00 ]EXCEPTION: SELECT n.id,n.name,n.pid,n.level,n.title,n.show FROM shop_role_has_shop_admin ur JOIN shop_role r ON ur.role_id = r.id  JOIN shop_role_has_shop_node a ON a.role_id=r.id  JOIN shop_node n ON n.id = a.node_id WHERE ur.user_id=4 AND n.status=1 AND r.status=1 GROUP BY a.node_id ORDER BY n.sort ASC ;BindParams:array (
)42S22;1054;Unknown column 'n.level' in 'field list'
[ 2016-09-05T17:17:59+08:00 ]EXCEPTION: SELECT n.id,n.name,n.pid,n.level,n.title,n.show FROM shop_role_has_shop_admin ur JOIN shop_role r ON ur.role_id = r.id  JOIN shop_role_has_shop_node a ON a.role_id=r.id  JOIN shop_node n ON n.id = a.node_id WHERE ur.user_id=4 AND n.status=1 AND r.status=1 GROUP BY a.node_id ORDER BY n.sort ASC ;BindParams:array (
)42S22;1054;Unknown column 'n.level' in 'field list'
[ 2016-09-05T17:18:00+08:00 ]EXCEPTION: SELECT n.id,n.name,n.pid,n.level,n.title,n.show FROM shop_role_has_shop_admin ur JOIN shop_role r ON ur.role_id = r.id  JOIN shop_role_has_shop_node a ON a.role_id=r.id  JOIN shop_node n ON n.id = a.node_id WHERE ur.user_id=4 AND n.status=1 AND r.status=1 GROUP BY a.node_id ORDER BY n.sort ASC ;BindParams:array (
)42S22;1054;Unknown column 'n.level' in 'field list'
[ 2016-09-05T17:18:00+08:00 ]EXCEPTION: SELECT n.id,n.name,n.pid,n.level,n.title,n.show FROM shop_role_has_shop_admin ur JOIN shop_role r ON ur.role_id = r.id  JOIN shop_role_has_shop_node a ON a.role_id=r.id  JOIN shop_node n ON n.id = a.node_id WHERE ur.user_id=4 AND n.status=1 AND r.status=1 GROUP BY a.node_id ORDER BY n.sort ASC ;BindParams:array (
)42S22;1054;Unknown column 'n.level' in 'field list'
[ 2016-09-05T17:18:00+08:00 ]EXCEPTION: SELECT n.id,n.name,n.pid,n.level,n.title,n.show FROM shop_role_has_shop_admin ur JOIN shop_role r ON ur.role_id = r.id  JOIN shop_role_has_shop_node a ON a.role_id=r.id  JOIN shop_node n ON n.id = a.node_id WHERE ur.user_id=4 AND n.status=1 AND r.status=1 GROUP BY a.node_id ORDER BY n.sort ASC ;BindParams:array (
)42S22;1054;Unknown column 'n.level' in 'field list'
[ 2016-09-05T17:18:01+08:00 ]EXCEPTION: SELECT n.id,n.name,n.pid,n.level,n.title,n.show FROM shop_role_has_shop_admin ur JOIN shop_role r ON ur.role_id = r.id  JOIN shop_role_has_shop_node a ON a.role_id=r.id  JOIN shop_node n ON n.id = a.node_id WHERE ur.user_id=4 AND n.status=1 AND r.status=1 GROUP BY a.node_id ORDER BY n.sort ASC ;BindParams:array (
)42S22;1054;Unknown column 'n.level' in 'field list'
[ 2016-09-05T17:18:02+08:00 ]EXCEPTION: SELECT n.id,n.name,n.pid,n.level,n.title,n.show FROM shop_role_has_shop_admin ur JOIN shop_role r ON ur.role_id = r.id  JOIN shop_role_has_shop_node a ON a.role_id=r.id  JOIN shop_node n ON n.id = a.node_id WHERE ur.user_id=4 AND n.status=1 AND r.status=1 GROUP BY a.node_id ORDER BY n.sort ASC ;BindParams:array (
)42S22;1054;Unknown column 'n.level' in 'field list'
[ 2016-09-05T17:18:02+08:00 ]EXCEPTION: SELECT n.id,n.name,n.pid,n.level,n.title,n.show FROM shop_role_has_shop_admin ur JOIN shop_role r ON ur.role_id = r.id  JOIN shop_role_has_shop_node a ON a.role_id=r.id  JOIN shop_node n ON n.id = a.node_id WHERE ur.user_id=4 AND n.status=1 AND r.status=1 GROUP BY a.node_id ORDER BY n.sort ASC ;BindParams:array (
)42S22;1054;Unknown column 'n.level' in 'field list'
[ 2016-09-05T17:18:02+08:00 ]EXCEPTION: SELECT n.id,n.name,n.pid,n.level,n.title,n.show FROM shop_role_has_shop_admin ur JOIN shop_role r ON ur.role_id = r.id  JOIN shop_role_has_shop_node a ON a.role_id=r.id  JOIN shop_node n ON n.id = a.node_id WHERE ur.user_id=4 AND n.status=1 AND r.status=1 GROUP BY a.node_id ORDER BY n.sort ASC ;BindParams:array (
)42S22;1054;Unknown column 'n.level' in 'field list'
[ 2016-09-05T17:18:03+08:00 ]EXCEPTION: SELECT n.id,n.name,n.pid,n.level,n.title,n.show FROM shop_role_has_shop_admin ur JOIN shop_role r ON ur.role_id = r.id  JOIN shop_role_has_shop_node a ON a.role_id=r.id  JOIN shop_node n ON n.id = a.node_id WHERE ur.user_id=4 AND n.status=1 AND r.status=1 GROUP BY a.node_id ORDER BY n.sort ASC ;BindParams:array (
)42S22;1054;Unknown column 'n.level' in 'field list'
[ 2016-09-05T17:18:03+08:00 ]EXCEPTION: SELECT n.id,n.name,n.pid,n.level,n.title,n.show FROM shop_role_has_shop_admin ur JOIN shop_role r ON ur.role_id = r.id  JOIN shop_role_has_shop_node a ON a.role_id=r.id  JOIN shop_node n ON n.id = a.node_id WHERE ur.user_id=4 AND n.status=1 AND r.status=1 GROUP BY a.node_id ORDER BY n.sort ASC ;BindParams:array (
)42S22;1054;Unknown column 'n.level' in 'field list'
[ 2016-09-05T17:18:04+08:00 ]EXCEPTION: SELECT n.id,n.name,n.pid,n.level,n.title,n.show FROM shop_role_has_shop_admin ur JOIN shop_role r ON ur.role_id = r.id  JOIN shop_role_has_shop_node a ON a.role_id=r.id  JOIN shop_node n ON n.id = a.node_id WHERE ur.user_id=4 AND n.status=1 AND r.status=1 GROUP BY a.node_id ORDER BY n.sort ASC ;BindParams:array (
)42S22;1054;Unknown column 'n.level' in 'field list'
[ 2016-09-05T17:21:02+08:00 ]EXCEPTION: SELECT n.id,n.name,n.pid,n.level,n.title,n.show FROM shop_role_has_shop_admin ur JOIN shop_role r ON ur.role_id = r.id  JOIN shop_role_has_shop_node a ON a.role_id=r.id  JOIN shop_node n ON n.id = a.node_id WHERE ur.user_id=6 AND n.status=1 AND r.status=1 GROUP BY a.node_id ORDER BY n.sort ASC ;BindParams:array (
)42S22;1054;Unknown column 'n.level' in 'field list'
[ 2016-09-05T17:22:21+08:00 ]EXCEPTION: SELECT n.id,n.name,n.pid,n.level,n.title,n.show FROM shop_role_has_shop_admin ur JOIN shop_role r ON ur.role_id = r.id  JOIN shop_role_has_shop_node a ON a.role_id=r.id  JOIN shop_node n ON n.id = a.node_id WHERE ur.user_id=6 AND n.status=1 AND r.status=1 GROUP BY a.node_id ORDER BY n.sort ASC ;BindParams:array (
)42S22;1054;Unknown column 'n.level' in 'field list'
[ 2016-09-05T17:24:09+08:00 ]EXCEPTION: SELECT n.id,n.name,n.pid,n.level,n.title,n.show FROM shop_role_has_shop_admin ur JOIN shop_role r ON ur.role_id = r.id  JOIN shop_role_has_shop_node a ON a.role_id=r.id  JOIN shop_node n ON n.id = a.node_id WHERE ur.user_id=6 AND n.status=1 AND r.status=1 GROUP BY a.node_id ORDER BY n.sort ASC ;BindParams:array (
)42S22;1054;Unknown column 'n.level' in 'field list'
[ 2016-09-05T17:25:04+08:00 ]EXCEPTION: SELECT n.id,n.name,n.pid,n.level,n.title,n.show FROM shop_role_has_shop_admin ur JOIN shop_role r ON ur.role_id = r.id  JOIN shop_role_has_shop_node a ON a.role_id=r.id  JOIN shop_node n ON n.id = a.node_id WHERE ur.user_id=6 AND n.status=1 AND r.status=1 GROUP BY a.node_id ORDER BY n.sort ASC ;BindParams:array (
)42S22;1054;Unknown column 'n.level' in 'field list'
[ 2016-09-05T17:25:04+08:00 ]EXCEPTION: SELECT n.id,n.name,n.pid,n.level,n.title,n.show FROM shop_role_has_shop_admin ur JOIN shop_role r ON ur.role_id = r.id  JOIN shop_role_has_shop_node a ON a.role_id=r.id  JOIN shop_node n ON n.id = a.node_id WHERE ur.user_id=6 AND n.status=1 AND r.status=1 GROUP BY a.node_id ORDER BY n.sort ASC ;BindParams:array (
)42S22;1054;Unknown column 'n.level' in 'field list'
