[ 2016-08-12T14:44:49+08:00 ]EXCEPTION: Admin\Controller\ShoptypeController 不存在
[ 2016-08-12T14:45:17+08:00 ]EXCEPTION: Admin\Controller\ShoptypeController 不存在
[ 2016-08-12T15:22:06+08:00 ]NOTICE: Undefined variable: vD:\wamp\www\shop\Storage\view\compile\deb851ff09742eb74871f1381b9b89aa.php (31).
[ 2016-08-12T15:22:06+08:00 ]NOTICE: Undefined variable: vD:\wamp\www\shop\Storage\view\compile\deb851ff09742eb74871f1381b9b89aa.php (32).
[ 2016-08-12T15:22:06+08:00 ]NOTICE: Undefined variable: vD:\wamp\www\shop\Storage\view\compile\deb851ff09742eb74871f1381b9b89aa.php (34).
[ 2016-08-12T16:23:06+08:00 ]NOTICE: Undefined variable: vD:\wamp\www\shop\Storage\view\compile\ed8ab098b3fa21f2679e9ee6e58be49f.php (30).
[ 2016-08-12T16:40:40+08:00 ]EXCEPTION: Method Admin\Controller\ShoptypeController::attr() does not exist
[ 2016-08-12T16:51:04+08:00 ]EXCEPTION: Method Admin\Controller\ShoptypeController::attr() does not exist
[ 2016-08-12T17:23:31+08:00 ]EXCEPTION: SELECT  *  FROM shop_type_attr WHERE shop_type_tid= ;BindParams:array (
)42000;1064;Erreur de syntaxe près de '' à la ligne 1
[ 2016-08-12T17:35:53+08:00 ]NOTICE: Undefined variable: tidD:\wamp\www\shop\Storage\view\compile\e0a12ba2d4b47bf4568c1edf8cd713b0.php (36).
[ 2016-08-12T17:51:39+08:00 ]NOTICE: Undefined variable: vD:\wamp\www\shop\Storage\view\compile\e0a12ba2d4b47bf4568c1edf8cd713b0.php (18).
[ 2016-08-12T17:51:39+08:00 ]NOTICE: Undefined variable: vD:\wamp\www\shop\Storage\view\compile\e0a12ba2d4b47bf4568c1edf8cd713b0.php (36).
[ 2016-08-12T17:54:37+08:00 ]NOTICE: Undefined variable: vD:\wamp\www\shop\Storage\view\compile\e0a12ba2d4b47bf4568c1edf8cd713b0.php (36).
[ 2016-08-12T17:54:59+08:00 ]NOTICE: Undefined variable: vD:\wamp\www\shop\Storage\view\compile\e0a12ba2d4b47bf4568c1edf8cd713b0.php (36).
[ 2016-08-12T17:55:00+08:00 ]NOTICE: Undefined variable: vD:\wamp\www\shop\Storage\view\compile\e0a12ba2d4b47bf4568c1edf8cd713b0.php (36).
[ 2016-08-12T17:55:01+08:00 ]NOTICE: Undefined variable: vD:\wamp\www\shop\Storage\view\compile\e0a12ba2d4b47bf4568c1edf8cd713b0.php (36).
[ 2016-08-12T17:55:01+08:00 ]NOTICE: Undefined variable: vD:\wamp\www\shop\Storage\view\compile\e0a12ba2d4b47bf4568c1edf8cd713b0.php (36).
[ 2016-08-12T17:55:22+08:00 ]NOTICE: Undefined variable: vD:\wamp\www\shop\Storage\view\compile\e0a12ba2d4b47bf4568c1edf8cd713b0.php (36).
[ 2016-08-12T17:57:50+08:00 ]NOTICE: Undefined variable: vD:\wamp\www\shop\Storage\view\compile\e0a12ba2d4b47bf4568c1edf8cd713b0.php (37).
