[ 2016-08-20T11:01:47+08:00 ]NOTICE: Array to string conversionD:\wamp\www\shop\Hdphp\Db\Mysql.php (204).
[ 2016-08-20T16:48:47+08:00 ]NOTICE: Invalid argument supplied for foreach()D:\wamp\www\shop\Storage\view\compile\0c28e7150ba5d668f4a1564650d3d0d8.php (809).
[ 2016-08-20T16:49:15+08:00 ]NOTICE: Invalid argument supplied for foreach()D:\wamp\www\shop\Storage\view\compile\0c28e7150ba5d668f4a1564650d3d0d8.php (809).
[ 2016-08-20T16:49:16+08:00 ]NOTICE: Invalid argument supplied for foreach()D:\wamp\www\shop\Storage\view\compile\0c28e7150ba5d668f4a1564650d3d0d8.php (809).
[ 2016-08-20T16:50:17+08:00 ]NOTICE: Invalid argument supplied for foreach()D:\wamp\www\shop\Storage\view\compile\0c28e7150ba5d668f4a1564650d3d0d8.php (809).
[ 2016-08-20T16:51:58+08:00 ]NOTICE: Invalid argument supplied for foreach()D:\wamp\www\shop\Storage\view\compile\0c28e7150ba5d668f4a1564650d3d0d8.php (809).
[ 2016-08-20T16:52:34+08:00 ]NOTICE: Invalid argument supplied for foreach()D:\wamp\www\shop\Storage\view\compile\0c28e7150ba5d668f4a1564650d3d0d8.php (809).
[ 2016-08-20T17:52:11+08:00 ]NOTICE: Illegal string offset 'cid'D:\wamp\www\shop\App\Home\Controller\IndexController.php (40).
[ 2016-08-20T17:52:11+08:00 ]NOTICE: Illegal string offset 'cid'D:\wamp\www\shop\App\Home\Controller\IndexController.php (40).
[ 2016-08-20T17:52:11+08:00 ]NOTICE: Illegal string offset 'cid'D:\wamp\www\shop\App\Home\Controller\IndexController.php (40).
[ 2016-08-20T17:52:11+08:00 ]NOTICE: Illegal string offset 'cid'D:\wamp\www\shop\App\Home\Controller\IndexController.php (40).
[ 2016-08-20T17:52:11+08:00 ]NOTICE: Illegal string offset 'cid'D:\wamp\www\shop\App\Home\Controller\IndexController.php (40).
[ 2016-08-20T17:57:30+08:00 ]NOTICE: Array to string conversionD:\wamp\www\shop\App\Home\Controller\IndexController.php (43).
[ 2016-08-20T17:57:46+08:00 ]NOTICE: explode() expects parameter 2 to be string, array givenD:\wamp\www\shop\App\Home\Controller\IndexController.php (43).
[ 2016-08-20T17:58:45+08:00 ]NOTICE: explode() expects parameter 2 to be string, array givenD:\wamp\www\shop\App\Home\Controller\IndexController.php (47).
[ 2016-08-20T17:58:45+08:00 ]NOTICE: explode() expects parameter 2 to be string, array givenD:\wamp\www\shop\App\Home\Controller\IndexController.php (47).
[ 2016-08-20T17:58:45+08:00 ]NOTICE: explode() expects parameter 2 to be string, array givenD:\wamp\www\shop\App\Home\Controller\IndexController.php (47).
[ 2016-08-20T17:58:45+08:00 ]NOTICE: explode() expects parameter 2 to be string, array givenD:\wamp\www\shop\App\Home\Controller\IndexController.php (47).
[ 2016-08-20T17:58:45+08:00 ]NOTICE: explode() expects parameter 2 to be string, array givenD:\wamp\www\shop\App\Home\Controller\IndexController.php (47).
[ 2016-08-20T17:58:45+08:00 ]NOTICE: explode() expects parameter 2 to be string, array givenD:\wamp\www\shop\App\Home\Controller\IndexController.php (47).
[ 2016-08-20T17:58:45+08:00 ]NOTICE: explode() expects parameter 2 to be string, array givenD:\wamp\www\shop\App\Home\Controller\IndexController.php (47).
[ 2016-08-20T18:08:09+08:00 ]EXCEPTION: SELECT  *  FROM shop_lists WHERE shop_category = 65 ;BindParams:array (
)42S22;1054;Unknown column 'shop_category' in 'where clause'
[ 2016-08-20T18:15:14+08:00 ]NOTICE: Undefined index: shopD:\wamp\www\shop\Storage\view\compile\0c28e7150ba5d668f4a1564650d3d0d8.php (897).
[ 2016-08-20T18:15:14+08:00 ]NOTICE: Invalid argument supplied for foreach()D:\wamp\www\shop\Storage\view\compile\0c28e7150ba5d668f4a1564650d3d0d8.php (897).
[ 2016-08-20T18:15:14+08:00 ]NOTICE: Undefined index: shopD:\wamp\www\shop\Storage\view\compile\0c28e7150ba5d668f4a1564650d3d0d8.php (897).
[ 2016-08-20T18:15:14+08:00 ]NOTICE: Invalid argument supplied for foreach()D:\wamp\www\shop\Storage\view\compile\0c28e7150ba5d668f4a1564650d3d0d8.php (897).
[ 2016-08-20T18:15:14+08:00 ]NOTICE: Undefined index: shopD:\wamp\www\shop\Storage\view\compile\0c28e7150ba5d668f4a1564650d3d0d8.php (897).
[ 2016-08-20T18:15:14+08:00 ]NOTICE: Invalid argument supplied for foreach()D:\wamp\www\shop\Storage\view\compile\0c28e7150ba5d668f4a1564650d3d0d8.php (897).
[ 2016-08-20T18:15:14+08:00 ]NOTICE: Undefined index: shopD:\wamp\www\shop\Storage\view\compile\0c28e7150ba5d668f4a1564650d3d0d8.php (897).
[ 2016-08-20T18:15:14+08:00 ]NOTICE: Invalid argument supplied for foreach()D:\wamp\www\shop\Storage\view\compile\0c28e7150ba5d668f4a1564650d3d0d8.php (897).
[ 2016-08-20T18:15:14+08:00 ]NOTICE: Undefined index: shopD:\wamp\www\shop\Storage\view\compile\0c28e7150ba5d668f4a1564650d3d0d8.php (897).
[ 2016-08-20T18:15:14+08:00 ]NOTICE: Invalid argument supplied for foreach()D:\wamp\www\shop\Storage\view\compile\0c28e7150ba5d668f4a1564650d3d0d8.php (897).
[ 2016-08-20T18:15:14+08:00 ]NOTICE: Undefined index: shopD:\wamp\www\shop\Storage\view\compile\0c28e7150ba5d668f4a1564650d3d0d8.php (897).
[ 2016-08-20T18:15:14+08:00 ]NOTICE: Invalid argument supplied for foreach()D:\wamp\www\shop\Storage\view\compile\0c28e7150ba5d668f4a1564650d3d0d8.php (897).
[ 2016-08-20T18:15:39+08:00 ]NOTICE: Undefined index: shopD:\wamp\www\shop\Storage\view\compile\0c28e7150ba5d668f4a1564650d3d0d8.php (897).
[ 2016-08-20T18:15:39+08:00 ]NOTICE: Invalid argument supplied for foreach()D:\wamp\www\shop\Storage\view\compile\0c28e7150ba5d668f4a1564650d3d0d8.php (897).
[ 2016-08-20T18:15:39+08:00 ]NOTICE: Undefined index: shopD:\wamp\www\shop\Storage\view\compile\0c28e7150ba5d668f4a1564650d3d0d8.php (897).
[ 2016-08-20T18:15:39+08:00 ]NOTICE: Invalid argument supplied for foreach()D:\wamp\www\shop\Storage\view\compile\0c28e7150ba5d668f4a1564650d3d0d8.php (897).
[ 2016-08-20T18:15:39+08:00 ]NOTICE: Undefined index: shopD:\wamp\www\shop\Storage\view\compile\0c28e7150ba5d668f4a1564650d3d0d8.php (897).
[ 2016-08-20T18:15:39+08:00 ]NOTICE: Invalid argument supplied for foreach()D:\wamp\www\shop\Storage\view\compile\0c28e7150ba5d668f4a1564650d3d0d8.php (897).
[ 2016-08-20T18:15:39+08:00 ]NOTICE: Undefined index: shopD:\wamp\www\shop\Storage\view\compile\0c28e7150ba5d668f4a1564650d3d0d8.php (897).
[ 2016-08-20T18:15:39+08:00 ]NOTICE: Invalid argument supplied for foreach()D:\wamp\www\shop\Storage\view\compile\0c28e7150ba5d668f4a1564650d3d0d8.php (897).
[ 2016-08-20T18:15:39+08:00 ]NOTICE: Undefined index: shopD:\wamp\www\shop\Storage\view\compile\0c28e7150ba5d668f4a1564650d3d0d8.php (897).
[ 2016-08-20T18:15:39+08:00 ]NOTICE: Invalid argument supplied for foreach()D:\wamp\www\shop\Storage\view\compile\0c28e7150ba5d668f4a1564650d3d0d8.php (897).
[ 2016-08-20T18:15:39+08:00 ]NOTICE: Undefined index: shopD:\wamp\www\shop\Storage\view\compile\0c28e7150ba5d668f4a1564650d3d0d8.php (897).
[ 2016-08-20T18:15:39+08:00 ]NOTICE: Invalid argument supplied for foreach()D:\wamp\www\shop\Storage\view\compile\0c28e7150ba5d668f4a1564650d3d0d8.php (897).
[ 2016-08-20T21:49:20+08:00 ]EXCEPTION: SELECT  *  FROM shop_lists INNER JOIN shop_edu ON shop_lists_gid = gid WHERE  gid=?  LIMIT 1 ;BindParams:array (
  0 => 2,
)42S02;1146;Table 'shop_edu.shop_edu' doesn't exist
[ 2016-08-20T21:49:58+08:00 ]EXCEPTION: SELECT  *  FROM shop_lists INNER JOIN shop_edu ON shop_lists_gid = 2 WHERE  gid=?  LIMIT 1 ;BindParams:array (
  0 => 2,
)42S02;1146;Table 'shop_edu.shop_edu' doesn't exist
[ 2016-08-20T21:52:50+08:00 ]NOTICE: implode(): Invalid arguments passedD:\wamp\www\shop\App\Home\Controller\ShopController.php (19).
[ 2016-08-20T22:26:31+08:00 ]NOTICE: Array to string conversionD:\wamp\www\shop\App\Home\Controller\ShopController.php (25).
