[ 2016-08-21T10:07:34+08:00 ]NOTICE: Undefined index: threeD:\wamp\www\shop\Storage\view\compile\6b961cb7a9e2e820637ca704ff02828d.php (72).
[ 2016-08-21T10:07:35+08:00 ]NOTICE: Invalid argument supplied for foreach()D:\wamp\www\shop\Storage\view\compile\6b961cb7a9e2e820637ca704ff02828d.php (72).
[ 2016-08-21T10:07:35+08:00 ]NOTICE: Undefined index: threeD:\wamp\www\shop\Storage\view\compile\6b961cb7a9e2e820637ca704ff02828d.php (72).
[ 2016-08-21T10:07:35+08:00 ]NOTICE: Invalid argument supplied for foreach()D:\wamp\www\shop\Storage\view\compile\6b961cb7a9e2e820637ca704ff02828d.php (72).
[ 2016-08-21T10:07:35+08:00 ]NOTICE: Undefined index: threeD:\wamp\www\shop\Storage\view\compile\6b961cb7a9e2e820637ca704ff02828d.php (72).
[ 2016-08-21T10:07:35+08:00 ]NOTICE: Invalid argument supplied for foreach()D:\wamp\www\shop\Storage\view\compile\6b961cb7a9e2e820637ca704ff02828d.php (72).
[ 2016-08-21T10:08:19+08:00 ]NOTICE: Undefined index: threeD:\wamp\www\shop\Storage\view\compile\6b961cb7a9e2e820637ca704ff02828d.php (71).
[ 2016-08-21T10:08:19+08:00 ]NOTICE: Invalid argument supplied for foreach()D:\wamp\www\shop\Storage\view\compile\6b961cb7a9e2e820637ca704ff02828d.php (71).
[ 2016-08-21T10:08:19+08:00 ]NOTICE: Undefined index: threeD:\wamp\www\shop\Storage\view\compile\6b961cb7a9e2e820637ca704ff02828d.php (71).
[ 2016-08-21T10:08:19+08:00 ]NOTICE: Invalid argument supplied for foreach()D:\wamp\www\shop\Storage\view\compile\6b961cb7a9e2e820637ca704ff02828d.php (71).
[ 2016-08-21T10:08:19+08:00 ]NOTICE: Undefined index: threeD:\wamp\www\shop\Storage\view\compile\6b961cb7a9e2e820637ca704ff02828d.php (71).
[ 2016-08-21T10:08:19+08:00 ]NOTICE: Invalid argument supplied for foreach()D:\wamp\www\shop\Storage\view\compile\6b961cb7a9e2e820637ca704ff02828d.php (71).
[ 2016-08-21T10:08:19+08:00 ]NOTICE: Undefined index: threeD:\wamp\www\shop\Storage\view\compile\6b961cb7a9e2e820637ca704ff02828d.php (71).
[ 2016-08-21T10:08:19+08:00 ]NOTICE: Invalid argument supplied for foreach()D:\wamp\www\shop\Storage\view\compile\6b961cb7a9e2e820637ca704ff02828d.php (71).
[ 2016-08-21T10:08:19+08:00 ]NOTICE: Undefined index: threeD:\wamp\www\shop\Storage\view\compile\6b961cb7a9e2e820637ca704ff02828d.php (71).
[ 2016-08-21T10:08:19+08:00 ]NOTICE: Invalid argument supplied for foreach()D:\wamp\www\shop\Storage\view\compile\6b961cb7a9e2e820637ca704ff02828d.php (71).
[ 2016-08-21T10:08:19+08:00 ]NOTICE: Undefined index: threeD:\wamp\www\shop\Storage\view\compile\6b961cb7a9e2e820637ca704ff02828d.php (71).
[ 2016-08-21T10:08:19+08:00 ]NOTICE: Invalid argument supplied for foreach()D:\wamp\www\shop\Storage\view\compile\6b961cb7a9e2e820637ca704ff02828d.php (71).
[ 2016-08-21T10:08:19+08:00 ]NOTICE: Undefined index: threeD:\wamp\www\shop\Storage\view\compile\6b961cb7a9e2e820637ca704ff02828d.php (71).
[ 2016-08-21T10:08:19+08:00 ]NOTICE: Invalid argument supplied for foreach()D:\wamp\www\shop\Storage\view\compile\6b961cb7a9e2e820637ca704ff02828d.php (71).
[ 2016-08-21T10:08:19+08:00 ]NOTICE: Undefined index: threeD:\wamp\www\shop\Storage\view\compile\6b961cb7a9e2e820637ca704ff02828d.php (71).
[ 2016-08-21T10:08:19+08:00 ]NOTICE: Invalid argument supplied for foreach()D:\wamp\www\shop\Storage\view\compile\6b961cb7a9e2e820637ca704ff02828d.php (71).
[ 2016-08-21T10:08:19+08:00 ]NOTICE: Undefined index: threeD:\wamp\www\shop\Storage\view\compile\6b961cb7a9e2e820637ca704ff02828d.php (71).
[ 2016-08-21T10:08:19+08:00 ]NOTICE: Invalid argument supplied for foreach()D:\wamp\www\shop\Storage\view\compile\6b961cb7a9e2e820637ca704ff02828d.php (71).
[ 2016-08-21T10:10:07+08:00 ]NOTICE: Undefined index: threeD:\wamp\www\shop\Storage\view\compile\6b961cb7a9e2e820637ca704ff02828d.php (72).
[ 2016-08-21T10:10:07+08:00 ]NOTICE: Invalid argument supplied for foreach()D:\wamp\www\shop\Storage\view\compile\6b961cb7a9e2e820637ca704ff02828d.php (72).
[ 2016-08-21T10:10:07+08:00 ]NOTICE: Undefined index: threeD:\wamp\www\shop\Storage\view\compile\6b961cb7a9e2e820637ca704ff02828d.php (72).
[ 2016-08-21T10:10:07+08:00 ]NOTICE: Invalid argument supplied for foreach()D:\wamp\www\shop\Storage\view\compile\6b961cb7a9e2e820637ca704ff02828d.php (72).
[ 2016-08-21T10:10:07+08:00 ]NOTICE: Undefined index: threeD:\wamp\www\shop\Storage\view\compile\6b961cb7a9e2e820637ca704ff02828d.php (72).
[ 2016-08-21T10:10:07+08:00 ]NOTICE: Invalid argument supplied for foreach()D:\wamp\www\shop\Storage\view\compile\6b961cb7a9e2e820637ca704ff02828d.php (72).
[ 2016-08-21T10:40:09+08:00 ]NOTICE: Undefined offset: 0D:\wamp\www\shop\App\Home\Controller\IndexController.php (42).
[ 2016-08-21T10:40:09+08:00 ]NOTICE: implode(): Invalid arguments passedD:\wamp\www\shop\App\Home\Controller\IndexController.php (42).
[ 2016-08-21T10:40:09+08:00 ]EXCEPTION: SELECT  *  FROM shop_lists WHERE shop_category_cid IN () LIMIT 8 ;BindParams:array (
)42000;1064;You have an error in your SQL syntax; check the manual that corresponds to your MySQL server version for the right syntax to use near ') LIMIT 8' at line 1
[ 2016-08-21T10:40:36+08:00 ]NOTICE: Undefined offset: 0D:\wamp\www\shop\App\Home\Controller\IndexController.php (42).
[ 2016-08-21T10:40:36+08:00 ]NOTICE: implode(): Invalid arguments passedD:\wamp\www\shop\App\Home\Controller\IndexController.php (42).
[ 2016-08-21T10:46:49+08:00 ]NOTICE: Array to string conversionD:\wamp\www\shop\Storage\view\compile\edf36de5f5b57c07ba86f818d705d24f.php (1205).
[ 2016-08-21T17:57:03+08:00 ]NOTICE: Undefined variable: shopD:\wamp\www\shop\Storage\view\compile\edf36de5f5b57c07ba86f818d705d24f.php (1238).
[ 2016-08-21T17:57:03+08:00 ]NOTICE: Undefined variable: shopD:\wamp\www\shop\Storage\view\compile\edf36de5f5b57c07ba86f818d705d24f.php (1241).
[ 2016-08-21T17:57:03+08:00 ]NOTICE: Undefined variable: shopD:\wamp\www\shop\Storage\view\compile\edf36de5f5b57c07ba86f818d705d24f.php (1238).
[ 2016-08-21T17:57:03+08:00 ]NOTICE: Undefined variable: shopD:\wamp\www\shop\Storage\view\compile\edf36de5f5b57c07ba86f818d705d24f.php (1241).
[ 2016-08-21T17:57:15+08:00 ]NOTICE: Undefined variable: shopD:\wamp\www\shop\Storage\view\compile\edf36de5f5b57c07ba86f818d705d24f.php (1238).
[ 2016-08-21T17:57:15+08:00 ]NOTICE: Undefined variable: shopD:\wamp\www\shop\Storage\view\compile\edf36de5f5b57c07ba86f818d705d24f.php (1241).
[ 2016-08-21T17:57:15+08:00 ]NOTICE: Undefined variable: shopD:\wamp\www\shop\Storage\view\compile\edf36de5f5b57c07ba86f818d705d24f.php (1238).
[ 2016-08-21T17:57:15+08:00 ]NOTICE: Undefined variable: shopD:\wamp\www\shop\Storage\view\compile\edf36de5f5b57c07ba86f818d705d24f.php (1241).
[ 2016-08-21T18:54:37+08:00 ]EXCEPTION: Method Home\Controller\InfoController::uploadList() does not exist
[ 2016-08-21T19:10:29+08:00 ]EXCEPTION: Home\Controller\ShoplistController 不存在
[ 2016-08-21T20:13:57+08:00 ]NOTICE: Undefined variable: oldImgD:\wamp\www\shop\App\Home\Controller\InfoController.php (38).
[ 2016-08-21T20:14:34+08:00 ]NOTICE: Undefined variable: oldImgD:\wamp\www\shop\App\Home\Controller\InfoController.php (39).
[ 2016-08-21T20:18:26+08:00 ]NOTICE: Undefined variable: imgD:\wamp\www\shop\App\Home\Controller\InfoController.php (88).
[ 2016-08-21T20:18:26+08:00 ]NOTICE: Undefined variable: imgD:\wamp\www\shop\App\Home\Controller\InfoController.php (88).
[ 2016-08-21T20:19:27+08:00 ]NOTICE: Undefined variable: imgD:\wamp\www\shop\App\Home\Controller\InfoController.php (88).
[ 2016-08-21T20:19:27+08:00 ]NOTICE: Undefined variable: imgD:\wamp\www\shop\App\Home\Controller\InfoController.php (88).
