[ 2016-08-23T10:09:09+08:00 ]EXCEPTION: 模板不存在:App/Home/View/Shopcart/session.php
[ 2016-08-23T10:44:54+08:00 ]NOTICE: Use of undefined constant goods - assumed 'goods'D:\wamp\www\shop\App\Home\Controller\ShopcartController.php (115).
[ 2016-08-23T10:44:56+08:00 ]NOTICE: Use of undefined constant goods - assumed 'goods'D:\wamp\www\shop\App\Home\Controller\ShopcartController.php (115).
[ 2016-08-23T10:44:59+08:00 ]NOTICE: Use of undefined constant goods - assumed 'goods'D:\wamp\www\shop\App\Home\Controller\ShopcartController.php (115).
[ 2016-08-23T10:44:59+08:00 ]NOTICE: Use of undefined constant goods - assumed 'goods'D:\wamp\www\shop\App\Home\Controller\ShopcartController.php (115).
[ 2016-08-23T11:24:10+08:00 ]NOTICE: Use of undefined constant MODULE - assumed 'MODULE'D:\wamp\www\shop\Hdphp\Kernel\Kernel.php (69).
[ 2016-08-23T11:24:10+08:00 ]NOTICE: Use of undefined constant MODULE - assumed 'MODULE'D:\wamp\www\shop\Hdphp\Kernel\Kernel.php (82).
[ 2016-08-23T11:24:10+08:00 ]NOTICE: Use of undefined constant MODULE - assumed 'MODULE'D:\wamp\www\shop\Hdphp\Kernel\Kernel.php (87).
[ 2016-08-23T11:24:10+08:00 ]NOTICE: Use of undefined constant CONTROLLER - assumed 'CONTROLLER'D:\wamp\www\shop\Hdphp\Kernel\Kernel.php (87).
[ 2016-08-23T11:24:10+08:00 ]EXCEPTION: MODULE\Controller\CONTROLLERController 不存在
[ 2016-08-23T11:24:11+08:00 ]NOTICE: Use of undefined constant MODULE - assumed 'MODULE'D:\wamp\www\shop\Hdphp\Kernel\Kernel.php (69).
[ 2016-08-23T11:24:11+08:00 ]NOTICE: Use of undefined constant MODULE - assumed 'MODULE'D:\wamp\www\shop\Hdphp\Kernel\Kernel.php (82).
[ 2016-08-23T11:24:11+08:00 ]NOTICE: Use of undefined constant MODULE - assumed 'MODULE'D:\wamp\www\shop\Hdphp\Kernel\Kernel.php (87).
[ 2016-08-23T11:24:11+08:00 ]NOTICE: Use of undefined constant CONTROLLER - assumed 'CONTROLLER'D:\wamp\www\shop\Hdphp\Kernel\Kernel.php (87).
[ 2016-08-23T11:24:11+08:00 ]EXCEPTION: MODULE\Controller\CONTROLLERController 不存在
[ 2016-08-23T11:24:12+08:00 ]NOTICE: Use of undefined constant MODULE - assumed 'MODULE'D:\wamp\www\shop\Hdphp\Kernel\Kernel.php (69).
[ 2016-08-23T11:24:12+08:00 ]NOTICE: Use of undefined constant MODULE - assumed 'MODULE'D:\wamp\www\shop\Hdphp\Kernel\Kernel.php (82).
[ 2016-08-23T11:24:12+08:00 ]NOTICE: Use of undefined constant MODULE - assumed 'MODULE'D:\wamp\www\shop\Hdphp\Kernel\Kernel.php (87).
[ 2016-08-23T11:24:12+08:00 ]NOTICE: Use of undefined constant CONTROLLER - assumed 'CONTROLLER'D:\wamp\www\shop\Hdphp\Kernel\Kernel.php (87).
[ 2016-08-23T11:24:12+08:00 ]EXCEPTION: MODULE\Controller\CONTROLLERController 不存在
[ 2016-08-23T12:58:48+08:00 ]NOTICE: Undefined variable: didD:\wamp\www\shop\App\Home\Controller\InfoController.php (72).
[ 2016-08-23T12:59:15+08:00 ]NOTICE: Undefined variable: didD:\wamp\www\shop\App\Home\Controller\InfoController.php (72).
[ 2016-08-23T14:21:18+08:00 ]NOTICE: Illegal string offset 'options'D:\wamp\www\shop\Storage\view\compile\ab2b6520acf89631a553fc80a7a745c3.php (173).
[ 2016-08-23T14:21:18+08:00 ]NOTICE: Illegal string offset 'picimg'D:\wamp\www\shop\Storage\view\compile\ab2b6520acf89631a553fc80a7a745c3.php (173).
[ 2016-08-23T14:21:18+08:00 ]NOTICE: Illegal string offset 'id'D:\wamp\www\shop\Storage\view\compile\ab2b6520acf89631a553fc80a7a745c3.php (177).
[ 2016-08-23T14:21:18+08:00 ]NOTICE: Illegal string offset 'name'D:\wamp\www\shop\Storage\view\compile\ab2b6520acf89631a553fc80a7a745c3.php (177).
[ 2016-08-23T14:21:18+08:00 ]NOTICE: Illegal string offset 'price'D:\wamp\www\shop\Storage\view\compile\ab2b6520acf89631a553fc80a7a745c3.php (180).
[ 2016-08-23T14:21:18+08:00 ]NOTICE: Illegal string offset 'num'D:\wamp\www\shop\Storage\view\compile\ab2b6520acf89631a553fc80a7a745c3.php (181).
[ 2016-08-23T14:21:38+08:00 ]NOTICE: Illegal string offset 'options'D:\wamp\www\shop\Storage\view\compile\ab2b6520acf89631a553fc80a7a745c3.php (173).
[ 2016-08-23T14:21:38+08:00 ]NOTICE: Illegal string offset 'picimg'D:\wamp\www\shop\Storage\view\compile\ab2b6520acf89631a553fc80a7a745c3.php (173).
[ 2016-08-23T14:21:38+08:00 ]NOTICE: Illegal string offset 'name'D:\wamp\www\shop\Storage\view\compile\ab2b6520acf89631a553fc80a7a745c3.php (177).
[ 2016-08-23T14:21:38+08:00 ]NOTICE: Illegal string offset 'price'D:\wamp\www\shop\Storage\view\compile\ab2b6520acf89631a553fc80a7a745c3.php (180).
[ 2016-08-23T14:21:38+08:00 ]NOTICE: Illegal string offset 'num'D:\wamp\www\shop\Storage\view\compile\ab2b6520acf89631a553fc80a7a745c3.php (181).
[ 2016-08-23T14:21:50+08:00 ]NOTICE: Illegal string offset 'options'D:\wamp\www\shop\Storage\view\compile\ab2b6520acf89631a553fc80a7a745c3.php (173).
[ 2016-08-23T14:21:50+08:00 ]NOTICE: Illegal string offset 'picimg'D:\wamp\www\shop\Storage\view\compile\ab2b6520acf89631a553fc80a7a745c3.php (173).
[ 2016-08-23T14:21:50+08:00 ]NOTICE: Illegal string offset 'name'D:\wamp\www\shop\Storage\view\compile\ab2b6520acf89631a553fc80a7a745c3.php (177).
[ 2016-08-23T14:21:50+08:00 ]NOTICE: Illegal string offset 'price'D:\wamp\www\shop\Storage\view\compile\ab2b6520acf89631a553fc80a7a745c3.php (180).
[ 2016-08-23T14:21:50+08:00 ]NOTICE: Illegal string offset 'num'D:\wamp\www\shop\Storage\view\compile\ab2b6520acf89631a553fc80a7a745c3.php (181).
[ 2016-08-23T14:24:29+08:00 ]NOTICE: Array to string conversionD:\wamp\www\shop\Storage\view\compile\ab2b6520acf89631a553fc80a7a745c3.php (182).
[ 2016-08-23T16:17:44+08:00 ]EXCEPTION: SELECT  *  FROM shop_list_attr WHERE shop_category_cid IN (2,3) ;BindParams:array (
)42S22;1054;Unknown column 'shop_category_cid' in 'where clause'
[ 2016-08-23T16:22:36+08:00 ]NOTICE: Undefined index: taidD:\wamp\www\shop\App\Home\Controller\ShopController.php (104).
[ 2016-08-23T16:22:36+08:00 ]NOTICE: Undefined index: taidD:\wamp\www\shop\App\Home\Controller\ShopController.php (104).
[ 2016-08-23T16:22:36+08:00 ]NOTICE: Undefined index: taidD:\wamp\www\shop\App\Home\Controller\ShopController.php (104).
[ 2016-08-23T16:22:36+08:00 ]NOTICE: Undefined index: taidD:\wamp\www\shop\App\Home\Controller\ShopController.php (104).
[ 2016-08-23T16:22:36+08:00 ]NOTICE: Undefined index: taidD:\wamp\www\shop\App\Home\Controller\ShopController.php (104).
[ 2016-08-23T16:22:36+08:00 ]NOTICE: Undefined index: taidD:\wamp\www\shop\App\Home\Controller\ShopController.php (104).
[ 2016-08-23T16:22:36+08:00 ]NOTICE: Undefined index: taidD:\wamp\www\shop\App\Home\Controller\ShopController.php (104).
[ 2016-08-23T16:22:36+08:00 ]NOTICE: Undefined index: taidD:\wamp\www\shop\App\Home\Controller\ShopController.php (104).
[ 2016-08-23T16:22:36+08:00 ]NOTICE: Undefined index: taidD:\wamp\www\shop\App\Home\Controller\ShopController.php (104).
[ 2016-08-23T16:22:36+08:00 ]NOTICE: Undefined index: taidD:\wamp\www\shop\App\Home\Controller\ShopController.php (104).
[ 2016-08-23T16:22:36+08:00 ]NOTICE: Undefined index: taidD:\wamp\www\shop\App\Home\Controller\ShopController.php (104).
[ 2016-08-23T16:22:36+08:00 ]NOTICE: Undefined index: taidD:\wamp\www\shop\App\Home\Controller\ShopController.php (104).
[ 2016-08-23T16:22:51+08:00 ]NOTICE: Undefined index: taidD:\wamp\www\shop\App\Home\Controller\ShopController.php (104).
[ 2016-08-23T16:22:51+08:00 ]NOTICE: Undefined index: taidD:\wamp\www\shop\App\Home\Controller\ShopController.php (104).
[ 2016-08-23T16:22:51+08:00 ]NOTICE: Undefined index: taidD:\wamp\www\shop\App\Home\Controller\ShopController.php (104).
[ 2016-08-23T16:22:51+08:00 ]NOTICE: Undefined index: taidD:\wamp\www\shop\App\Home\Controller\ShopController.php (104).
[ 2016-08-23T16:22:51+08:00 ]NOTICE: Undefined index: taidD:\wamp\www\shop\App\Home\Controller\ShopController.php (104).
[ 2016-08-23T16:22:51+08:00 ]NOTICE: Undefined index: taidD:\wamp\www\shop\App\Home\Controller\ShopController.php (104).
[ 2016-08-23T16:22:51+08:00 ]NOTICE: Undefined index: taidD:\wamp\www\shop\App\Home\Controller\ShopController.php (104).
[ 2016-08-23T16:22:51+08:00 ]NOTICE: Undefined index: taidD:\wamp\www\shop\App\Home\Controller\ShopController.php (104).
[ 2016-08-23T16:22:51+08:00 ]NOTICE: Undefined index: taidD:\wamp\www\shop\App\Home\Controller\ShopController.php (104).
[ 2016-08-23T16:22:51+08:00 ]NOTICE: Undefined index: taidD:\wamp\www\shop\App\Home\Controller\ShopController.php (104).
[ 2016-08-23T16:22:51+08:00 ]NOTICE: Undefined index: taidD:\wamp\www\shop\App\Home\Controller\ShopController.php (104).
[ 2016-08-23T16:22:51+08:00 ]NOTICE: Undefined index: taidD:\wamp\www\shop\App\Home\Controller\ShopController.php (104).
[ 2016-08-23T16:23:15+08:00 ]NOTICE: Undefined index: taidD:\wamp\www\shop\App\Home\Controller\ShopController.php (104).
[ 2016-08-23T16:23:15+08:00 ]NOTICE: Undefined index: taidD:\wamp\www\shop\App\Home\Controller\ShopController.php (104).
[ 2016-08-23T16:23:15+08:00 ]NOTICE: Undefined index: taidD:\wamp\www\shop\App\Home\Controller\ShopController.php (104).
[ 2016-08-23T16:23:15+08:00 ]NOTICE: Undefined index: taidD:\wamp\www\shop\App\Home\Controller\ShopController.php (104).
[ 2016-08-23T16:23:15+08:00 ]NOTICE: Undefined index: taidD:\wamp\www\shop\App\Home\Controller\ShopController.php (104).
[ 2016-08-23T16:23:15+08:00 ]NOTICE: Undefined index: taidD:\wamp\www\shop\App\Home\Controller\ShopController.php (104).
[ 2016-08-23T16:23:15+08:00 ]NOTICE: Undefined index: taidD:\wamp\www\shop\App\Home\Controller\ShopController.php (104).
[ 2016-08-23T16:23:15+08:00 ]NOTICE: Undefined index: taidD:\wamp\www\shop\App\Home\Controller\ShopController.php (104).
[ 2016-08-23T16:23:15+08:00 ]NOTICE: Undefined index: taidD:\wamp\www\shop\App\Home\Controller\ShopController.php (104).
[ 2016-08-23T16:23:15+08:00 ]NOTICE: Undefined index: taidD:\wamp\www\shop\App\Home\Controller\ShopController.php (104).
[ 2016-08-23T16:23:15+08:00 ]NOTICE: Undefined index: taidD:\wamp\www\shop\App\Home\Controller\ShopController.php (104).
[ 2016-08-23T16:23:15+08:00 ]NOTICE: Undefined index: taidD:\wamp\www\shop\App\Home\Controller\ShopController.php (104).
[ 2016-08-23T16:23:19+08:00 ]NOTICE: Undefined index: taidD:\wamp\www\shop\App\Home\Controller\ShopController.php (104).
[ 2016-08-23T16:23:19+08:00 ]NOTICE: Undefined index: taidD:\wamp\www\shop\App\Home\Controller\ShopController.php (104).
[ 2016-08-23T16:23:19+08:00 ]NOTICE: Undefined index: taidD:\wamp\www\shop\App\Home\Controller\ShopController.php (104).
[ 2016-08-23T16:23:19+08:00 ]NOTICE: Undefined index: taidD:\wamp\www\shop\App\Home\Controller\ShopController.php (104).
[ 2016-08-23T16:23:19+08:00 ]NOTICE: Undefined index: taidD:\wamp\www\shop\App\Home\Controller\ShopController.php (104).
[ 2016-08-23T16:23:19+08:00 ]NOTICE: Undefined index: taidD:\wamp\www\shop\App\Home\Controller\ShopController.php (104).
[ 2016-08-23T16:23:19+08:00 ]NOTICE: Undefined index: taidD:\wamp\www\shop\App\Home\Controller\ShopController.php (104).
[ 2016-08-23T16:23:19+08:00 ]NOTICE: Undefined index: taidD:\wamp\www\shop\App\Home\Controller\ShopController.php (104).
[ 2016-08-23T16:23:19+08:00 ]NOTICE: Undefined index: taidD:\wamp\www\shop\App\Home\Controller\ShopController.php (104).
[ 2016-08-23T16:23:19+08:00 ]NOTICE: Undefined index: taidD:\wamp\www\shop\App\Home\Controller\ShopController.php (104).
[ 2016-08-23T16:23:19+08:00 ]NOTICE: Undefined index: taidD:\wamp\www\shop\App\Home\Controller\ShopController.php (104).
[ 2016-08-23T16:23:19+08:00 ]NOTICE: Undefined index: taidD:\wamp\www\shop\App\Home\Controller\ShopController.php (104).
[ 2016-08-23T17:42:02+08:00 ]NOTICE: Undefined variable: bidD:\wamp\www\shop\App\Home\Controller\ShopController.php (121).
[ 2016-08-23T17:42:02+08:00 ]NOTICE: implode(): Invalid arguments passedD:\wamp\www\shop\App\Home\Controller\ShopController.php (121).
[ 2016-08-23T17:42:02+08:00 ]EXCEPTION: SELECT  *  FROM shop_brand WHERE bid IN () ;BindParams:array (
)42000;1064;You have an error in your SQL syntax; check the manual that corresponds to your MySQL server version for the right syntax to use near ')' at line 1
[ 2016-08-23T18:06:34+08:00 ]NOTICE: Use of undefined constant A - assumed 'A'D:\wamp\www\shop\App\Home\Controller\ShopController.php (127).
[ 2016-08-23T18:06:34+08:00 ]NOTICE: Use of undefined constant B - assumed 'B'D:\wamp\www\shop\App\Home\Controller\ShopController.php (128).
[ 2016-08-23T18:06:49+08:00 ]NOTICE: Use of undefined constant A - assumed 'A'D:\wamp\www\shop\App\Home\Controller\ShopController.php (126).
[ 2016-08-23T18:06:49+08:00 ]NOTICE: Use of undefined constant B - assumed 'B'D:\wamp\www\shop\App\Home\Controller\ShopController.php (126).
[ 2016-08-23T18:06:58+08:00 ]NOTICE: Use of undefined constant B - assumed 'B'D:\wamp\www\shop\App\Home\Controller\ShopController.php (126).
[ 2016-08-23T19:46:32+08:00 ]NOTICE: Undefined variable: shopD:\wamp\www\shop\Storage\view\compile\40f01c6f41ec0065ec172727ecfd5b54.php (1150).
[ 2016-08-23T19:46:32+08:00 ]NOTICE: Undefined variable: shopD:\wamp\www\shop\Storage\view\compile\40f01c6f41ec0065ec172727ecfd5b54.php (1168).
[ 2016-08-23T19:46:32+08:00 ]NOTICE: Undefined variable: shopD:\wamp\www\shop\Storage\view\compile\40f01c6f41ec0065ec172727ecfd5b54.php (1150).
[ 2016-08-23T19:46:32+08:00 ]NOTICE: Undefined variable: shopD:\wamp\www\shop\Storage\view\compile\40f01c6f41ec0065ec172727ecfd5b54.php (1168).
[ 2016-08-23T20:03:38+08:00 ]EXCEPTION: SELECT  count(id) AS c  FROM shop_remark WHERE shop_lists_gid=2 LIMIT 1 ;BindParams:array (
)42S22;1054;Unknown column 'id' in 'field list'
[ 2016-08-23T20:11:39+08:00 ]EXCEPTION: select * from sho_lists where order By rand() limit 10 ;BindParams:array (
)42000;1064;You have an error in your SQL syntax; check the manual that corresponds to your MySQL server version for the right syntax to use near 'order By rand() limit 10' at line 1
[ 2016-08-23T20:12:13+08:00 ]EXCEPTION: select * from shop_lists where order By rand() limit 10 ;BindParams:array (
)42000;1064;You have an error in your SQL syntax; check the manual that corresponds to your MySQL server version for the right syntax to use near 'order By rand() limit 10' at line 1
[ 2016-08-23T20:12:47+08:00 ]EXCEPTION: select * from shop_lists where order By rand() limit 1 ;BindParams:array (
)42000;1064;You have an error in your SQL syntax; check the manual that corresponds to your MySQL server version for the right syntax to use near 'order By rand() limit 1' at line 1
[ 2016-08-23T20:13:44+08:00 ]EXCEPTION: select * from shop_lists where order By rand() limit 10 ;BindParams:array (
)42000;1064;You have an error in your SQL syntax; check the manual that corresponds to your MySQL server version for the right syntax to use near 'order By rand() limit 10' at line 1
[ 2016-08-23T20:14:31+08:00 ]EXCEPTION: select * from shop_lists where limit 10 ;BindParams:array (
)42000;1064;You have an error in your SQL syntax; check the manual that corresponds to your MySQL server version for the right syntax to use near 'limit 10' at line 1
[ 2016-08-23T20:14:44+08:00 ]EXCEPTION: select * from lists where order By rand() limit 10 ;BindParams:array (
)42000;1064;You have an error in your SQL syntax; check the manual that corresponds to your MySQL server version for the right syntax to use near 'order By rand() limit 10' at line 1
[ 2016-08-23T20:16:33+08:00 ]EXCEPTION: select * from shop_lists where order By rand() ;BindParams:array (
)42000;1064;You have an error in your SQL syntax; check the manual that corresponds to your MySQL server version for the right syntax to use near 'order By rand()' at line 1
[ 2016-08-23T20:20:07+08:00 ]EXCEPTION: select * from shop_lists where shop_category_cid IN63 order By rand() limit 10 ;BindParams:array (
)42000;1064;You have an error in your SQL syntax; check the manual that corresponds to your MySQL server version for the right syntax to use near 'IN63 order By rand() limit 10' at line 1
[ 2016-08-23T20:20:39+08:00 ]NOTICE: Missing argument 1 for Hdphp\View\View::with(), called in D:\wamp\www\shop\Hdphp\Kernel\Facade.php on line 42 and definedD:\wamp\www\shop\Hdphp\View\View.php (182).
[ 2016-08-23T20:20:39+08:00 ]NOTICE: Undefined variable: nameD:\wamp\www\shop\Hdphp\View\View.php (184).
[ 2016-08-23T20:20:39+08:00 ]NOTICE: Undefined variable: nameD:\wamp\www\shop\Hdphp\View\View.php (193).
[ 2016-08-23T20:20:43+08:00 ]NOTICE: Missing argument 1 for Hdphp\View\View::with(), called in D:\wamp\www\shop\Hdphp\Kernel\Facade.php on line 42 and definedD:\wamp\www\shop\Hdphp\View\View.php (182).
[ 2016-08-23T20:20:43+08:00 ]NOTICE: Undefined variable: nameD:\wamp\www\shop\Hdphp\View\View.php (184).
[ 2016-08-23T20:20:43+08:00 ]NOTICE: Undefined variable: nameD:\wamp\www\shop\Hdphp\View\View.php (193).
[ 2016-08-23T20:20:44+08:00 ]NOTICE: Missing argument 1 for Hdphp\View\View::with(), called in D:\wamp\www\shop\Hdphp\Kernel\Facade.php on line 42 and definedD:\wamp\www\shop\Hdphp\View\View.php (182).
[ 2016-08-23T20:20:44+08:00 ]NOTICE: Undefined variable: nameD:\wamp\www\shop\Hdphp\View\View.php (184).
[ 2016-08-23T20:20:44+08:00 ]NOTICE: Undefined variable: nameD:\wamp\www\shop\Hdphp\View\View.php (193).
[ 2016-08-23T20:20:45+08:00 ]NOTICE: Missing argument 1 for Hdphp\View\View::with(), called in D:\wamp\www\shop\Hdphp\Kernel\Facade.php on line 42 and definedD:\wamp\www\shop\Hdphp\View\View.php (182).
[ 2016-08-23T20:20:45+08:00 ]NOTICE: Undefined variable: nameD:\wamp\www\shop\Hdphp\View\View.php (184).
[ 2016-08-23T20:20:45+08:00 ]NOTICE: Undefined variable: nameD:\wamp\www\shop\Hdphp\View\View.php (193).
[ 2016-08-23T20:20:45+08:00 ]NOTICE: Missing argument 1 for Hdphp\View\View::with(), called in D:\wamp\www\shop\Hdphp\Kernel\Facade.php on line 42 and definedD:\wamp\www\shop\Hdphp\View\View.php (182).
[ 2016-08-23T20:20:45+08:00 ]NOTICE: Undefined variable: nameD:\wamp\www\shop\Hdphp\View\View.php (184).
[ 2016-08-23T20:20:45+08:00 ]NOTICE: Undefined variable: nameD:\wamp\www\shop\Hdphp\View\View.php (193).
[ 2016-08-23T20:20:58+08:00 ]NOTICE: Undefined variable: spreadDataD:\wamp\www\shop\App\Home\Controller\ShopController.php (114).
[ 2016-08-23T20:20:58+08:00 ]NOTICE: Missing argument 1 for Hdphp\View\View::with(), called in D:\wamp\www\shop\Hdphp\Kernel\Facade.php on line 42 and definedD:\wamp\www\shop\Hdphp\View\View.php (182).
[ 2016-08-23T20:20:58+08:00 ]NOTICE: Undefined variable: nameD:\wamp\www\shop\Hdphp\View\View.php (184).
[ 2016-08-23T20:20:58+08:00 ]NOTICE: Undefined variable: nameD:\wamp\www\shop\Hdphp\View\View.php (193).
[ 2016-08-23T20:21:19+08:00 ]NOTICE: Undefined variable: spreadDataD:\wamp\www\shop\App\Home\Controller\ShopController.php (114).
[ 2016-08-23T21:30:55+08:00 ]NOTICE: Undefined index: extensionD:\wamp\www\shop\App\Home\Controller\ShopcartController.php (30).
[ 2016-08-23T21:30:55+08:00 ]NOTICE: Undefined index: extensionD:\wamp\www\shop\App\Home\Controller\ShopcartController.php (30).
[ 2016-08-23T21:30:55+08:00 ]NOTICE: Undefined index: shop_type_tidD:\wamp\www\shop\App\Home\Controller\ShopcartController.php (37).
[ 2016-08-23T21:30:55+08:00 ]EXCEPTION: SELECT  *  FROM shop_type_attr WHERE shop_type_tid= and class=1 ;BindParams:array (
)42000;1064;You have an error in your SQL syntax; check the manual that corresponds to your MySQL server version for the right syntax to use near 'and class=1' at line 1
[ 2016-08-23T21:33:24+08:00 ]NOTICE: Undefined index: extensionD:\wamp\www\shop\App\Home\Controller\ShopcartController.php (32).
[ 2016-08-23T21:33:24+08:00 ]NOTICE: Undefined index: extensionD:\wamp\www\shop\App\Home\Controller\ShopcartController.php (32).
[ 2016-08-23T21:33:24+08:00 ]NOTICE: Undefined index: shop_type_tidD:\wamp\www\shop\App\Home\Controller\ShopcartController.php (39).
[ 2016-08-23T21:33:24+08:00 ]EXCEPTION: SELECT  *  FROM shop_type_attr WHERE shop_type_tid= and class=1 ;BindParams:array (
)42000;1064;You have an error in your SQL syntax; check the manual that corresponds to your MySQL server version for the right syntax to use near 'and class=1' at line 1
[ 2016-08-23T21:33:44+08:00 ]NOTICE: Undefined index: extensionD:\wamp\www\shop\App\Home\Controller\ShopcartController.php (32).
[ 2016-08-23T21:33:44+08:00 ]NOTICE: Undefined index: extensionD:\wamp\www\shop\App\Home\Controller\ShopcartController.php (32).
[ 2016-08-23T21:33:44+08:00 ]NOTICE: Undefined index: shop_type_tidD:\wamp\www\shop\App\Home\Controller\ShopcartController.php (39).
[ 2016-08-23T21:33:44+08:00 ]EXCEPTION: SELECT  *  FROM shop_type_attr WHERE shop_type_tid= and class=1 ;BindParams:array (
)42000;1064;You have an error in your SQL syntax; check the manual that corresponds to your MySQL server version for the right syntax to use near 'and class=1' at line 1
[ 2016-08-23T21:34:09+08:00 ]NOTICE: Undefined index: extensionD:\wamp\www\shop\App\Home\Controller\ShopcartController.php (33).
[ 2016-08-23T21:34:09+08:00 ]NOTICE: Undefined index: extensionD:\wamp\www\shop\App\Home\Controller\ShopcartController.php (33).
[ 2016-08-23T21:34:09+08:00 ]NOTICE: Undefined index: shop_type_tidD:\wamp\www\shop\App\Home\Controller\ShopcartController.php (40).
[ 2016-08-23T21:34:09+08:00 ]EXCEPTION: SELECT  *  FROM shop_type_attr WHERE shop_type_tid= and class=1 ;BindParams:array (
)42000;1064;You have an error in your SQL syntax; check the manual that corresponds to your MySQL server version for the right syntax to use near 'and class=1' at line 1
[ 2016-08-23T21:35:05+08:00 ]NOTICE: Undefined index: extensionD:\wamp\www\shop\App\Home\Controller\ShopcartController.php (33).
[ 2016-08-23T21:35:05+08:00 ]NOTICE: Undefined index: extensionD:\wamp\www\shop\App\Home\Controller\ShopcartController.php (33).
[ 2016-08-23T21:35:05+08:00 ]NOTICE: Undefined index: shop_type_tidD:\wamp\www\shop\App\Home\Controller\ShopcartController.php (40).
[ 2016-08-23T21:35:05+08:00 ]EXCEPTION: SELECT  *  FROM shop_type_attr WHERE shop_type_tid= and class=1 ;BindParams:array (
)42000;1064;You have an error in your SQL syntax; check the manual that corresponds to your MySQL server version for the right syntax to use near 'and class=1' at line 1
[ 2016-08-23T21:45:45+08:00 ]NOTICE: Undefined index: extensionD:\wamp\www\shop\App\Home\Controller\ShopcartController.php (33).
[ 2016-08-23T21:45:45+08:00 ]NOTICE: Undefined index: extensionD:\wamp\www\shop\App\Home\Controller\ShopcartController.php (33).
[ 2016-08-23T21:45:45+08:00 ]NOTICE: Undefined index: shop_type_tidD:\wamp\www\shop\App\Home\Controller\ShopcartController.php (40).
[ 2016-08-23T21:45:45+08:00 ]EXCEPTION: SELECT  *  FROM shop_type_attr WHERE shop_type_tid= and class=1 ;BindParams:array (
)42000;1064;You have an error in your SQL syntax; check the manual that corresponds to your MySQL server version for the right syntax to use near 'and class=1' at line 1
[ 2016-08-23T21:45:50+08:00 ]NOTICE: Undefined index: extensionD:\wamp\www\shop\App\Home\Controller\ShopcartController.php (33).
[ 2016-08-23T21:45:50+08:00 ]NOTICE: Undefined index: extensionD:\wamp\www\shop\App\Home\Controller\ShopcartController.php (33).
[ 2016-08-23T21:45:50+08:00 ]NOTICE: Undefined index: shop_type_tidD:\wamp\www\shop\App\Home\Controller\ShopcartController.php (40).
[ 2016-08-23T21:45:50+08:00 ]EXCEPTION: SELECT  *  FROM shop_type_attr WHERE shop_type_tid= and class=1 ;BindParams:array (
)42000;1064;You have an error in your SQL syntax; check the manual that corresponds to your MySQL server version for the right syntax to use near 'and class=1' at line 1
[ 2016-08-23T21:47:24+08:00 ]NOTICE: Undefined index: extensionD:\wamp\www\shop\App\Home\Controller\ShopcartController.php (33).
[ 2016-08-23T21:47:24+08:00 ]NOTICE: Undefined index: extensionD:\wamp\www\shop\App\Home\Controller\ShopcartController.php (33).
[ 2016-08-23T21:47:24+08:00 ]NOTICE: Undefined index: shop_type_tidD:\wamp\www\shop\App\Home\Controller\ShopcartController.php (40).
[ 2016-08-23T21:47:24+08:00 ]EXCEPTION: SELECT  *  FROM shop_type_attr WHERE shop_type_tid= and class=1 ;BindParams:array (
)42000;1064;You have an error in your SQL syntax; check the manual that corresponds to your MySQL server version for the right syntax to use near 'and class=1' at line 1
[ 2016-08-23T21:47:40+08:00 ]NOTICE: Undefined index: extensionD:\wamp\www\shop\App\Home\Controller\ShopcartController.php (34).
[ 2016-08-23T21:47:40+08:00 ]NOTICE: Undefined index: extensionD:\wamp\www\shop\App\Home\Controller\ShopcartController.php (34).
[ 2016-08-23T21:47:40+08:00 ]NOTICE: Undefined index: shop_type_tidD:\wamp\www\shop\App\Home\Controller\ShopcartController.php (41).
[ 2016-08-23T21:47:40+08:00 ]EXCEPTION: SELECT  *  FROM shop_type_attr WHERE shop_type_tid= and class=1 ;BindParams:array (
)42000;1064;You have an error in your SQL syntax; check the manual that corresponds to your MySQL server version for the right syntax to use near 'and class=1' at line 1
[ 2016-08-23T21:47:58+08:00 ]EXCEPTION: SELECT  *  FROM shop_list_attr WHERE shop_lists_gid= and gtid= LIMIT 1 ;BindParams:array (
)42000;1064;You have an error in your SQL syntax; check the manual that corresponds to your MySQL server version for the right syntax to use near 'and gtid= LIMIT 1' at line 1
[ 2016-08-23T21:50:29+08:00 ]NOTICE: Undefined index: D:\wamp\www\shop\App\Home\Controller\ShopcartController.php (47).
[ 2016-08-23T21:50:29+08:00 ]EXCEPTION: SELECT  *  FROM shop_list_attr WHERE shop_lists_gid=3 and gtid= LIMIT 1 ;BindParams:array (
)42000;1064;You have an error in your SQL syntax; check the manual that corresponds to your MySQL server version for the right syntax to use near 'LIMIT 1' at line 1
[ 2016-08-23T21:54:59+08:00 ]NOTICE: Invalid argument supplied for foreach()D:\wamp\www\shop\Hdphp\Cart\Cart.php (132).
[ 2016-08-23T22:43:13+08:00 ]NOTICE: Undefined index: shop_type_tidD:\wamp\www\shop\App\Home\Controller\ShopcartController.php (155).
[ 2016-08-23T22:43:13+08:00 ]EXCEPTION: SELECT  *  FROM shop_type_attr WHERE shop_type_tid= and class=1 ;BindParams:array (
)42000;1064;You have an error in your SQL syntax; check the manual that corresponds to your MySQL server version for the right syntax to use near 'and class=1' at line 1
[ 2016-08-23T22:44:25+08:00 ]NOTICE: Undefined variable: typeatrDataD:\wamp\www\shop\App\Home\Controller\ShopcartController.php (157).
[ 2016-08-23T23:02:11+08:00 ]NOTICE: Undefined index: titleD:\wamp\www\shop\Storage\view\compile\04902272412f70007262ad9473da1c11.php (112).
[ 2016-08-23T23:02:11+08:00 ]NOTICE: Undefined index: titleD:\wamp\www\shop\Storage\view\compile\04902272412f70007262ad9473da1c11.php (112).
[ 2016-08-23T23:21:53+08:00 ]NOTICE: Undefined variable: kD:\wamp\www\shop\Storage\view\compile\04902272412f70007262ad9473da1c11.php (145).
[ 2016-08-23T23:21:53+08:00 ]NOTICE: Undefined variable: kD:\wamp\www\shop\Storage\view\compile\04902272412f70007262ad9473da1c11.php (145).
