[ 2016-08-26T08:29:40+08:00 ]NOTICE: file_get_contents(http://www.tuling123.com/openapi/api?key=786eb210d4bf4466ae59636f10443e94&amp;info=%E5%9C%A8%E5%90%97%0A): failed to open stream: HTTP request failed! D:\wamp\www\shop\App\Home\Controller\IndexController.php (59).
[ 2016-08-26T09:29:49+08:00 ]NOTICE: Undefined index: userD:\wamp\www\shop\Storage\view\compile\5ae8f8c3aa1a93e050446c9592b27cf0.php (3).
[ 2016-08-26T09:30:25+08:00 ]NOTICE: Undefined index: userD:\wamp\www\shop\Storage\view\compile\5ae8f8c3aa1a93e050446c9592b27cf0.php (3).
[ 2016-08-26T09:30:48+08:00 ]NOTICE: Undefined index: userD:\wamp\www\shop\Storage\view\compile\5ae8f8c3aa1a93e050446c9592b27cf0.php (3).
[ 2016-08-26T09:31:17+08:00 ]NOTICE: Undefined index: userD:\wamp\www\shop\Storage\view\compile\5ae8f8c3aa1a93e050446c9592b27cf0.php (3).
[ 2016-08-26T09:31:23+08:00 ]NOTICE: Undefined index: userD:\wamp\www\shop\Storage\view\compile\5ae8f8c3aa1a93e050446c9592b27cf0.php (3).
[ 2016-08-26T09:31:28+08:00 ]NOTICE: Undefined index: userD:\wamp\www\shop\Storage\view\compile\5ae8f8c3aa1a93e050446c9592b27cf0.php (3).
[ 2016-08-26T09:43:56+08:00 ]NOTICE: Use of undefined constant esle - assumed 'esle'D:\wamp\www\shop\Storage\view\compile\5ae8f8c3aa1a93e050446c9592b27cf0.php (57).
[ 2016-08-26T10:33:16+08:00 ]NOTICE: Undefined index: valueD:\wamp\www\shop\Hdphp\View\HdphpTag.php (130).
[ 2016-08-26T10:33:24+08:00 ]NOTICE: Undefined index: valueD:\wamp\www\shop\Hdphp\View\HdphpTag.php (130).
[ 2016-08-26T10:33:38+08:00 ]NOTICE: Undefined index: valueD:\wamp\www\shop\Hdphp\View\HdphpTag.php (130).
[ 2016-08-26T10:35:59+08:00 ]NOTICE: Undefined index: valueD:\wamp\www\shop\Hdphp\View\HdphpTag.php (130).
[ 2016-08-26T11:04:34+08:00 ]NOTICE: Undefined variable: countD:\wamp\www\shop\Storage\view\compile\5ae8f8c3aa1a93e050446c9592b27cf0.php (131).
[ 2016-08-26T12:39:54+08:00 ]EXCEPTION: Home\Controller\AController 不存在
[ 2016-08-26T14:41:53+08:00 ]NOTICE: Undefined variable: brandModelD:\wamp\www\shop\App\Home\Controller\ShopController.php (136).
[ 2016-08-26T14:42:22+08:00 ]NOTICE: Undefined variable: brandModelD:\wamp\www\shop\App\Home\Controller\ShopController.php (136).
[ 2016-08-26T14:42:47+08:00 ]NOTICE: Undefined variable: brandModelD:\wamp\www\shop\App\Home\Controller\ShopController.php (137).
[ 2016-08-26T14:42:49+08:00 ]NOTICE: Undefined variable: brandModelD:\wamp\www\shop\App\Home\Controller\ShopController.php (137).
[ 2016-08-26T14:43:00+08:00 ]EXCEPTION: SELECT  *  FROM shop_lists WHERE bid IN (2,4) ;BindParams:array (
)42S22;1054;Unknown column 'bid' in 'where clause'
[ 2016-08-26T14:43:25+08:00 ]NOTICE: Undefined index: pD:\wamp\www\shop\App\Home\Controller\ShopController.php (146).
[ 2016-08-26T14:43:25+08:00 ]NOTICE: Undefined index: pD:\wamp\www\shop\App\Home\Controller\ShopController.php (146).
[ 2016-08-26T14:43:25+08:00 ]NOTICE: Undefined index: pD:\wamp\www\shop\App\Home\Controller\ShopController.php (146).
[ 2016-08-26T14:43:25+08:00 ]NOTICE: Undefined index: pD:\wamp\www\shop\App\Home\Controller\ShopController.php (146).
[ 2016-08-26T14:43:25+08:00 ]NOTICE: Undefined index: pD:\wamp\www\shop\App\Home\Controller\ShopController.php (146).
[ 2016-08-26T14:43:25+08:00 ]NOTICE: Undefined index: pD:\wamp\www\shop\App\Home\Controller\ShopController.php (146).
[ 2016-08-26T14:43:25+08:00 ]NOTICE: Undefined index: pD:\wamp\www\shop\App\Home\Controller\ShopController.php (146).
[ 2016-08-26T14:43:25+08:00 ]NOTICE: Undefined index: pD:\wamp\www\shop\App\Home\Controller\ShopController.php (146).
[ 2016-08-26T14:43:25+08:00 ]NOTICE: Undefined index: pD:\wamp\www\shop\App\Home\Controller\ShopController.php (146).
[ 2016-08-26T14:43:25+08:00 ]NOTICE: Undefined index: pD:\wamp\www\shop\App\Home\Controller\ShopController.php (146).
[ 2016-08-26T14:43:25+08:00 ]NOTICE: Undefined index: pD:\wamp\www\shop\App\Home\Controller\ShopController.php (146).
[ 2016-08-26T14:43:25+08:00 ]NOTICE: Undefined index: pD:\wamp\www\shop\App\Home\Controller\ShopController.php (146).
[ 2016-08-26T14:43:25+08:00 ]NOTICE: Undefined index: pD:\wamp\www\shop\App\Home\Controller\ShopController.php (146).
[ 2016-08-26T14:43:25+08:00 ]NOTICE: Undefined index: pD:\wamp\www\shop\App\Home\Controller\ShopController.php (146).
[ 2016-08-26T14:43:25+08:00 ]NOTICE: Undefined index: pD:\wamp\www\shop\App\Home\Controller\ShopController.php (146).
[ 2016-08-26T14:43:25+08:00 ]NOTICE: Undefined index: pD:\wamp\www\shop\App\Home\Controller\ShopController.php (146).
[ 2016-08-26T14:43:25+08:00 ]NOTICE: Undefined index: pD:\wamp\www\shop\App\Home\Controller\ShopController.php (146).
[ 2016-08-26T14:43:25+08:00 ]NOTICE: Undefined index: pD:\wamp\www\shop\App\Home\Controller\ShopController.php (146).
[ 2016-08-26T14:43:25+08:00 ]NOTICE: Undefined index: pD:\wamp\www\shop\App\Home\Controller\ShopController.php (146).
[ 2016-08-26T14:43:25+08:00 ]NOTICE: Undefined index: pD:\wamp\www\shop\App\Home\Controller\ShopController.php (146).
[ 2016-08-26T14:43:25+08:00 ]NOTICE: Undefined index: pD:\wamp\www\shop\App\Home\Controller\ShopController.php (146).
[ 2016-08-26T14:43:25+08:00 ]NOTICE: Undefined index: pD:\wamp\www\shop\App\Home\Controller\ShopController.php (146).
[ 2016-08-26T14:43:25+08:00 ]NOTICE: Undefined index: pD:\wamp\www\shop\App\Home\Controller\ShopController.php (146).
[ 2016-08-26T14:43:25+08:00 ]NOTICE: Undefined index: pD:\wamp\www\shop\App\Home\Controller\ShopController.php (146).
[ 2016-08-26T14:43:25+08:00 ]NOTICE: Undefined index: pD:\wamp\www\shop\App\Home\Controller\ShopController.php (146).
[ 2016-08-26T14:43:25+08:00 ]NOTICE: Undefined index: pD:\wamp\www\shop\App\Home\Controller\ShopController.php (146).
[ 2016-08-26T14:43:25+08:00 ]NOTICE: Undefined index: pD:\wamp\www\shop\App\Home\Controller\ShopController.php (146).
[ 2016-08-26T14:43:25+08:00 ]NOTICE: Undefined index: pD:\wamp\www\shop\App\Home\Controller\ShopController.php (146).
[ 2016-08-26T14:43:25+08:00 ]NOTICE: Undefined index: pD:\wamp\www\shop\App\Home\Controller\ShopController.php (146).
[ 2016-08-26T14:43:25+08:00 ]NOTICE: Undefined index: pD:\wamp\www\shop\App\Home\Controller\ShopController.php (146).
[ 2016-08-26T14:43:25+08:00 ]NOTICE: Undefined index: pD:\wamp\www\shop\App\Home\Controller\ShopController.php (146).
[ 2016-08-26T14:43:25+08:00 ]NOTICE: Undefined index: pD:\wamp\www\shop\App\Home\Controller\ShopController.php (146).
[ 2016-08-26T14:43:25+08:00 ]NOTICE: Undefined index: pD:\wamp\www\shop\App\Home\Controller\ShopController.php (146).
[ 2016-08-26T14:43:25+08:00 ]NOTICE: Undefined index: pD:\wamp\www\shop\App\Home\Controller\ShopController.php (146).
[ 2016-08-26T14:43:25+08:00 ]NOTICE: Undefined index: pD:\wamp\www\shop\App\Home\Controller\ShopController.php (146).
[ 2016-08-26T14:43:25+08:00 ]NOTICE: Undefined index: pD:\wamp\www\shop\App\Home\Controller\ShopController.php (146).
[ 2016-08-26T14:43:25+08:00 ]NOTICE: Undefined index: pD:\wamp\www\shop\App\Home\Controller\ShopController.php (146).
[ 2016-08-26T14:43:25+08:00 ]NOTICE: Undefined index: pD:\wamp\www\shop\App\Home\Controller\ShopController.php (146).
[ 2016-08-26T14:43:25+08:00 ]NOTICE: Undefined index: pD:\wamp\www\shop\App\Home\Controller\ShopController.php (146).
[ 2016-08-26T14:43:25+08:00 ]NOTICE: Undefined index: pD:\wamp\www\shop\App\Home\Controller\ShopController.php (146).
[ 2016-08-26T14:43:25+08:00 ]NOTICE: Undefined index: pD:\wamp\www\shop\App\Home\Controller\ShopController.php (146).
[ 2016-08-26T14:43:25+08:00 ]NOTICE: Undefined index: pD:\wamp\www\shop\App\Home\Controller\ShopController.php (146).
[ 2016-08-26T14:43:25+08:00 ]NOTICE: Undefined index: pD:\wamp\www\shop\App\Home\Controller\ShopController.php (146).
[ 2016-08-26T14:43:25+08:00 ]NOTICE: Undefined index: pD:\wamp\www\shop\App\Home\Controller\ShopController.php (146).
[ 2016-08-26T14:43:25+08:00 ]NOTICE: Undefined index: pD:\wamp\www\shop\App\Home\Controller\ShopController.php (146).
[ 2016-08-26T14:43:25+08:00 ]NOTICE: Undefined index: pD:\wamp\www\shop\App\Home\Controller\ShopController.php (146).
[ 2016-08-26T14:43:25+08:00 ]NOTICE: Undefined index: pD:\wamp\www\shop\App\Home\Controller\ShopController.php (146).
[ 2016-08-26T14:43:25+08:00 ]NOTICE: Undefined index: pD:\wamp\www\shop\App\Home\Controller\ShopController.php (146).
[ 2016-08-26T14:43:25+08:00 ]NOTICE: Undefined index: pD:\wamp\www\shop\App\Home\Controller\ShopController.php (146).
[ 2016-08-26T14:43:25+08:00 ]NOTICE: Undefined index: pD:\wamp\www\shop\App\Home\Controller\ShopController.php (146).
[ 2016-08-26T14:43:25+08:00 ]NOTICE: Undefined index: pD:\wamp\www\shop\App\Home\Controller\ShopController.php (146).
[ 2016-08-26T14:43:25+08:00 ]NOTICE: Undefined index: pD:\wamp\www\shop\App\Home\Controller\ShopController.php (146).
[ 2016-08-26T15:04:23+08:00 ]EXCEPTION: Method Home\Controller\IndexController::Jimi() does not exist
[ 2016-08-26T15:06:20+08:00 ]EXCEPTION: Method Home\Controller\IndexController::Jimi() does not exist
[ 2016-08-26T22:19:06+08:00 ]NOTICE: Undefined index: valueD:\wamp\www\shop\Hdphp\View\HdphpTag.php (164).
[ 2016-08-26T22:23:19+08:00 ]NOTICE: Undefined index: extensionD:\wamp\www\shop\App\Home\Controller\InfoController.php (39).
[ 2016-08-26T22:23:19+08:00 ]NOTICE: Undefined index: extensionD:\wamp\www\shop\App\Home\Controller\InfoController.php (39).
[ 2016-08-26T22:23:19+08:00 ]NOTICE: Undefined offset: 1D:\wamp\www\shop\Storage\view\compile\b65d2f4b842995dd56cbabc836b0bd9c.php (18).
[ 2016-08-26T22:23:19+08:00 ]NOTICE: Undefined offset: 2D:\wamp\www\shop\Storage\view\compile\b65d2f4b842995dd56cbabc836b0bd9c.php (19).
[ 2016-08-26T22:24:57+08:00 ]NOTICE: Undefined index: extensionD:\wamp\www\shop\App\Home\Controller\InfoController.php (40).
[ 2016-08-26T22:24:57+08:00 ]NOTICE: Undefined index: extensionD:\wamp\www\shop\App\Home\Controller\InfoController.php (40).
[ 2016-08-26T22:24:57+08:00 ]NOTICE: Undefined offset: 1D:\wamp\www\shop\Storage\view\compile\b65d2f4b842995dd56cbabc836b0bd9c.php (18).
[ 2016-08-26T22:24:57+08:00 ]NOTICE: Undefined offset: 2D:\wamp\www\shop\Storage\view\compile\b65d2f4b842995dd56cbabc836b0bd9c.php (19).
[ 2016-08-26T22:26:18+08:00 ]NOTICE: Undefined index: extensionD:\wamp\www\shop\App\Home\Controller\InfoController.php (41).
[ 2016-08-26T22:26:18+08:00 ]NOTICE: Undefined index: extensionD:\wamp\www\shop\App\Home\Controller\InfoController.php (41).
[ 2016-08-26T22:26:18+08:00 ]NOTICE: Undefined offset: 1D:\wamp\www\shop\Storage\view\compile\b65d2f4b842995dd56cbabc836b0bd9c.php (18).
[ 2016-08-26T22:26:18+08:00 ]NOTICE: Undefined offset: 2D:\wamp\www\shop\Storage\view\compile\b65d2f4b842995dd56cbabc836b0bd9c.php (19).
[ 2016-08-26T22:26:36+08:00 ]NOTICE: Undefined offset: 1D:\wamp\www\shop\Storage\view\compile\b65d2f4b842995dd56cbabc836b0bd9c.php (18).
[ 2016-08-26T22:26:36+08:00 ]NOTICE: Undefined offset: 2D:\wamp\www\shop\Storage\view\compile\b65d2f4b842995dd56cbabc836b0bd9c.php (19).
[ 2016-08-26T22:27:00+08:00 ]NOTICE: Undefined offset: 1D:\wamp\www\shop\Storage\view\compile\b65d2f4b842995dd56cbabc836b0bd9c.php (18).
[ 2016-08-26T22:27:00+08:00 ]NOTICE: Undefined offset: 2D:\wamp\www\shop\Storage\view\compile\b65d2f4b842995dd56cbabc836b0bd9c.php (19).
[ 2016-08-26T22:27:04+08:00 ]NOTICE: Undefined index: extensionD:\wamp\www\shop\App\Home\Controller\InfoController.php (43).
[ 2016-08-26T22:27:04+08:00 ]NOTICE: Undefined index: extensionD:\wamp\www\shop\App\Home\Controller\InfoController.php (43).
[ 2016-08-26T22:27:04+08:00 ]NOTICE: Undefined offset: 1D:\wamp\www\shop\Storage\view\compile\b65d2f4b842995dd56cbabc836b0bd9c.php (18).
[ 2016-08-26T22:27:04+08:00 ]NOTICE: Undefined offset: 2D:\wamp\www\shop\Storage\view\compile\b65d2f4b842995dd56cbabc836b0bd9c.php (19).
[ 2016-08-26T22:27:17+08:00 ]NOTICE: Undefined index: extensionD:\wamp\www\shop\App\Home\Controller\InfoController.php (43).
[ 2016-08-26T22:27:17+08:00 ]NOTICE: Undefined index: extensionD:\wamp\www\shop\App\Home\Controller\InfoController.php (43).
[ 2016-08-26T22:27:17+08:00 ]NOTICE: Undefined offset: 1D:\wamp\www\shop\Storage\view\compile\b65d2f4b842995dd56cbabc836b0bd9c.php (18).
[ 2016-08-26T22:27:17+08:00 ]NOTICE: Undefined offset: 2D:\wamp\www\shop\Storage\view\compile\b65d2f4b842995dd56cbabc836b0bd9c.php (19).
[ 2016-08-26T22:27:38+08:00 ]NOTICE: Undefined offset: 1D:\wamp\www\shop\Storage\view\compile\b65d2f4b842995dd56cbabc836b0bd9c.php (18).
[ 2016-08-26T22:27:38+08:00 ]NOTICE: Undefined offset: 2D:\wamp\www\shop\Storage\view\compile\b65d2f4b842995dd56cbabc836b0bd9c.php (19).
[ 2016-08-26T22:28:12+08:00 ]NOTICE: Undefined index: extensionD:\wamp\www\shop\App\Home\Controller\InfoController.php (43).
[ 2016-08-26T22:28:12+08:00 ]NOTICE: Undefined index: extensionD:\wamp\www\shop\App\Home\Controller\InfoController.php (43).
[ 2016-08-26T22:28:12+08:00 ]NOTICE: Undefined offset: 1D:\wamp\www\shop\Storage\view\compile\b65d2f4b842995dd56cbabc836b0bd9c.php (18).
[ 2016-08-26T22:28:12+08:00 ]NOTICE: Undefined offset: 2D:\wamp\www\shop\Storage\view\compile\b65d2f4b842995dd56cbabc836b0bd9c.php (19).
[ 2016-08-26T22:28:56+08:00 ]NOTICE: Undefined offset: 1D:\wamp\www\shop\Storage\view\compile\b65d2f4b842995dd56cbabc836b0bd9c.php (18).
[ 2016-08-26T22:28:56+08:00 ]NOTICE: Undefined offset: 2D:\wamp\www\shop\Storage\view\compile\b65d2f4b842995dd56cbabc836b0bd9c.php (19).
[ 2016-08-26T22:29:10+08:00 ]NOTICE: Undefined offset: 1D:\wamp\www\shop\Storage\view\compile\b65d2f4b842995dd56cbabc836b0bd9c.php (18).
[ 2016-08-26T22:29:10+08:00 ]NOTICE: Undefined offset: 2D:\wamp\www\shop\Storage\view\compile\b65d2f4b842995dd56cbabc836b0bd9c.php (19).
[ 2016-08-26T22:30:46+08:00 ]NOTICE: Undefined offset: 1D:\wamp\www\shop\Storage\view\compile\b65d2f4b842995dd56cbabc836b0bd9c.php (18).
[ 2016-08-26T22:30:46+08:00 ]NOTICE: Undefined offset: 2D:\wamp\www\shop\Storage\view\compile\b65d2f4b842995dd56cbabc836b0bd9c.php (19).
[ 2016-08-26T22:31:56+08:00 ]NOTICE: Undefined offset: 1D:\wamp\www\shop\Storage\view\compile\b65d2f4b842995dd56cbabc836b0bd9c.php (18).
[ 2016-08-26T22:31:56+08:00 ]NOTICE: Undefined offset: 2D:\wamp\www\shop\Storage\view\compile\b65d2f4b842995dd56cbabc836b0bd9c.php (19).
[ 2016-08-26T22:33:51+08:00 ]NOTICE: Undefined index: extensionD:\wamp\www\shop\App\Home\Controller\InfoController.php (43).
[ 2016-08-26T22:33:51+08:00 ]NOTICE: Undefined index: extensionD:\wamp\www\shop\App\Home\Controller\InfoController.php (43).
[ 2016-08-26T22:33:51+08:00 ]NOTICE: Undefined offset: 1D:\wamp\www\shop\Storage\view\compile\b65d2f4b842995dd56cbabc836b0bd9c.php (18).
[ 2016-08-26T22:33:51+08:00 ]NOTICE: Undefined offset: 2D:\wamp\www\shop\Storage\view\compile\b65d2f4b842995dd56cbabc836b0bd9c.php (19).
[ 2016-08-26T22:34:06+08:00 ]NOTICE: Undefined offset: 1D:\wamp\www\shop\Storage\view\compile\b65d2f4b842995dd56cbabc836b0bd9c.php (18).
[ 2016-08-26T22:34:06+08:00 ]NOTICE: Undefined offset: 2D:\wamp\www\shop\Storage\view\compile\b65d2f4b842995dd56cbabc836b0bd9c.php (19).
[ 2016-08-26T22:36:07+08:00 ]NOTICE: Undefined index: extensionD:\wamp\www\shop\App\Home\Controller\InfoController.php (207).
[ 2016-08-26T22:36:07+08:00 ]NOTICE: Undefined index: extensionD:\wamp\www\shop\App\Home\Controller\InfoController.php (207).
[ 2016-08-26T22:53:04+08:00 ]NOTICE: Undefined index: cartD:\wamp\www\shop\App\Home\Controller\ShopcartController.php (246).
[ 2016-08-26T22:53:04+08:00 ]NOTICE: Undefined variable: priceD:\wamp\www\shop\Storage\view\compile\04902272412f70007262ad9473da1c11.php (160).
[ 2016-08-26T22:55:07+08:00 ]NOTICE: Undefined index: cartD:\wamp\www\shop\App\Home\Controller\ShopcartController.php (246).
[ 2016-08-26T23:12:06+08:00 ]EXCEPTION: SELECT  *  FROM shop_address WHERE did= LIMIT 1 ;BindParams:array (
)42000;1064;You have an error in your SQL syntax; check the manual that corresponds to your MySQL server version for the right syntax to use near 'LIMIT 1' at line 1
[ 2016-08-26T23:12:14+08:00 ]EXCEPTION: SELECT  *  FROM shop_address WHERE did= LIMIT 1 ;BindParams:array (
)42000;1064;You have an error in your SQL syntax; check the manual that corresponds to your MySQL server version for the right syntax to use near 'LIMIT 1' at line 1
[ 2016-08-26T23:13:19+08:00 ]EXCEPTION: SELECT  *  FROM shop_address WHERE did= LIMIT 1 ;BindParams:array (
)42000;1064;You have an error in your SQL syntax; check the manual that corresponds to your MySQL server version for the right syntax to use near 'LIMIT 1' at line 1
[ 2016-08-26T23:14:16+08:00 ]EXCEPTION: SELECT  *  FROM shop_address WHERE did= LIMIT 1 ;BindParams:array (
)42000;1064;You have an error in your SQL syntax; check the manual that corresponds to your MySQL server version for the right syntax to use near 'LIMIT 1' at line 1
[ 2016-08-26T23:17:34+08:00 ]EXCEPTION: SELECT  *  FROM shop_address WHERE did= LIMIT 1 ;BindParams:array (
)42000;1064;You have an error in your SQL syntax; check the manual that corresponds to your MySQL server version for the right syntax to use near 'LIMIT 1' at line 1
[ 2016-08-26T23:18:43+08:00 ]EXCEPTION: SELECT  *  FROM shop_address WHERE did= LIMIT 1 ;BindParams:array (
)42000;1064;You have an error in your SQL syntax; check the manual that corresponds to your MySQL server version for the right syntax to use near 'LIMIT 1' at line 1
[ 2016-08-26T23:19:14+08:00 ]EXCEPTION: SELECT  *  FROM shop_address WHERE did= LIMIT 1 ;BindParams:array (
)42000;1064;You have an error in your SQL syntax; check the manual that corresponds to your MySQL server version for the right syntax to use near 'LIMIT 1' at line 1
