[ 2016-08-27T00:36:44+08:00 ]NOTICE: Undefined index: valueD:\wamp\www\shop\Hdphp\View\HdphpTag.php (154).
[ 2016-08-27T16:06:25+08:00 ]NOTICE: Undefined index: pD:\wamp\www\shop\App\Common\Model\Brand.php (131).
[ 2016-08-27T16:06:25+08:00 ]NOTICE: Undefined index: pD:\wamp\www\shop\App\Common\Model\Brand.php (131).
[ 2016-08-27T16:06:25+08:00 ]NOTICE: Undefined index: pD:\wamp\www\shop\App\Common\Model\Brand.php (131).
[ 2016-08-27T16:06:25+08:00 ]NOTICE: Undefined index: pD:\wamp\www\shop\App\Common\Model\Brand.php (131).
[ 2016-08-27T16:06:25+08:00 ]NOTICE: Undefined index: pD:\wamp\www\shop\App\Common\Model\Brand.php (131).
[ 2016-08-27T16:06:25+08:00 ]NOTICE: Undefined index: pD:\wamp\www\shop\App\Common\Model\Brand.php (131).
[ 2016-08-27T16:06:25+08:00 ]NOTICE: Undefined index: pD:\wamp\www\shop\App\Common\Model\Brand.php (131).
[ 2016-08-27T16:06:25+08:00 ]NOTICE: Undefined index: pD:\wamp\www\shop\App\Common\Model\Brand.php (131).
[ 2016-08-27T16:06:25+08:00 ]NOTICE: Undefined index: pD:\wamp\www\shop\App\Common\Model\Brand.php (131).
[ 2016-08-27T16:06:25+08:00 ]NOTICE: Undefined index: pD:\wamp\www\shop\App\Common\Model\Brand.php (131).
[ 2016-08-27T16:06:25+08:00 ]NOTICE: Undefined index: pD:\wamp\www\shop\App\Common\Model\Brand.php (131).
[ 2016-08-27T16:06:25+08:00 ]NOTICE: Undefined index: pD:\wamp\www\shop\App\Common\Model\Brand.php (131).
[ 2016-08-27T16:06:25+08:00 ]NOTICE: Undefined index: pD:\wamp\www\shop\App\Common\Model\Brand.php (131).
[ 2016-08-27T16:06:25+08:00 ]NOTICE: Undefined index: pD:\wamp\www\shop\App\Common\Model\Brand.php (131).
[ 2016-08-27T16:06:25+08:00 ]NOTICE: Undefined index: pD:\wamp\www\shop\App\Common\Model\Brand.php (131).
[ 2016-08-27T16:06:25+08:00 ]NOTICE: Undefined index: pD:\wamp\www\shop\App\Common\Model\Brand.php (131).
[ 2016-08-27T16:06:25+08:00 ]NOTICE: Undefined index: pD:\wamp\www\shop\App\Common\Model\Brand.php (131).
[ 2016-08-27T16:06:25+08:00 ]NOTICE: Undefined index: pD:\wamp\www\shop\App\Common\Model\Brand.php (131).
[ 2016-08-27T16:06:25+08:00 ]NOTICE: Undefined index: pD:\wamp\www\shop\App\Common\Model\Brand.php (131).
[ 2016-08-27T16:06:25+08:00 ]NOTICE: Undefined index: pD:\wamp\www\shop\App\Common\Model\Brand.php (131).
[ 2016-08-27T16:06:25+08:00 ]NOTICE: Undefined index: pD:\wamp\www\shop\App\Common\Model\Brand.php (131).
[ 2016-08-27T16:06:25+08:00 ]NOTICE: Undefined index: pD:\wamp\www\shop\App\Common\Model\Brand.php (131).
[ 2016-08-27T16:06:25+08:00 ]NOTICE: Undefined index: pD:\wamp\www\shop\App\Common\Model\Brand.php (131).
[ 2016-08-27T16:06:25+08:00 ]NOTICE: Undefined index: pD:\wamp\www\shop\App\Common\Model\Brand.php (131).
[ 2016-08-27T16:06:25+08:00 ]NOTICE: Undefined index: pD:\wamp\www\shop\App\Common\Model\Brand.php (131).
[ 2016-08-27T16:06:25+08:00 ]NOTICE: Undefined index: pD:\wamp\www\shop\App\Common\Model\Brand.php (131).
[ 2016-08-27T16:06:25+08:00 ]NOTICE: Undefined index: pD:\wamp\www\shop\App\Common\Model\Brand.php (131).
[ 2016-08-27T16:06:25+08:00 ]NOTICE: Undefined index: pD:\wamp\www\shop\App\Common\Model\Brand.php (131).
[ 2016-08-27T16:06:25+08:00 ]NOTICE: Undefined index: pD:\wamp\www\shop\App\Common\Model\Brand.php (131).
[ 2016-08-27T16:06:25+08:00 ]NOTICE: Undefined index: pD:\wamp\www\shop\App\Common\Model\Brand.php (131).
[ 2016-08-27T16:06:25+08:00 ]NOTICE: Undefined index: pD:\wamp\www\shop\App\Common\Model\Brand.php (131).
[ 2016-08-27T16:06:25+08:00 ]NOTICE: Undefined index: pD:\wamp\www\shop\App\Common\Model\Brand.php (131).
[ 2016-08-27T16:06:25+08:00 ]NOTICE: Undefined index: pD:\wamp\www\shop\App\Common\Model\Brand.php (131).
[ 2016-08-27T16:06:25+08:00 ]NOTICE: Undefined index: pD:\wamp\www\shop\App\Common\Model\Brand.php (131).
[ 2016-08-27T16:06:25+08:00 ]NOTICE: Undefined index: pD:\wamp\www\shop\App\Common\Model\Brand.php (131).
[ 2016-08-27T16:06:25+08:00 ]NOTICE: Undefined index: pD:\wamp\www\shop\App\Common\Model\Brand.php (131).
[ 2016-08-27T16:06:25+08:00 ]NOTICE: Undefined index: pD:\wamp\www\shop\App\Common\Model\Brand.php (131).
[ 2016-08-27T16:06:25+08:00 ]NOTICE: Undefined index: pD:\wamp\www\shop\App\Common\Model\Brand.php (131).
[ 2016-08-27T16:06:25+08:00 ]NOTICE: Undefined index: pD:\wamp\www\shop\App\Common\Model\Brand.php (131).
[ 2016-08-27T16:06:25+08:00 ]NOTICE: Undefined index: pD:\wamp\www\shop\App\Common\Model\Brand.php (131).
[ 2016-08-27T16:06:25+08:00 ]NOTICE: Undefined index: pD:\wamp\www\shop\App\Common\Model\Brand.php (131).
[ 2016-08-27T16:06:25+08:00 ]NOTICE: Undefined index: pD:\wamp\www\shop\App\Common\Model\Brand.php (131).
[ 2016-08-27T16:06:25+08:00 ]NOTICE: Undefined index: pD:\wamp\www\shop\App\Common\Model\Brand.php (131).
[ 2016-08-27T16:06:25+08:00 ]NOTICE: Undefined index: pD:\wamp\www\shop\App\Common\Model\Brand.php (131).
[ 2016-08-27T16:06:25+08:00 ]NOTICE: Undefined index: pD:\wamp\www\shop\App\Common\Model\Brand.php (131).
[ 2016-08-27T16:06:25+08:00 ]NOTICE: Undefined index: pD:\wamp\www\shop\App\Common\Model\Brand.php (131).
[ 2016-08-27T16:06:25+08:00 ]NOTICE: Undefined index: pD:\wamp\www\shop\App\Common\Model\Brand.php (131).
[ 2016-08-27T16:06:25+08:00 ]NOTICE: Undefined index: pD:\wamp\www\shop\App\Common\Model\Brand.php (131).
[ 2016-08-27T16:06:25+08:00 ]NOTICE: Undefined index: pD:\wamp\www\shop\App\Common\Model\Brand.php (131).
[ 2016-08-27T16:06:25+08:00 ]NOTICE: Undefined index: pD:\wamp\www\shop\App\Common\Model\Brand.php (131).
[ 2016-08-27T16:06:25+08:00 ]NOTICE: Undefined index: pD:\wamp\www\shop\App\Common\Model\Brand.php (131).
[ 2016-08-27T16:06:25+08:00 ]NOTICE: Undefined index: pD:\wamp\www\shop\App\Common\Model\Brand.php (131).
[ 2016-08-27T16:06:25+08:00 ]NOTICE: Undefined index: pD:\wamp\www\shop\App\Common\Model\Brand.php (131).
[ 2016-08-27T16:06:25+08:00 ]NOTICE: Undefined index: pD:\wamp\www\shop\App\Common\Model\Brand.php (131).
[ 2016-08-27T16:06:25+08:00 ]NOTICE: Undefined index: pD:\wamp\www\shop\App\Common\Model\Brand.php (131).
[ 2016-08-27T16:06:25+08:00 ]NOTICE: Undefined index: pD:\wamp\www\shop\App\Common\Model\Brand.php (131).
[ 2016-08-27T16:06:25+08:00 ]NOTICE: Undefined index: pD:\wamp\www\shop\App\Common\Model\Brand.php (131).
[ 2016-08-27T16:06:25+08:00 ]NOTICE: Undefined index: pD:\wamp\www\shop\App\Common\Model\Brand.php (131).
[ 2016-08-27T16:06:25+08:00 ]NOTICE: Undefined index: pD:\wamp\www\shop\App\Common\Model\Brand.php (131).
[ 2016-08-27T16:06:25+08:00 ]NOTICE: Undefined index: pD:\wamp\www\shop\App\Common\Model\Brand.php (131).
[ 2016-08-27T16:06:25+08:00 ]NOTICE: Undefined index: pD:\wamp\www\shop\App\Common\Model\Brand.php (131).
[ 2016-08-27T16:06:25+08:00 ]NOTICE: Undefined index: pD:\wamp\www\shop\App\Common\Model\Brand.php (131).
[ 2016-08-27T16:06:25+08:00 ]NOTICE: Undefined index: pD:\wamp\www\shop\App\Common\Model\Brand.php (131).
[ 2016-08-27T16:06:25+08:00 ]NOTICE: Undefined index: pD:\wamp\www\shop\App\Common\Model\Brand.php (131).
[ 2016-08-27T16:06:25+08:00 ]NOTICE: Undefined index: pD:\wamp\www\shop\App\Common\Model\Brand.php (131).
[ 2016-08-27T16:06:25+08:00 ]NOTICE: Undefined index: pD:\wamp\www\shop\App\Common\Model\Brand.php (131).
[ 2016-08-27T16:06:25+08:00 ]NOTICE: Undefined index: pD:\wamp\www\shop\App\Common\Model\Brand.php (131).
[ 2016-08-27T16:06:25+08:00 ]NOTICE: Undefined index: pD:\wamp\www\shop\App\Common\Model\Brand.php (131).
[ 2016-08-27T16:06:25+08:00 ]NOTICE: Undefined index: pD:\wamp\www\shop\App\Common\Model\Brand.php (131).
[ 2016-08-27T16:06:25+08:00 ]NOTICE: Undefined index: pD:\wamp\www\shop\App\Common\Model\Brand.php (131).
[ 2016-08-27T16:06:25+08:00 ]NOTICE: Undefined index: pD:\wamp\www\shop\App\Common\Model\Brand.php (131).
[ 2016-08-27T16:06:25+08:00 ]NOTICE: Undefined index: pD:\wamp\www\shop\App\Common\Model\Brand.php (131).
[ 2016-08-27T16:06:25+08:00 ]NOTICE: Undefined index: pD:\wamp\www\shop\App\Common\Model\Brand.php (131).
[ 2016-08-27T16:06:25+08:00 ]NOTICE: Undefined index: pD:\wamp\www\shop\App\Common\Model\Brand.php (131).
[ 2016-08-27T16:06:25+08:00 ]NOTICE: Undefined index: pD:\wamp\www\shop\App\Common\Model\Brand.php (131).
[ 2016-08-27T16:06:25+08:00 ]NOTICE: Undefined index: pD:\wamp\www\shop\App\Common\Model\Brand.php (131).
[ 2016-08-27T16:06:25+08:00 ]NOTICE: Undefined index: pD:\wamp\www\shop\App\Common\Model\Brand.php (131).
[ 2016-08-27T16:06:25+08:00 ]NOTICE: Undefined index: pD:\wamp\www\shop\App\Common\Model\Brand.php (131).
[ 2016-08-27T16:06:25+08:00 ]NOTICE: Undefined index: pD:\wamp\www\shop\App\Common\Model\Brand.php (131).
[ 2016-08-27T16:06:25+08:00 ]NOTICE: Undefined index: pD:\wamp\www\shop\App\Common\Model\Brand.php (131).
[ 2016-08-27T16:06:25+08:00 ]NOTICE: Undefined index: pD:\wamp\www\shop\App\Common\Model\Brand.php (131).
[ 2016-08-27T16:06:25+08:00 ]NOTICE: Undefined index: pD:\wamp\www\shop\App\Common\Model\Brand.php (131).
[ 2016-08-27T16:06:25+08:00 ]NOTICE: Undefined index: pD:\wamp\www\shop\App\Common\Model\Brand.php (131).
[ 2016-08-27T16:06:25+08:00 ]NOTICE: Undefined index: pD:\wamp\www\shop\App\Common\Model\Brand.php (131).
[ 2016-08-27T16:06:25+08:00 ]NOTICE: Undefined index: pD:\wamp\www\shop\App\Common\Model\Brand.php (131).
[ 2016-08-27T16:06:25+08:00 ]NOTICE: Undefined index: pD:\wamp\www\shop\App\Common\Model\Brand.php (131).
[ 2016-08-27T16:06:25+08:00 ]NOTICE: Undefined index: pD:\wamp\www\shop\App\Common\Model\Brand.php (131).
[ 2016-08-27T16:06:25+08:00 ]NOTICE: Undefined index: pD:\wamp\www\shop\App\Common\Model\Brand.php (131).
[ 2016-08-27T16:06:25+08:00 ]NOTICE: Undefined index: pD:\wamp\www\shop\App\Common\Model\Brand.php (131).
[ 2016-08-27T16:06:25+08:00 ]NOTICE: Undefined index: pD:\wamp\www\shop\App\Common\Model\Brand.php (131).
[ 2016-08-27T16:06:25+08:00 ]NOTICE: Undefined index: pD:\wamp\www\shop\App\Common\Model\Brand.php (131).
[ 2016-08-27T16:06:25+08:00 ]NOTICE: Undefined index: pD:\wamp\www\shop\App\Common\Model\Brand.php (131).
[ 2016-08-27T16:06:25+08:00 ]NOTICE: Undefined index: pD:\wamp\www\shop\App\Common\Model\Brand.php (131).
[ 2016-08-27T16:06:25+08:00 ]NOTICE: Undefined index: pD:\wamp\www\shop\App\Common\Model\Brand.php (131).
[ 2016-08-27T16:06:25+08:00 ]NOTICE: Undefined index: pD:\wamp\www\shop\App\Common\Model\Brand.php (131).
[ 2016-08-27T16:06:25+08:00 ]NOTICE: Undefined index: pD:\wamp\www\shop\App\Common\Model\Brand.php (131).
[ 2016-08-27T16:06:25+08:00 ]NOTICE: Undefined index: pD:\wamp\www\shop\App\Common\Model\Brand.php (131).
[ 2016-08-27T16:06:25+08:00 ]NOTICE: Undefined index: pD:\wamp\www\shop\App\Common\Model\Brand.php (131).
[ 2016-08-27T16:06:25+08:00 ]NOTICE: Undefined index: pD:\wamp\www\shop\App\Common\Model\Brand.php (131).
[ 2016-08-27T16:06:25+08:00 ]NOTICE: Undefined index: pD:\wamp\www\shop\App\Common\Model\Brand.php (131).
[ 2016-08-27T16:06:25+08:00 ]NOTICE: Undefined index: pD:\wamp\www\shop\App\Common\Model\Brand.php (131).
[ 2016-08-27T16:06:25+08:00 ]NOTICE: Undefined index: pD:\wamp\www\shop\App\Common\Model\Brand.php (131).
[ 2016-08-27T16:06:25+08:00 ]NOTICE: Undefined index: pD:\wamp\www\shop\App\Common\Model\Brand.php (131).
[ 2016-08-27T16:06:25+08:00 ]NOTICE: Undefined index: pD:\wamp\www\shop\App\Common\Model\Brand.php (131).
[ 2016-08-27T16:06:25+08:00 ]NOTICE: Undefined index: pD:\wamp\www\shop\App\Common\Model\Brand.php (131).
[ 2016-08-27T16:06:25+08:00 ]NOTICE: Undefined index: pD:\wamp\www\shop\App\Common\Model\Brand.php (131).
[ 2016-08-27T16:06:25+08:00 ]NOTICE: Undefined index: pD:\wamp\www\shop\App\Common\Model\Brand.php (131).
[ 2016-08-27T16:06:25+08:00 ]NOTICE: Undefined index: pD:\wamp\www\shop\App\Common\Model\Brand.php (131).
[ 2016-08-27T16:06:25+08:00 ]NOTICE: Undefined index: pD:\wamp\www\shop\App\Common\Model\Brand.php (131).
[ 2016-08-27T16:06:25+08:00 ]NOTICE: Undefined index: pD:\wamp\www\shop\App\Common\Model\Brand.php (131).
[ 2016-08-27T16:06:25+08:00 ]NOTICE: Undefined index: pD:\wamp\www\shop\App\Common\Model\Brand.php (131).
[ 2016-08-27T16:06:25+08:00 ]NOTICE: Undefined index: pD:\wamp\www\shop\App\Common\Model\Brand.php (131).
[ 2016-08-27T16:06:25+08:00 ]NOTICE: Undefined index: pD:\wamp\www\shop\App\Common\Model\Brand.php (131).
[ 2016-08-27T16:06:25+08:00 ]NOTICE: Undefined index: pD:\wamp\www\shop\App\Common\Model\Brand.php (131).
[ 2016-08-27T16:06:25+08:00 ]NOTICE: Undefined index: pD:\wamp\www\shop\App\Common\Model\Brand.php (131).
[ 2016-08-27T16:06:25+08:00 ]NOTICE: Undefined index: pD:\wamp\www\shop\App\Common\Model\Brand.php (131).
[ 2016-08-27T16:06:25+08:00 ]NOTICE: Undefined index: pD:\wamp\www\shop\App\Common\Model\Brand.php (131).
[ 2016-08-27T16:06:25+08:00 ]NOTICE: Undefined index: pD:\wamp\www\shop\App\Common\Model\Brand.php (131).
[ 2016-08-27T16:06:25+08:00 ]NOTICE: Undefined index: pD:\wamp\www\shop\App\Common\Model\Brand.php (131).
[ 2016-08-27T16:06:25+08:00 ]NOTICE: Undefined index: pD:\wamp\www\shop\App\Common\Model\Brand.php (131).
[ 2016-08-27T16:06:25+08:00 ]NOTICE: Undefined index: pD:\wamp\www\shop\App\Common\Model\Brand.php (131).
[ 2016-08-27T16:06:25+08:00 ]NOTICE: Undefined index: pD:\wamp\www\shop\App\Common\Model\Brand.php (131).
[ 2016-08-27T16:06:25+08:00 ]NOTICE: Undefined index: pD:\wamp\www\shop\App\Common\Model\Brand.php (131).
[ 2016-08-27T16:06:25+08:00 ]NOTICE: Undefined index: pD:\wamp\www\shop\App\Common\Model\Brand.php (131).
[ 2016-08-27T16:06:25+08:00 ]NOTICE: Undefined index: pD:\wamp\www\shop\App\Common\Model\Brand.php (131).
[ 2016-08-27T16:06:25+08:00 ]NOTICE: Undefined index: pD:\wamp\www\shop\App\Common\Model\Brand.php (131).
[ 2016-08-27T16:06:25+08:00 ]NOTICE: Undefined index: pD:\wamp\www\shop\App\Common\Model\Brand.php (131).
[ 2016-08-27T16:06:25+08:00 ]NOTICE: Undefined index: pD:\wamp\www\shop\App\Common\Model\Brand.php (131).
[ 2016-08-27T16:06:25+08:00 ]NOTICE: Undefined index: pD:\wamp\www\shop\App\Common\Model\Brand.php (131).
[ 2016-08-27T16:06:25+08:00 ]NOTICE: Undefined index: pD:\wamp\www\shop\App\Common\Model\Brand.php (131).
[ 2016-08-27T16:06:25+08:00 ]NOTICE: Undefined index: pD:\wamp\www\shop\App\Common\Model\Brand.php (131).
[ 2016-08-27T16:06:25+08:00 ]NOTICE: Undefined index: pD:\wamp\www\shop\App\Common\Model\Brand.php (131).
[ 2016-08-27T16:06:25+08:00 ]NOTICE: Undefined index: pD:\wamp\www\shop\App\Common\Model\Brand.php (131).
[ 2016-08-27T16:06:25+08:00 ]NOTICE: Undefined index: pD:\wamp\www\shop\App\Common\Model\Brand.php (131).
[ 2016-08-27T16:06:25+08:00 ]NOTICE: Undefined index: pD:\wamp\www\shop\App\Common\Model\Brand.php (131).
[ 2016-08-27T16:06:25+08:00 ]NOTICE: Undefined index: pD:\wamp\www\shop\App\Common\Model\Brand.php (131).
[ 2016-08-27T16:06:25+08:00 ]NOTICE: Undefined index: pD:\wamp\www\shop\App\Common\Model\Brand.php (131).
[ 2016-08-27T16:06:25+08:00 ]NOTICE: Undefined index: pD:\wamp\www\shop\App\Common\Model\Brand.php (131).
[ 2016-08-27T16:06:25+08:00 ]NOTICE: Undefined index: pD:\wamp\www\shop\App\Common\Model\Brand.php (131).
[ 2016-08-27T16:06:25+08:00 ]NOTICE: Undefined index: pD:\wamp\www\shop\App\Common\Model\Brand.php (131).
[ 2016-08-27T16:06:25+08:00 ]NOTICE: Undefined index: pD:\wamp\www\shop\App\Common\Model\Brand.php (131).
[ 2016-08-27T16:06:25+08:00 ]NOTICE: Undefined index: pD:\wamp\www\shop\App\Common\Model\Brand.php (131).
[ 2016-08-27T16:06:25+08:00 ]NOTICE: Undefined index: pD:\wamp\www\shop\App\Common\Model\Brand.php (131).
[ 2016-08-27T16:06:25+08:00 ]NOTICE: Undefined index: pD:\wamp\www\shop\App\Common\Model\Brand.php (131).
[ 2016-08-27T16:06:25+08:00 ]NOTICE: Undefined index: pD:\wamp\www\shop\App\Common\Model\Brand.php (131).
[ 2016-08-27T16:06:25+08:00 ]NOTICE: Undefined index: pD:\wamp\www\shop\App\Common\Model\Brand.php (131).
[ 2016-08-27T16:06:25+08:00 ]NOTICE: Undefined index: pD:\wamp\www\shop\App\Common\Model\Brand.php (131).
[ 2016-08-27T16:06:25+08:00 ]NOTICE: Undefined index: pD:\wamp\www\shop\App\Common\Model\Brand.php (131).
[ 2016-08-27T16:06:25+08:00 ]NOTICE: Undefined index: pD:\wamp\www\shop\App\Common\Model\Brand.php (131).
[ 2016-08-27T16:06:25+08:00 ]NOTICE: Undefined index: pD:\wamp\www\shop\App\Common\Model\Brand.php (131).
[ 2016-08-27T16:06:25+08:00 ]NOTICE: Undefined index: pD:\wamp\www\shop\App\Common\Model\Brand.php (131).
[ 2016-08-27T16:06:25+08:00 ]NOTICE: Undefined index: pD:\wamp\www\shop\App\Common\Model\Brand.php (131).
[ 2016-08-27T16:06:25+08:00 ]NOTICE: Undefined index: pD:\wamp\www\shop\App\Common\Model\Brand.php (131).
[ 2016-08-27T16:06:25+08:00 ]NOTICE: Undefined index: pD:\wamp\www\shop\App\Common\Model\Brand.php (131).
[ 2016-08-27T16:06:25+08:00 ]NOTICE: Undefined index: pD:\wamp\www\shop\App\Common\Model\Brand.php (131).
[ 2016-08-27T16:06:25+08:00 ]NOTICE: Undefined index: pD:\wamp\www\shop\App\Common\Model\Brand.php (131).
[ 2016-08-27T16:06:25+08:00 ]NOTICE: Undefined index: pD:\wamp\www\shop\App\Common\Model\Brand.php (131).
[ 2016-08-27T16:06:25+08:00 ]NOTICE: Undefined index: pD:\wamp\www\shop\App\Common\Model\Brand.php (131).
[ 2016-08-27T16:06:25+08:00 ]NOTICE: Undefined index: pD:\wamp\www\shop\App\Common\Model\Brand.php (131).
[ 2016-08-27T16:06:25+08:00 ]NOTICE: Undefined index: pD:\wamp\www\shop\App\Common\Model\Brand.php (131).
[ 2016-08-27T16:06:25+08:00 ]NOTICE: Undefined index: pD:\wamp\www\shop\App\Common\Model\Brand.php (131).
[ 2016-08-27T16:06:25+08:00 ]NOTICE: Undefined index: pD:\wamp\www\shop\App\Common\Model\Brand.php (131).
[ 2016-08-27T16:06:25+08:00 ]NOTICE: Undefined index: pD:\wamp\www\shop\App\Common\Model\Brand.php (131).
[ 2016-08-27T16:06:25+08:00 ]NOTICE: Undefined index: pD:\wamp\www\shop\App\Common\Model\Brand.php (131).
[ 2016-08-27T16:06:25+08:00 ]NOTICE: Undefined index: pD:\wamp\www\shop\App\Common\Model\Brand.php (131).
[ 2016-08-27T16:06:25+08:00 ]NOTICE: Undefined index: pD:\wamp\www\shop\App\Common\Model\Brand.php (131).
[ 2016-08-27T16:06:25+08:00 ]NOTICE: Undefined index: pD:\wamp\www\shop\App\Common\Model\Brand.php (131).
[ 2016-08-27T16:06:25+08:00 ]NOTICE: Undefined index: pD:\wamp\www\shop\App\Common\Model\Brand.php (131).
[ 2016-08-27T16:06:25+08:00 ]NOTICE: Undefined index: pD:\wamp\www\shop\App\Common\Model\Brand.php (131).
[ 2016-08-27T16:06:25+08:00 ]NOTICE: Undefined index: pD:\wamp\www\shop\App\Common\Model\Brand.php (131).
[ 2016-08-27T16:06:25+08:00 ]NOTICE: Undefined index: pD:\wamp\www\shop\App\Common\Model\Brand.php (131).
[ 2016-08-27T16:06:25+08:00 ]NOTICE: Undefined index: pD:\wamp\www\shop\App\Common\Model\Brand.php (131).
[ 2016-08-27T16:06:25+08:00 ]NOTICE: Undefined index: pD:\wamp\www\shop\App\Common\Model\Brand.php (131).
[ 2016-08-27T16:06:25+08:00 ]NOTICE: Undefined index: pD:\wamp\www\shop\App\Common\Model\Brand.php (131).
[ 2016-08-27T16:06:25+08:00 ]NOTICE: Undefined index: pD:\wamp\www\shop\App\Common\Model\Brand.php (131).
[ 2016-08-27T16:06:25+08:00 ]NOTICE: Undefined index: pD:\wamp\www\shop\App\Common\Model\Brand.php (131).
[ 2016-08-27T16:06:25+08:00 ]NOTICE: Undefined index: pD:\wamp\www\shop\App\Common\Model\Brand.php (131).
[ 2016-08-27T16:06:25+08:00 ]NOTICE: Undefined index: pD:\wamp\www\shop\App\Common\Model\Brand.php (131).
[ 2016-08-27T16:06:25+08:00 ]NOTICE: Undefined index: pD:\wamp\www\shop\App\Common\Model\Brand.php (131).
[ 2016-08-27T16:06:25+08:00 ]NOTICE: Undefined index: pD:\wamp\www\shop\App\Common\Model\Brand.php (131).
[ 2016-08-27T16:06:25+08:00 ]NOTICE: Undefined index: pD:\wamp\www\shop\App\Common\Model\Brand.php (131).
[ 2016-08-27T16:06:25+08:00 ]NOTICE: Undefined index: pD:\wamp\www\shop\App\Common\Model\Brand.php (131).
[ 2016-08-27T16:07:37+08:00 ]NOTICE: Undefined index: pD:\wamp\www\shop\App\Common\Model\Brand.php (132).
[ 2016-08-27T16:07:37+08:00 ]NOTICE: Undefined index: pD:\wamp\www\shop\App\Common\Model\Brand.php (132).
[ 2016-08-27T16:07:37+08:00 ]NOTICE: Undefined index: pD:\wamp\www\shop\App\Common\Model\Brand.php (132).
[ 2016-08-27T16:07:37+08:00 ]NOTICE: Undefined index: pD:\wamp\www\shop\App\Common\Model\Brand.php (132).
[ 2016-08-27T16:07:37+08:00 ]NOTICE: Undefined index: pD:\wamp\www\shop\App\Common\Model\Brand.php (132).
[ 2016-08-27T16:07:37+08:00 ]NOTICE: Undefined index: pD:\wamp\www\shop\App\Common\Model\Brand.php (132).
[ 2016-08-27T16:07:37+08:00 ]NOTICE: Undefined index: pD:\wamp\www\shop\App\Common\Model\Brand.php (132).
[ 2016-08-27T16:07:37+08:00 ]NOTICE: Undefined index: pD:\wamp\www\shop\App\Common\Model\Brand.php (132).
[ 2016-08-27T16:07:37+08:00 ]NOTICE: Undefined index: pD:\wamp\www\shop\App\Common\Model\Brand.php (132).
[ 2016-08-27T16:07:37+08:00 ]NOTICE: Undefined index: pD:\wamp\www\shop\App\Common\Model\Brand.php (132).
[ 2016-08-27T16:07:37+08:00 ]NOTICE: Undefined index: pD:\wamp\www\shop\App\Common\Model\Brand.php (132).
[ 2016-08-27T16:07:37+08:00 ]NOTICE: Undefined index: pD:\wamp\www\shop\App\Common\Model\Brand.php (132).
[ 2016-08-27T16:07:37+08:00 ]NOTICE: Undefined index: pD:\wamp\www\shop\App\Common\Model\Brand.php (132).
[ 2016-08-27T16:07:37+08:00 ]NOTICE: Undefined index: pD:\wamp\www\shop\App\Common\Model\Brand.php (132).
[ 2016-08-27T16:07:37+08:00 ]NOTICE: Undefined index: pD:\wamp\www\shop\App\Common\Model\Brand.php (132).
[ 2016-08-27T16:07:37+08:00 ]NOTICE: Undefined index: pD:\wamp\www\shop\App\Common\Model\Brand.php (132).
[ 2016-08-27T16:07:37+08:00 ]NOTICE: Undefined index: pD:\wamp\www\shop\App\Common\Model\Brand.php (132).
[ 2016-08-27T16:07:37+08:00 ]NOTICE: Undefined index: pD:\wamp\www\shop\App\Common\Model\Brand.php (132).
[ 2016-08-27T16:07:37+08:00 ]NOTICE: Undefined index: pD:\wamp\www\shop\App\Common\Model\Brand.php (132).
[ 2016-08-27T16:07:37+08:00 ]NOTICE: Undefined index: pD:\wamp\www\shop\App\Common\Model\Brand.php (132).
[ 2016-08-27T16:07:37+08:00 ]NOTICE: Undefined index: pD:\wamp\www\shop\App\Common\Model\Brand.php (132).
[ 2016-08-27T16:07:37+08:00 ]NOTICE: Undefined index: pD:\wamp\www\shop\App\Common\Model\Brand.php (132).
[ 2016-08-27T16:07:37+08:00 ]NOTICE: Undefined index: pD:\wamp\www\shop\App\Common\Model\Brand.php (132).
[ 2016-08-27T16:07:37+08:00 ]NOTICE: Undefined index: pD:\wamp\www\shop\App\Common\Model\Brand.php (132).
[ 2016-08-27T16:07:37+08:00 ]NOTICE: Undefined index: pD:\wamp\www\shop\App\Common\Model\Brand.php (132).
[ 2016-08-27T16:07:37+08:00 ]NOTICE: Undefined index: pD:\wamp\www\shop\App\Common\Model\Brand.php (132).
[ 2016-08-27T16:07:37+08:00 ]NOTICE: Undefined index: pD:\wamp\www\shop\App\Common\Model\Brand.php (132).
[ 2016-08-27T16:07:37+08:00 ]NOTICE: Undefined index: pD:\wamp\www\shop\App\Common\Model\Brand.php (132).
[ 2016-08-27T16:07:37+08:00 ]NOTICE: Undefined index: pD:\wamp\www\shop\App\Common\Model\Brand.php (132).
[ 2016-08-27T16:07:37+08:00 ]NOTICE: Undefined index: pD:\wamp\www\shop\App\Common\Model\Brand.php (132).
[ 2016-08-27T16:07:37+08:00 ]NOTICE: Undefined index: pD:\wamp\www\shop\App\Common\Model\Brand.php (132).
[ 2016-08-27T16:07:37+08:00 ]NOTICE: Undefined index: pD:\wamp\www\shop\App\Common\Model\Brand.php (132).
[ 2016-08-27T16:07:37+08:00 ]NOTICE: Undefined index: pD:\wamp\www\shop\App\Common\Model\Brand.php (132).
[ 2016-08-27T16:07:37+08:00 ]NOTICE: Undefined index: pD:\wamp\www\shop\App\Common\Model\Brand.php (132).
[ 2016-08-27T16:07:37+08:00 ]NOTICE: Undefined index: pD:\wamp\www\shop\App\Common\Model\Brand.php (132).
[ 2016-08-27T16:07:37+08:00 ]NOTICE: Undefined index: pD:\wamp\www\shop\App\Common\Model\Brand.php (132).
[ 2016-08-27T16:07:37+08:00 ]NOTICE: Undefined index: pD:\wamp\www\shop\App\Common\Model\Brand.php (132).
[ 2016-08-27T16:07:37+08:00 ]NOTICE: Undefined index: pD:\wamp\www\shop\App\Common\Model\Brand.php (132).
[ 2016-08-27T16:07:37+08:00 ]NOTICE: Undefined index: pD:\wamp\www\shop\App\Common\Model\Brand.php (132).
[ 2016-08-27T16:07:37+08:00 ]NOTICE: Undefined index: pD:\wamp\www\shop\App\Common\Model\Brand.php (132).
[ 2016-08-27T16:07:37+08:00 ]NOTICE: Undefined index: pD:\wamp\www\shop\App\Common\Model\Brand.php (132).
[ 2016-08-27T16:07:37+08:00 ]NOTICE: Undefined index: pD:\wamp\www\shop\App\Common\Model\Brand.php (132).
[ 2016-08-27T16:07:37+08:00 ]NOTICE: Undefined index: pD:\wamp\www\shop\App\Common\Model\Brand.php (132).
[ 2016-08-27T16:07:37+08:00 ]NOTICE: Undefined index: pD:\wamp\www\shop\App\Common\Model\Brand.php (132).
[ 2016-08-27T16:07:37+08:00 ]NOTICE: Undefined index: pD:\wamp\www\shop\App\Common\Model\Brand.php (132).
[ 2016-08-27T16:07:37+08:00 ]NOTICE: Undefined index: pD:\wamp\www\shop\App\Common\Model\Brand.php (132).
[ 2016-08-27T16:07:37+08:00 ]NOTICE: Undefined index: pD:\wamp\www\shop\App\Common\Model\Brand.php (132).
[ 2016-08-27T16:07:37+08:00 ]NOTICE: Undefined index: pD:\wamp\www\shop\App\Common\Model\Brand.php (132).
[ 2016-08-27T16:07:37+08:00 ]NOTICE: Undefined index: pD:\wamp\www\shop\App\Common\Model\Brand.php (132).
[ 2016-08-27T16:07:37+08:00 ]NOTICE: Undefined index: pD:\wamp\www\shop\App\Common\Model\Brand.php (132).
[ 2016-08-27T16:07:37+08:00 ]NOTICE: Undefined index: pD:\wamp\www\shop\App\Common\Model\Brand.php (132).
[ 2016-08-27T16:07:37+08:00 ]NOTICE: Undefined index: pD:\wamp\www\shop\App\Common\Model\Brand.php (132).
[ 2016-08-27T16:07:37+08:00 ]NOTICE: Undefined index: pD:\wamp\www\shop\App\Common\Model\Brand.php (132).
[ 2016-08-27T16:07:37+08:00 ]NOTICE: Undefined index: pD:\wamp\www\shop\App\Common\Model\Brand.php (132).
[ 2016-08-27T16:07:37+08:00 ]NOTICE: Undefined index: pD:\wamp\www\shop\App\Common\Model\Brand.php (132).
[ 2016-08-27T16:07:37+08:00 ]NOTICE: Undefined index: pD:\wamp\www\shop\App\Common\Model\Brand.php (132).
[ 2016-08-27T16:07:37+08:00 ]NOTICE: Undefined index: pD:\wamp\www\shop\App\Common\Model\Brand.php (132).
[ 2016-08-27T16:07:37+08:00 ]NOTICE: Undefined index: pD:\wamp\www\shop\App\Common\Model\Brand.php (132).
[ 2016-08-27T16:07:37+08:00 ]NOTICE: Undefined index: pD:\wamp\www\shop\App\Common\Model\Brand.php (132).
[ 2016-08-27T16:07:37+08:00 ]NOTICE: Undefined index: pD:\wamp\www\shop\App\Common\Model\Brand.php (132).
[ 2016-08-27T16:07:37+08:00 ]NOTICE: Undefined index: pD:\wamp\www\shop\App\Common\Model\Brand.php (132).
[ 2016-08-27T16:07:37+08:00 ]NOTICE: Undefined index: pD:\wamp\www\shop\App\Common\Model\Brand.php (132).
[ 2016-08-27T16:07:37+08:00 ]NOTICE: Undefined index: pD:\wamp\www\shop\App\Common\Model\Brand.php (132).
[ 2016-08-27T16:07:37+08:00 ]NOTICE: Undefined index: pD:\wamp\www\shop\App\Common\Model\Brand.php (132).
[ 2016-08-27T16:07:37+08:00 ]NOTICE: Undefined index: pD:\wamp\www\shop\App\Common\Model\Brand.php (132).
[ 2016-08-27T16:07:37+08:00 ]NOTICE: Undefined index: pD:\wamp\www\shop\App\Common\Model\Brand.php (132).
[ 2016-08-27T16:07:37+08:00 ]NOTICE: Undefined index: pD:\wamp\www\shop\App\Common\Model\Brand.php (132).
[ 2016-08-27T16:07:37+08:00 ]NOTICE: Undefined index: pD:\wamp\www\shop\App\Common\Model\Brand.php (132).
[ 2016-08-27T16:07:37+08:00 ]NOTICE: Undefined index: pD:\wamp\www\shop\App\Common\Model\Brand.php (132).
[ 2016-08-27T16:07:37+08:00 ]NOTICE: Undefined index: pD:\wamp\www\shop\App\Common\Model\Brand.php (132).
[ 2016-08-27T16:07:37+08:00 ]NOTICE: Undefined index: pD:\wamp\www\shop\App\Common\Model\Brand.php (132).
[ 2016-08-27T16:07:37+08:00 ]NOTICE: Undefined index: pD:\wamp\www\shop\App\Common\Model\Brand.php (132).
[ 2016-08-27T16:07:37+08:00 ]NOTICE: Undefined index: pD:\wamp\www\shop\App\Common\Model\Brand.php (132).
[ 2016-08-27T16:07:37+08:00 ]NOTICE: Undefined index: pD:\wamp\www\shop\App\Common\Model\Brand.php (132).
[ 2016-08-27T16:07:37+08:00 ]NOTICE: Undefined index: pD:\wamp\www\shop\App\Common\Model\Brand.php (132).
[ 2016-08-27T16:07:37+08:00 ]NOTICE: Undefined index: pD:\wamp\www\shop\App\Common\Model\Brand.php (132).
[ 2016-08-27T16:07:37+08:00 ]NOTICE: Undefined index: pD:\wamp\www\shop\App\Common\Model\Brand.php (132).
[ 2016-08-27T16:07:37+08:00 ]NOTICE: Undefined index: pD:\wamp\www\shop\App\Common\Model\Brand.php (132).
[ 2016-08-27T16:07:37+08:00 ]NOTICE: Undefined index: pD:\wamp\www\shop\App\Common\Model\Brand.php (132).
[ 2016-08-27T16:07:37+08:00 ]NOTICE: Undefined index: pD:\wamp\www\shop\App\Common\Model\Brand.php (132).
[ 2016-08-27T16:07:37+08:00 ]NOTICE: Undefined index: pD:\wamp\www\shop\App\Common\Model\Brand.php (132).
[ 2016-08-27T16:07:37+08:00 ]NOTICE: Undefined index: pD:\wamp\www\shop\App\Common\Model\Brand.php (132).
[ 2016-08-27T16:07:37+08:00 ]NOTICE: Undefined index: pD:\wamp\www\shop\App\Common\Model\Brand.php (132).
[ 2016-08-27T16:07:37+08:00 ]NOTICE: Undefined index: pD:\wamp\www\shop\App\Common\Model\Brand.php (132).
[ 2016-08-27T16:07:37+08:00 ]NOTICE: Undefined index: pD:\wamp\www\shop\App\Common\Model\Brand.php (132).
[ 2016-08-27T16:07:37+08:00 ]NOTICE: Undefined index: pD:\wamp\www\shop\App\Common\Model\Brand.php (132).
[ 2016-08-27T16:07:37+08:00 ]NOTICE: Undefined index: pD:\wamp\www\shop\App\Common\Model\Brand.php (132).
[ 2016-08-27T16:07:37+08:00 ]NOTICE: Undefined index: pD:\wamp\www\shop\App\Common\Model\Brand.php (132).
[ 2016-08-27T16:07:37+08:00 ]NOTICE: Undefined index: pD:\wamp\www\shop\App\Common\Model\Brand.php (132).
[ 2016-08-27T16:07:37+08:00 ]NOTICE: Undefined index: pD:\wamp\www\shop\App\Common\Model\Brand.php (132).
[ 2016-08-27T16:07:37+08:00 ]NOTICE: Undefined index: pD:\wamp\www\shop\App\Common\Model\Brand.php (132).
[ 2016-08-27T16:07:37+08:00 ]NOTICE: Undefined index: pD:\wamp\www\shop\App\Common\Model\Brand.php (132).
[ 2016-08-27T16:07:37+08:00 ]NOTICE: Undefined index: pD:\wamp\www\shop\App\Common\Model\Brand.php (132).
[ 2016-08-27T16:07:37+08:00 ]NOTICE: Undefined index: pD:\wamp\www\shop\App\Common\Model\Brand.php (132).
[ 2016-08-27T16:07:37+08:00 ]NOTICE: Undefined index: pD:\wamp\www\shop\App\Common\Model\Brand.php (132).
[ 2016-08-27T16:07:37+08:00 ]NOTICE: Undefined index: pD:\wamp\www\shop\App\Common\Model\Brand.php (132).
[ 2016-08-27T16:07:37+08:00 ]NOTICE: Undefined index: pD:\wamp\www\shop\App\Common\Model\Brand.php (132).
[ 2016-08-27T16:07:37+08:00 ]NOTICE: Undefined index: pD:\wamp\www\shop\App\Common\Model\Brand.php (132).
[ 2016-08-27T16:07:37+08:00 ]NOTICE: Undefined index: pD:\wamp\www\shop\App\Common\Model\Brand.php (132).
[ 2016-08-27T16:07:37+08:00 ]NOTICE: Undefined index: pD:\wamp\www\shop\App\Common\Model\Brand.php (132).
[ 2016-08-27T16:07:37+08:00 ]NOTICE: Undefined index: pD:\wamp\www\shop\App\Common\Model\Brand.php (132).
[ 2016-08-27T16:07:37+08:00 ]NOTICE: Undefined index: pD:\wamp\www\shop\App\Common\Model\Brand.php (132).
[ 2016-08-27T16:07:37+08:00 ]NOTICE: Undefined index: pD:\wamp\www\shop\App\Common\Model\Brand.php (132).
[ 2016-08-27T16:07:37+08:00 ]NOTICE: Undefined index: pD:\wamp\www\shop\App\Common\Model\Brand.php (132).
[ 2016-08-27T16:07:37+08:00 ]NOTICE: Undefined index: pD:\wamp\www\shop\App\Common\Model\Brand.php (132).
[ 2016-08-27T16:07:37+08:00 ]NOTICE: Undefined index: pD:\wamp\www\shop\App\Common\Model\Brand.php (132).
[ 2016-08-27T16:07:37+08:00 ]NOTICE: Undefined index: pD:\wamp\www\shop\App\Common\Model\Brand.php (132).
[ 2016-08-27T16:07:37+08:00 ]NOTICE: Undefined index: pD:\wamp\www\shop\App\Common\Model\Brand.php (132).
[ 2016-08-27T16:07:37+08:00 ]NOTICE: Undefined index: pD:\wamp\www\shop\App\Common\Model\Brand.php (132).
[ 2016-08-27T16:07:37+08:00 ]NOTICE: Undefined index: pD:\wamp\www\shop\App\Common\Model\Brand.php (132).
[ 2016-08-27T16:07:37+08:00 ]NOTICE: Undefined index: pD:\wamp\www\shop\App\Common\Model\Brand.php (132).
[ 2016-08-27T16:07:37+08:00 ]NOTICE: Undefined index: pD:\wamp\www\shop\App\Common\Model\Brand.php (132).
[ 2016-08-27T16:07:37+08:00 ]NOTICE: Undefined index: pD:\wamp\www\shop\App\Common\Model\Brand.php (132).
[ 2016-08-27T16:07:37+08:00 ]NOTICE: Undefined index: pD:\wamp\www\shop\App\Common\Model\Brand.php (132).
[ 2016-08-27T16:07:37+08:00 ]NOTICE: Undefined index: pD:\wamp\www\shop\App\Common\Model\Brand.php (132).
[ 2016-08-27T16:07:37+08:00 ]NOTICE: Undefined index: pD:\wamp\www\shop\App\Common\Model\Brand.php (132).
[ 2016-08-27T16:07:37+08:00 ]NOTICE: Undefined index: pD:\wamp\www\shop\App\Common\Model\Brand.php (132).
[ 2016-08-27T16:07:37+08:00 ]NOTICE: Undefined index: pD:\wamp\www\shop\App\Common\Model\Brand.php (132).
[ 2016-08-27T16:07:37+08:00 ]NOTICE: Undefined index: pD:\wamp\www\shop\App\Common\Model\Brand.php (132).
[ 2016-08-27T16:07:37+08:00 ]NOTICE: Undefined index: pD:\wamp\www\shop\App\Common\Model\Brand.php (132).
[ 2016-08-27T16:07:37+08:00 ]NOTICE: Undefined index: pD:\wamp\www\shop\App\Common\Model\Brand.php (132).
[ 2016-08-27T16:07:37+08:00 ]NOTICE: Undefined index: pD:\wamp\www\shop\App\Common\Model\Brand.php (132).
[ 2016-08-27T16:07:37+08:00 ]NOTICE: Undefined index: pD:\wamp\www\shop\App\Common\Model\Brand.php (132).
[ 2016-08-27T16:07:37+08:00 ]NOTICE: Undefined index: pD:\wamp\www\shop\App\Common\Model\Brand.php (132).
[ 2016-08-27T16:07:37+08:00 ]NOTICE: Undefined index: pD:\wamp\www\shop\App\Common\Model\Brand.php (132).
[ 2016-08-27T16:07:37+08:00 ]NOTICE: Undefined index: pD:\wamp\www\shop\App\Common\Model\Brand.php (132).
[ 2016-08-27T16:07:37+08:00 ]NOTICE: Undefined index: pD:\wamp\www\shop\App\Common\Model\Brand.php (132).
[ 2016-08-27T16:07:37+08:00 ]NOTICE: Undefined index: pD:\wamp\www\shop\App\Common\Model\Brand.php (132).
[ 2016-08-27T16:07:37+08:00 ]NOTICE: Undefined index: pD:\wamp\www\shop\App\Common\Model\Brand.php (132).
[ 2016-08-27T16:07:37+08:00 ]NOTICE: Undefined index: pD:\wamp\www\shop\App\Common\Model\Brand.php (132).
[ 2016-08-27T16:07:37+08:00 ]NOTICE: Undefined index: pD:\wamp\www\shop\App\Common\Model\Brand.php (132).
[ 2016-08-27T16:07:37+08:00 ]NOTICE: Undefined index: pD:\wamp\www\shop\App\Common\Model\Brand.php (132).
[ 2016-08-27T16:07:37+08:00 ]NOTICE: Undefined index: pD:\wamp\www\shop\App\Common\Model\Brand.php (132).
[ 2016-08-27T16:07:37+08:00 ]NOTICE: Undefined index: pD:\wamp\www\shop\App\Common\Model\Brand.php (132).
[ 2016-08-27T16:07:37+08:00 ]NOTICE: Undefined index: pD:\wamp\www\shop\App\Common\Model\Brand.php (132).
[ 2016-08-27T16:07:37+08:00 ]NOTICE: Undefined index: pD:\wamp\www\shop\App\Common\Model\Brand.php (132).
[ 2016-08-27T16:07:37+08:00 ]NOTICE: Undefined index: pD:\wamp\www\shop\App\Common\Model\Brand.php (132).
[ 2016-08-27T16:07:37+08:00 ]NOTICE: Undefined index: pD:\wamp\www\shop\App\Common\Model\Brand.php (132).
[ 2016-08-27T16:07:37+08:00 ]NOTICE: Undefined index: pD:\wamp\www\shop\App\Common\Model\Brand.php (132).
[ 2016-08-27T16:07:37+08:00 ]NOTICE: Undefined index: pD:\wamp\www\shop\App\Common\Model\Brand.php (132).
[ 2016-08-27T16:07:37+08:00 ]NOTICE: Undefined index: pD:\wamp\www\shop\App\Common\Model\Brand.php (132).
[ 2016-08-27T16:07:37+08:00 ]NOTICE: Undefined index: pD:\wamp\www\shop\App\Common\Model\Brand.php (132).
[ 2016-08-27T16:07:37+08:00 ]NOTICE: Undefined index: pD:\wamp\www\shop\App\Common\Model\Brand.php (132).
[ 2016-08-27T16:07:37+08:00 ]NOTICE: Undefined index: pD:\wamp\www\shop\App\Common\Model\Brand.php (132).
[ 2016-08-27T16:07:37+08:00 ]NOTICE: Undefined index: pD:\wamp\www\shop\App\Common\Model\Brand.php (132).
[ 2016-08-27T16:07:37+08:00 ]NOTICE: Undefined index: pD:\wamp\www\shop\App\Common\Model\Brand.php (132).
[ 2016-08-27T16:07:37+08:00 ]NOTICE: Undefined index: pD:\wamp\www\shop\App\Common\Model\Brand.php (132).
[ 2016-08-27T16:07:37+08:00 ]NOTICE: Undefined index: pD:\wamp\www\shop\App\Common\Model\Brand.php (132).
[ 2016-08-27T16:07:37+08:00 ]NOTICE: Undefined index: pD:\wamp\www\shop\App\Common\Model\Brand.php (132).
[ 2016-08-27T16:07:37+08:00 ]NOTICE: Undefined index: pD:\wamp\www\shop\App\Common\Model\Brand.php (132).
[ 2016-08-27T16:07:37+08:00 ]NOTICE: Undefined index: pD:\wamp\www\shop\App\Common\Model\Brand.php (132).
[ 2016-08-27T16:07:37+08:00 ]NOTICE: Undefined index: pD:\wamp\www\shop\App\Common\Model\Brand.php (132).
[ 2016-08-27T16:07:37+08:00 ]NOTICE: Undefined index: pD:\wamp\www\shop\App\Common\Model\Brand.php (132).
[ 2016-08-27T16:07:37+08:00 ]NOTICE: Undefined index: pD:\wamp\www\shop\App\Common\Model\Brand.php (132).
[ 2016-08-27T16:07:37+08:00 ]NOTICE: Undefined index: pD:\wamp\www\shop\App\Common\Model\Brand.php (132).
[ 2016-08-27T16:07:37+08:00 ]NOTICE: Undefined index: pD:\wamp\www\shop\App\Common\Model\Brand.php (132).
[ 2016-08-27T16:07:37+08:00 ]NOTICE: Undefined index: pD:\wamp\www\shop\App\Common\Model\Brand.php (132).
[ 2016-08-27T16:07:37+08:00 ]NOTICE: Undefined index: pD:\wamp\www\shop\App\Common\Model\Brand.php (132).
[ 2016-08-27T16:07:37+08:00 ]NOTICE: Undefined index: pD:\wamp\www\shop\App\Common\Model\Brand.php (132).
[ 2016-08-27T16:07:37+08:00 ]NOTICE: Undefined index: pD:\wamp\www\shop\App\Common\Model\Brand.php (132).
[ 2016-08-27T16:07:37+08:00 ]NOTICE: Undefined index: pD:\wamp\www\shop\App\Common\Model\Brand.php (132).
[ 2016-08-27T16:07:37+08:00 ]NOTICE: Undefined index: pD:\wamp\www\shop\App\Common\Model\Brand.php (132).
[ 2016-08-27T16:07:37+08:00 ]NOTICE: Undefined index: pD:\wamp\www\shop\App\Common\Model\Brand.php (132).
[ 2016-08-27T16:07:37+08:00 ]NOTICE: Undefined index: pD:\wamp\www\shop\App\Common\Model\Brand.php (132).
[ 2016-08-27T16:07:37+08:00 ]NOTICE: Undefined index: pD:\wamp\www\shop\App\Common\Model\Brand.php (132).
[ 2016-08-27T16:07:37+08:00 ]NOTICE: Undefined index: pD:\wamp\www\shop\App\Common\Model\Brand.php (132).
[ 2016-08-27T16:07:37+08:00 ]NOTICE: Undefined index: pD:\wamp\www\shop\App\Common\Model\Brand.php (132).
[ 2016-08-27T16:07:37+08:00 ]NOTICE: Undefined index: pD:\wamp\www\shop\App\Common\Model\Brand.php (132).
[ 2016-08-27T16:07:37+08:00 ]NOTICE: Undefined index: pD:\wamp\www\shop\App\Common\Model\Brand.php (132).
[ 2016-08-27T16:07:37+08:00 ]NOTICE: Undefined index: pD:\wamp\www\shop\App\Common\Model\Brand.php (132).
[ 2016-08-27T16:07:37+08:00 ]NOTICE: Undefined index: pD:\wamp\www\shop\App\Common\Model\Brand.php (132).
[ 2016-08-27T16:07:37+08:00 ]NOTICE: Undefined index: pD:\wamp\www\shop\App\Common\Model\Brand.php (132).
[ 2016-08-27T16:07:37+08:00 ]NOTICE: Undefined index: pD:\wamp\www\shop\App\Common\Model\Brand.php (132).
[ 2016-08-27T16:07:37+08:00 ]NOTICE: Undefined index: pD:\wamp\www\shop\App\Common\Model\Brand.php (132).
[ 2016-08-27T16:07:37+08:00 ]NOTICE: Undefined index: pD:\wamp\www\shop\App\Common\Model\Brand.php (132).
[ 2016-08-27T16:07:37+08:00 ]NOTICE: Undefined index: pD:\wamp\www\shop\App\Common\Model\Brand.php (132).
[ 2016-08-27T16:07:37+08:00 ]NOTICE: Undefined index: pD:\wamp\www\shop\App\Common\Model\Brand.php (132).
[ 2016-08-27T16:07:37+08:00 ]NOTICE: Undefined index: pD:\wamp\www\shop\App\Common\Model\Brand.php (132).
[ 2016-08-27T16:07:37+08:00 ]NOTICE: Undefined index: pD:\wamp\www\shop\App\Common\Model\Brand.php (132).
[ 2016-08-27T16:07:37+08:00 ]NOTICE: Undefined index: pD:\wamp\www\shop\App\Common\Model\Brand.php (132).
[ 2016-08-27T16:07:37+08:00 ]NOTICE: Undefined index: pD:\wamp\www\shop\App\Common\Model\Brand.php (132).
[ 2016-08-27T16:07:37+08:00 ]NOTICE: Undefined index: pD:\wamp\www\shop\App\Common\Model\Brand.php (132).
[ 2016-08-27T19:39:55+08:00 ]NOTICE: Invalid argument supplied for foreach()D:\wamp\www\shop\Storage\view\compile\0c28e7150ba5d668f4a1564650d3d0d8.php (1113).
[ 2016-08-27T19:39:55+08:00 ]NOTICE: Invalid argument supplied for foreach()D:\wamp\www\shop\Storage\view\compile\0c28e7150ba5d668f4a1564650d3d0d8.php (1192).
[ 2016-08-27T19:57:59+08:00 ]NOTICE: Missing argument 2 for Home\Controller\IndexController::floor(), called in D:\wamp\www\shop\App\Home\Controller\IndexController.php on line 39 and definedD:\wamp\www\shop\App\Home\Controller\IndexController.php (45).
[ 2016-08-27T19:57:59+08:00 ]NOTICE: Undefined variable: sumD:\wamp\www\shop\App\Home\Controller\IndexController.php (49).
[ 2016-08-27T19:57:59+08:00 ]NOTICE: Undefined variable: sumD:\wamp\www\shop\App\Home\Controller\IndexController.php (49).
[ 2016-08-27T19:57:59+08:00 ]NOTICE: Undefined variable: sumD:\wamp\www\shop\App\Home\Controller\IndexController.php (49).
[ 2016-08-27T19:57:59+08:00 ]NOTICE: Undefined variable: sumD:\wamp\www\shop\App\Home\Controller\IndexController.php (49).
[ 2016-08-27T19:57:59+08:00 ]NOTICE: Undefined variable: sumD:\wamp\www\shop\App\Home\Controller\IndexController.php (49).
[ 2016-08-27T19:57:59+08:00 ]NOTICE: Undefined variable: sumD:\wamp\www\shop\App\Home\Controller\IndexController.php (49).
[ 2016-08-27T19:57:59+08:00 ]NOTICE: Undefined variable: sumD:\wamp\www\shop\App\Home\Controller\IndexController.php (49).
[ 2016-08-27T19:57:59+08:00 ]NOTICE: Undefined variable: sumD:\wamp\www\shop\App\Home\Controller\IndexController.php (49).
[ 2016-08-27T19:58:03+08:00 ]NOTICE: Missing argument 2 for Home\Controller\IndexController::floor(), called in D:\wamp\www\shop\App\Home\Controller\IndexController.php on line 39 and definedD:\wamp\www\shop\App\Home\Controller\IndexController.php (45).
[ 2016-08-27T19:58:03+08:00 ]NOTICE: Undefined variable: sumD:\wamp\www\shop\App\Home\Controller\IndexController.php (49).
[ 2016-08-27T19:58:03+08:00 ]NOTICE: Undefined variable: sumD:\wamp\www\shop\App\Home\Controller\IndexController.php (49).
[ 2016-08-27T19:58:03+08:00 ]NOTICE: Undefined variable: sumD:\wamp\www\shop\App\Home\Controller\IndexController.php (49).
[ 2016-08-27T19:58:03+08:00 ]NOTICE: Undefined variable: sumD:\wamp\www\shop\App\Home\Controller\IndexController.php (49).
[ 2016-08-27T19:58:03+08:00 ]NOTICE: Undefined variable: sumD:\wamp\www\shop\App\Home\Controller\IndexController.php (49).
[ 2016-08-27T19:58:03+08:00 ]NOTICE: Undefined variable: sumD:\wamp\www\shop\App\Home\Controller\IndexController.php (49).
[ 2016-08-27T19:58:03+08:00 ]NOTICE: Undefined variable: sumD:\wamp\www\shop\App\Home\Controller\IndexController.php (49).
[ 2016-08-27T19:58:03+08:00 ]NOTICE: Undefined variable: sumD:\wamp\www\shop\App\Home\Controller\IndexController.php (49).
[ 2016-08-27T19:58:05+08:00 ]NOTICE: Missing argument 2 for Home\Controller\IndexController::floor(), called in D:\wamp\www\shop\App\Home\Controller\IndexController.php on line 39 and definedD:\wamp\www\shop\App\Home\Controller\IndexController.php (45).
[ 2016-08-27T19:58:05+08:00 ]NOTICE: Undefined variable: sumD:\wamp\www\shop\App\Home\Controller\IndexController.php (49).
[ 2016-08-27T19:58:05+08:00 ]NOTICE: Undefined variable: sumD:\wamp\www\shop\App\Home\Controller\IndexController.php (49).
[ 2016-08-27T19:58:05+08:00 ]NOTICE: Undefined variable: sumD:\wamp\www\shop\App\Home\Controller\IndexController.php (49).
[ 2016-08-27T19:58:05+08:00 ]NOTICE: Undefined variable: sumD:\wamp\www\shop\App\Home\Controller\IndexController.php (49).
[ 2016-08-27T19:58:05+08:00 ]NOTICE: Undefined variable: sumD:\wamp\www\shop\App\Home\Controller\IndexController.php (49).
[ 2016-08-27T19:58:05+08:00 ]NOTICE: Undefined variable: sumD:\wamp\www\shop\App\Home\Controller\IndexController.php (49).
[ 2016-08-27T19:58:05+08:00 ]NOTICE: Undefined variable: sumD:\wamp\www\shop\App\Home\Controller\IndexController.php (49).
[ 2016-08-27T19:58:05+08:00 ]NOTICE: Undefined variable: sumD:\wamp\www\shop\App\Home\Controller\IndexController.php (49).
[ 2016-08-27T19:58:06+08:00 ]NOTICE: Missing argument 2 for Home\Controller\IndexController::floor(), called in D:\wamp\www\shop\App\Home\Controller\IndexController.php on line 39 and definedD:\wamp\www\shop\App\Home\Controller\IndexController.php (45).
[ 2016-08-27T19:58:06+08:00 ]NOTICE: Undefined variable: sumD:\wamp\www\shop\App\Home\Controller\IndexController.php (49).
[ 2016-08-27T19:58:06+08:00 ]NOTICE: Undefined variable: sumD:\wamp\www\shop\App\Home\Controller\IndexController.php (49).
[ 2016-08-27T19:58:06+08:00 ]NOTICE: Undefined variable: sumD:\wamp\www\shop\App\Home\Controller\IndexController.php (49).
[ 2016-08-27T19:58:06+08:00 ]NOTICE: Undefined variable: sumD:\wamp\www\shop\App\Home\Controller\IndexController.php (49).
[ 2016-08-27T19:58:06+08:00 ]NOTICE: Undefined variable: sumD:\wamp\www\shop\App\Home\Controller\IndexController.php (49).
[ 2016-08-27T19:58:06+08:00 ]NOTICE: Undefined variable: sumD:\wamp\www\shop\App\Home\Controller\IndexController.php (49).
[ 2016-08-27T19:58:06+08:00 ]NOTICE: Undefined variable: sumD:\wamp\www\shop\App\Home\Controller\IndexController.php (49).
[ 2016-08-27T19:58:06+08:00 ]NOTICE: Undefined variable: sumD:\wamp\www\shop\App\Home\Controller\IndexController.php (49).
[ 2016-08-27T19:58:08+08:00 ]NOTICE: Missing argument 2 for Home\Controller\IndexController::floor(), called in D:\wamp\www\shop\App\Home\Controller\IndexController.php on line 39 and definedD:\wamp\www\shop\App\Home\Controller\IndexController.php (45).
[ 2016-08-27T19:58:08+08:00 ]NOTICE: Undefined variable: sumD:\wamp\www\shop\App\Home\Controller\IndexController.php (49).
[ 2016-08-27T19:58:08+08:00 ]NOTICE: Undefined variable: sumD:\wamp\www\shop\App\Home\Controller\IndexController.php (49).
[ 2016-08-27T19:58:08+08:00 ]NOTICE: Undefined variable: sumD:\wamp\www\shop\App\Home\Controller\IndexController.php (49).
[ 2016-08-27T19:58:08+08:00 ]NOTICE: Undefined variable: sumD:\wamp\www\shop\App\Home\Controller\IndexController.php (49).
[ 2016-08-27T19:58:08+08:00 ]NOTICE: Undefined variable: sumD:\wamp\www\shop\App\Home\Controller\IndexController.php (49).
[ 2016-08-27T19:58:08+08:00 ]NOTICE: Undefined variable: sumD:\wamp\www\shop\App\Home\Controller\IndexController.php (49).
[ 2016-08-27T19:58:08+08:00 ]NOTICE: Undefined variable: sumD:\wamp\www\shop\App\Home\Controller\IndexController.php (49).
[ 2016-08-27T19:58:08+08:00 ]NOTICE: Undefined variable: sumD:\wamp\www\shop\App\Home\Controller\IndexController.php (49).
[ 2016-08-27T19:58:10+08:00 ]NOTICE: Missing argument 2 for Home\Controller\IndexController::floor(), called in D:\wamp\www\shop\App\Home\Controller\IndexController.php on line 39 and definedD:\wamp\www\shop\App\Home\Controller\IndexController.php (45).
[ 2016-08-27T19:58:10+08:00 ]NOTICE: Undefined variable: sumD:\wamp\www\shop\App\Home\Controller\IndexController.php (49).
[ 2016-08-27T19:58:10+08:00 ]NOTICE: Undefined variable: sumD:\wamp\www\shop\App\Home\Controller\IndexController.php (49).
[ 2016-08-27T19:58:10+08:00 ]NOTICE: Undefined variable: sumD:\wamp\www\shop\App\Home\Controller\IndexController.php (49).
[ 2016-08-27T19:58:10+08:00 ]NOTICE: Undefined variable: sumD:\wamp\www\shop\App\Home\Controller\IndexController.php (49).
[ 2016-08-27T19:58:10+08:00 ]NOTICE: Undefined variable: sumD:\wamp\www\shop\App\Home\Controller\IndexController.php (49).
[ 2016-08-27T19:58:10+08:00 ]NOTICE: Undefined variable: sumD:\wamp\www\shop\App\Home\Controller\IndexController.php (49).
[ 2016-08-27T19:58:10+08:00 ]NOTICE: Undefined variable: sumD:\wamp\www\shop\App\Home\Controller\IndexController.php (49).
[ 2016-08-27T19:58:10+08:00 ]NOTICE: Undefined variable: sumD:\wamp\www\shop\App\Home\Controller\IndexController.php (49).
[ 2016-08-27T19:58:14+08:00 ]NOTICE: Missing argument 2 for Home\Controller\IndexController::floor(), called in D:\wamp\www\shop\App\Home\Controller\IndexController.php on line 39 and definedD:\wamp\www\shop\App\Home\Controller\IndexController.php (45).
[ 2016-08-27T19:58:14+08:00 ]NOTICE: Undefined variable: sumD:\wamp\www\shop\App\Home\Controller\IndexController.php (49).
[ 2016-08-27T19:58:14+08:00 ]NOTICE: Undefined variable: sumD:\wamp\www\shop\App\Home\Controller\IndexController.php (49).
[ 2016-08-27T19:58:14+08:00 ]NOTICE: Undefined variable: sumD:\wamp\www\shop\App\Home\Controller\IndexController.php (49).
[ 2016-08-27T19:58:14+08:00 ]NOTICE: Undefined variable: sumD:\wamp\www\shop\App\Home\Controller\IndexController.php (49).
[ 2016-08-27T19:58:14+08:00 ]NOTICE: Undefined variable: sumD:\wamp\www\shop\App\Home\Controller\IndexController.php (49).
[ 2016-08-27T19:58:14+08:00 ]NOTICE: Undefined variable: sumD:\wamp\www\shop\App\Home\Controller\IndexController.php (49).
[ 2016-08-27T19:58:14+08:00 ]NOTICE: Undefined variable: sumD:\wamp\www\shop\App\Home\Controller\IndexController.php (49).
[ 2016-08-27T19:58:14+08:00 ]NOTICE: Undefined variable: sumD:\wamp\www\shop\App\Home\Controller\IndexController.php (49).
[ 2016-08-27T19:58:16+08:00 ]NOTICE: Missing argument 2 for Home\Controller\IndexController::floor(), called in D:\wamp\www\shop\App\Home\Controller\IndexController.php on line 39 and definedD:\wamp\www\shop\App\Home\Controller\IndexController.php (45).
[ 2016-08-27T19:58:16+08:00 ]NOTICE: Undefined variable: sumD:\wamp\www\shop\App\Home\Controller\IndexController.php (49).
[ 2016-08-27T19:58:16+08:00 ]NOTICE: Undefined variable: sumD:\wamp\www\shop\App\Home\Controller\IndexController.php (49).
[ 2016-08-27T19:58:16+08:00 ]NOTICE: Undefined variable: sumD:\wamp\www\shop\App\Home\Controller\IndexController.php (49).
[ 2016-08-27T19:58:16+08:00 ]NOTICE: Undefined variable: sumD:\wamp\www\shop\App\Home\Controller\IndexController.php (49).
[ 2016-08-27T19:58:16+08:00 ]NOTICE: Undefined variable: sumD:\wamp\www\shop\App\Home\Controller\IndexController.php (49).
[ 2016-08-27T19:58:16+08:00 ]NOTICE: Undefined variable: sumD:\wamp\www\shop\App\Home\Controller\IndexController.php (49).
[ 2016-08-27T19:58:16+08:00 ]NOTICE: Undefined variable: sumD:\wamp\www\shop\App\Home\Controller\IndexController.php (49).
[ 2016-08-27T19:58:16+08:00 ]NOTICE: Undefined variable: sumD:\wamp\www\shop\App\Home\Controller\IndexController.php (49).
[ 2016-08-27T19:58:19+08:00 ]NOTICE: Missing argument 2 for Home\Controller\IndexController::floor(), called in D:\wamp\www\shop\App\Home\Controller\IndexController.php on line 39 and definedD:\wamp\www\shop\App\Home\Controller\IndexController.php (45).
[ 2016-08-27T19:58:19+08:00 ]NOTICE: Undefined variable: sumD:\wamp\www\shop\App\Home\Controller\IndexController.php (49).
[ 2016-08-27T19:58:19+08:00 ]NOTICE: Undefined variable: sumD:\wamp\www\shop\App\Home\Controller\IndexController.php (49).
[ 2016-08-27T19:58:19+08:00 ]NOTICE: Undefined variable: sumD:\wamp\www\shop\App\Home\Controller\IndexController.php (49).
[ 2016-08-27T19:58:19+08:00 ]NOTICE: Undefined variable: sumD:\wamp\www\shop\App\Home\Controller\IndexController.php (49).
[ 2016-08-27T19:58:19+08:00 ]NOTICE: Undefined variable: sumD:\wamp\www\shop\App\Home\Controller\IndexController.php (49).
[ 2016-08-27T19:58:19+08:00 ]NOTICE: Undefined variable: sumD:\wamp\www\shop\App\Home\Controller\IndexController.php (49).
[ 2016-08-27T19:58:19+08:00 ]NOTICE: Undefined variable: sumD:\wamp\www\shop\App\Home\Controller\IndexController.php (49).
[ 2016-08-27T19:58:19+08:00 ]NOTICE: Undefined variable: sumD:\wamp\www\shop\App\Home\Controller\IndexController.php (49).
[ 2016-08-27T19:59:28+08:00 ]NOTICE: Missing argument 2 for Home\Controller\IndexController::floor(), called in D:\wamp\www\shop\App\Home\Controller\IndexController.php on line 40 and definedD:\wamp\www\shop\App\Home\Controller\IndexController.php (46).
[ 2016-08-27T19:59:28+08:00 ]NOTICE: Undefined variable: sumD:\wamp\www\shop\App\Home\Controller\IndexController.php (50).
[ 2016-08-27T19:59:28+08:00 ]NOTICE: Undefined variable: sumD:\wamp\www\shop\App\Home\Controller\IndexController.php (50).
[ 2016-08-27T19:59:28+08:00 ]NOTICE: Undefined variable: sumD:\wamp\www\shop\App\Home\Controller\IndexController.php (50).
[ 2016-08-27T19:59:28+08:00 ]NOTICE: Undefined variable: sumD:\wamp\www\shop\App\Home\Controller\IndexController.php (50).
[ 2016-08-27T19:59:28+08:00 ]NOTICE: Undefined variable: sumD:\wamp\www\shop\App\Home\Controller\IndexController.php (50).
[ 2016-08-27T19:59:28+08:00 ]NOTICE: Undefined variable: sumD:\wamp\www\shop\App\Home\Controller\IndexController.php (50).
[ 2016-08-27T19:59:28+08:00 ]NOTICE: Undefined variable: sumD:\wamp\www\shop\App\Home\Controller\IndexController.php (50).
[ 2016-08-27T19:59:28+08:00 ]NOTICE: Undefined variable: sumD:\wamp\www\shop\App\Home\Controller\IndexController.php (50).
[ 2016-08-27T19:59:32+08:00 ]NOTICE: Missing argument 2 for Home\Controller\IndexController::floor(), called in D:\wamp\www\shop\App\Home\Controller\IndexController.php on line 40 and definedD:\wamp\www\shop\App\Home\Controller\IndexController.php (46).
[ 2016-08-27T19:59:32+08:00 ]NOTICE: Undefined variable: sumD:\wamp\www\shop\App\Home\Controller\IndexController.php (50).
[ 2016-08-27T19:59:32+08:00 ]NOTICE: Undefined variable: sumD:\wamp\www\shop\App\Home\Controller\IndexController.php (50).
[ 2016-08-27T19:59:32+08:00 ]NOTICE: Undefined variable: sumD:\wamp\www\shop\App\Home\Controller\IndexController.php (50).
[ 2016-08-27T19:59:32+08:00 ]NOTICE: Undefined variable: sumD:\wamp\www\shop\App\Home\Controller\IndexController.php (50).
[ 2016-08-27T19:59:32+08:00 ]NOTICE: Undefined variable: sumD:\wamp\www\shop\App\Home\Controller\IndexController.php (50).
[ 2016-08-27T19:59:32+08:00 ]NOTICE: Undefined variable: sumD:\wamp\www\shop\App\Home\Controller\IndexController.php (50).
[ 2016-08-27T19:59:32+08:00 ]NOTICE: Undefined variable: sumD:\wamp\www\shop\App\Home\Controller\IndexController.php (50).
[ 2016-08-27T19:59:32+08:00 ]NOTICE: Undefined variable: sumD:\wamp\www\shop\App\Home\Controller\IndexController.php (50).
[ 2016-08-27T19:59:53+08:00 ]NOTICE: Missing argument 2 for Home\Controller\IndexController::floor(), called in D:\wamp\www\shop\App\Home\Controller\IndexController.php on line 40 and definedD:\wamp\www\shop\App\Home\Controller\IndexController.php (46).
[ 2016-08-27T19:59:53+08:00 ]NOTICE: Undefined variable: sumD:\wamp\www\shop\App\Home\Controller\IndexController.php (50).
[ 2016-08-27T19:59:53+08:00 ]NOTICE: Undefined variable: sumD:\wamp\www\shop\App\Home\Controller\IndexController.php (50).
[ 2016-08-27T19:59:53+08:00 ]NOTICE: Undefined variable: sumD:\wamp\www\shop\App\Home\Controller\IndexController.php (50).
[ 2016-08-27T19:59:53+08:00 ]NOTICE: Undefined variable: sumD:\wamp\www\shop\App\Home\Controller\IndexController.php (50).
[ 2016-08-27T19:59:53+08:00 ]NOTICE: Undefined variable: sumD:\wamp\www\shop\App\Home\Controller\IndexController.php (50).
[ 2016-08-27T19:59:53+08:00 ]NOTICE: Undefined variable: sumD:\wamp\www\shop\App\Home\Controller\IndexController.php (50).
[ 2016-08-27T19:59:53+08:00 ]NOTICE: Undefined variable: sumD:\wamp\www\shop\App\Home\Controller\IndexController.php (50).
[ 2016-08-27T19:59:53+08:00 ]NOTICE: Undefined variable: sumD:\wamp\www\shop\App\Home\Controller\IndexController.php (50).
[ 2016-08-27T23:44:57+08:00 ]NOTICE: Undefined variable: cidsD:\wamp\www\shop\App\Home\Controller\SearchController.php (65).
[ 2016-08-27T23:44:57+08:00 ]NOTICE: implode(): Invalid arguments passedD:\wamp\www\shop\App\Home\Controller\SearchController.php (65).
[ 2016-08-27T23:44:57+08:00 ]EXCEPTION: SELECT  shop_brand_bid  FROM shop_lists WHERE shop_category_cid IN () ;BindParams:array (
)42000;1064;You have an error in your SQL syntax; check the manual that corresponds to your MySQL server version for the right syntax to use near ')' at line 1
[ 2016-08-27T23:45:54+08:00 ]NOTICE: Undefined variable: cidD:\wamp\www\shop\App\Home\Controller\SearchController.php (38).
[ 2016-08-27T23:45:54+08:00 ]NOTICE: Undefined variable: cidsD:\wamp\www\shop\App\Home\Controller\SearchController.php (65).
[ 2016-08-27T23:45:54+08:00 ]NOTICE: implode(): Invalid arguments passedD:\wamp\www\shop\App\Home\Controller\SearchController.php (65).
[ 2016-08-27T23:45:54+08:00 ]EXCEPTION: SELECT  shop_brand_bid  FROM shop_lists WHERE shop_category_cid IN () ;BindParams:array (
)42000;1064;You have an error in your SQL syntax; check the manual that corresponds to your MySQL server version for the right syntax to use near ')' at line 1
[ 2016-08-27T23:46:01+08:00 ]NOTICE: Undefined variable: cidsD:\wamp\www\shop\App\Home\Controller\SearchController.php (65).
[ 2016-08-27T23:46:01+08:00 ]NOTICE: implode(): Invalid arguments passedD:\wamp\www\shop\App\Home\Controller\SearchController.php (65).
[ 2016-08-27T23:46:01+08:00 ]EXCEPTION: SELECT  shop_brand_bid  FROM shop_lists WHERE shop_category_cid IN () ;BindParams:array (
)42000;1064;You have an error in your SQL syntax; check the manual that corresponds to your MySQL server version for the right syntax to use near ')' at line 1
