[ 2016-08-28T08:12:32+08:00 ]NOTICE: Undefined index: extensionD:\wamp\www\shop\App\Home\Controller\InfoController.php (71).
[ 2016-08-28T08:12:32+08:00 ]NOTICE: Undefined index: extensionD:\wamp\www\shop\App\Home\Controller\InfoController.php (71).
[ 2016-08-28T08:12:32+08:00 ]EXCEPTION: SELECT  *  FROM shop_type_attr WHERE taid= LIMIT 1 ;BindParams:array (
)42000;1064;You have an error in your SQL syntax; check the manual that corresponds to your MySQL server version for the right syntax to use near 'LIMIT 1' at line 1
[ 2016-08-28T08:12:32+08:00 ]NOTICE: Undefined index: extensionD:\wamp\www\shop\App\Home\Controller\InfoController.php (71).
[ 2016-08-28T08:12:32+08:00 ]NOTICE: Undefined index: extensionD:\wamp\www\shop\App\Home\Controller\InfoController.php (71).
[ 2016-08-28T08:12:32+08:00 ]EXCEPTION: SELECT  *  FROM shop_type_attr WHERE taid= LIMIT 1 ;BindParams:array (
)42000;1064;You have an error in your SQL syntax; check the manual that corresponds to your MySQL server version for the right syntax to use near 'LIMIT 1' at line 1
[ 2016-08-28T08:12:39+08:00 ]NOTICE: Undefined index: extensionD:\wamp\www\shop\App\Home\Controller\InfoController.php (71).
[ 2016-08-28T08:12:39+08:00 ]NOTICE: Undefined index: extensionD:\wamp\www\shop\App\Home\Controller\InfoController.php (71).
[ 2016-08-28T08:12:39+08:00 ]EXCEPTION: SELECT  *  FROM shop_type_attr WHERE taid= LIMIT 1 ;BindParams:array (
)42000;1064;You have an error in your SQL syntax; check the manual that corresponds to your MySQL server version for the right syntax to use near 'LIMIT 1' at line 1
[ 2016-08-28T08:13:58+08:00 ]NOTICE: Undefined index: extensionD:\wamp\www\shop\App\Home\Controller\InfoController.php (73).
[ 2016-08-28T08:13:58+08:00 ]NOTICE: Undefined index: extensionD:\wamp\www\shop\App\Home\Controller\InfoController.php (73).
[ 2016-08-28T08:13:58+08:00 ]EXCEPTION: SELECT  *  FROM shop_type_attr WHERE taid= LIMIT 1 ;BindParams:array (
)42000;1064;You have an error in your SQL syntax; check the manual that corresponds to your MySQL server version for the right syntax to use near 'LIMIT 1' at line 1
[ 2016-08-28T08:14:21+08:00 ]EXCEPTION: SELECT  *  FROM shop_type_attr WHERE taid= LIMIT 1 ;BindParams:array (
)42000;1064;You have an error in your SQL syntax; check the manual that corresponds to your MySQL server version for the right syntax to use near 'LIMIT 1' at line 1
[ 2016-08-28T08:15:04+08:00 ]EXCEPTION: SELECT  *  FROM shop_type_attr WHERE taid= LIMIT 1 ;BindParams:array (
)42000;1064;You have an error in your SQL syntax; check the manual that corresponds to your MySQL server version for the right syntax to use near 'LIMIT 1' at line 1
[ 2016-08-28T08:16:44+08:00 ]NOTICE: Undefined index: extensionD:\wamp\www\shop\App\Home\Controller\InfoController.php (73).
[ 2016-08-28T08:16:44+08:00 ]NOTICE: Undefined index: extensionD:\wamp\www\shop\App\Home\Controller\InfoController.php (73).
[ 2016-08-28T08:16:44+08:00 ]EXCEPTION: SELECT  *  FROM shop_type_attr WHERE taid= LIMIT 1 ;BindParams:array (
)42000;1064;You have an error in your SQL syntax; check the manual that corresponds to your MySQL server version for the right syntax to use near 'LIMIT 1' at line 1
[ 2016-08-28T08:18:06+08:00 ]NOTICE: Undefined variable: orderDataD:\wamp\www\shop\Storage\view\compile\2e1df54e19025fe2c85a3d50abbd4f26.php (100).
[ 2016-08-28T08:18:06+08:00 ]NOTICE: Invalid argument supplied for foreach()D:\wamp\www\shop\Storage\view\compile\2e1df54e19025fe2c85a3d50abbd4f26.php (100).
[ 2016-08-28T08:18:15+08:00 ]NOTICE: Undefined variable: orderDataD:\wamp\www\shop\Storage\view\compile\2e1df54e19025fe2c85a3d50abbd4f26.php (100).
[ 2016-08-28T08:18:15+08:00 ]NOTICE: Invalid argument supplied for foreach()D:\wamp\www\shop\Storage\view\compile\2e1df54e19025fe2c85a3d50abbd4f26.php (100).
[ 2016-08-28T08:18:56+08:00 ]NOTICE: Undefined variable: orderDataD:\wamp\www\shop\Storage\view\compile\2e1df54e19025fe2c85a3d50abbd4f26.php (100).
[ 2016-08-28T08:18:56+08:00 ]NOTICE: Invalid argument supplied for foreach()D:\wamp\www\shop\Storage\view\compile\2e1df54e19025fe2c85a3d50abbd4f26.php (100).
[ 2016-08-28T08:19:35+08:00 ]NOTICE: Undefined index: extensionD:\wamp\www\shop\App\Home\Controller\InfoController.php (73).
[ 2016-08-28T08:19:35+08:00 ]NOTICE: Undefined index: extensionD:\wamp\www\shop\App\Home\Controller\InfoController.php (73).
[ 2016-08-28T08:19:35+08:00 ]EXCEPTION: SELECT  *  FROM shop_type_attr WHERE taid= LIMIT 1 ;BindParams:array (
)42000;1064;You have an error in your SQL syntax; check the manual that corresponds to your MySQL server version for the right syntax to use near 'LIMIT 1' at line 1
[ 2016-08-28T08:21:43+08:00 ]NOTICE: Undefined index: extensionD:\wamp\www\shop\App\Home\Controller\InfoController.php (73).
[ 2016-08-28T08:21:43+08:00 ]NOTICE: Undefined index: extensionD:\wamp\www\shop\App\Home\Controller\InfoController.php (73).
[ 2016-08-28T08:21:43+08:00 ]EXCEPTION: SELECT  *  FROM shop_type_attr WHERE taid= LIMIT 1 ;BindParams:array (
)42000;1064;You have an error in your SQL syntax; check the manual that corresponds to your MySQL server version for the right syntax to use near 'LIMIT 1' at line 1
[ 2016-08-28T08:35:24+08:00 ]NOTICE: Undefined index: bidD:\wamp\www\shop\Storage\view\compile\40f01c6f41ec0065ec172727ecfd5b54.php (1097).
[ 2016-08-28T08:35:24+08:00 ]NOTICE: Undefined index: bidD:\wamp\www\shop\Storage\view\compile\40f01c6f41ec0065ec172727ecfd5b54.php (1097).
[ 2016-08-28T08:35:24+08:00 ]NOTICE: Undefined index: bidD:\wamp\www\shop\Storage\view\compile\40f01c6f41ec0065ec172727ecfd5b54.php (1097).
[ 2016-08-28T08:35:24+08:00 ]NOTICE: Undefined index: bidD:\wamp\www\shop\Storage\view\compile\40f01c6f41ec0065ec172727ecfd5b54.php (1097).
[ 2016-08-28T08:35:24+08:00 ]NOTICE: Undefined index: bidD:\wamp\www\shop\Storage\view\compile\40f01c6f41ec0065ec172727ecfd5b54.php (1097).
[ 2016-08-28T08:35:24+08:00 ]NOTICE: Undefined index: bidD:\wamp\www\shop\Storage\view\compile\40f01c6f41ec0065ec172727ecfd5b54.php (1097).
[ 2016-08-28T08:35:24+08:00 ]NOTICE: Undefined index: bidD:\wamp\www\shop\Storage\view\compile\40f01c6f41ec0065ec172727ecfd5b54.php (1097).
[ 2016-08-28T08:41:50+08:00 ]NOTICE: Undefined index: cidD:\wamp\www\shop\Storage\view\compile\40f01c6f41ec0065ec172727ecfd5b54.php (1132).
[ 2016-08-28T08:41:50+08:00 ]NOTICE: Undefined index: cidD:\wamp\www\shop\Storage\view\compile\40f01c6f41ec0065ec172727ecfd5b54.php (1132).
[ 2016-08-28T08:41:50+08:00 ]NOTICE: Undefined index: cidD:\wamp\www\shop\Storage\view\compile\40f01c6f41ec0065ec172727ecfd5b54.php (1132).
[ 2016-08-28T08:41:50+08:00 ]NOTICE: Undefined index: cidD:\wamp\www\shop\Storage\view\compile\40f01c6f41ec0065ec172727ecfd5b54.php (1132).
[ 2016-08-28T08:41:50+08:00 ]NOTICE: Undefined index: cidD:\wamp\www\shop\Storage\view\compile\40f01c6f41ec0065ec172727ecfd5b54.php (1132).
[ 2016-08-28T08:41:50+08:00 ]NOTICE: Undefined index: cidD:\wamp\www\shop\Storage\view\compile\40f01c6f41ec0065ec172727ecfd5b54.php (1132).
[ 2016-08-28T08:41:50+08:00 ]NOTICE: Undefined index: cidD:\wamp\www\shop\Storage\view\compile\40f01c6f41ec0065ec172727ecfd5b54.php (1132).
[ 2016-08-28T08:41:50+08:00 ]NOTICE: Undefined index: cidD:\wamp\www\shop\Storage\view\compile\40f01c6f41ec0065ec172727ecfd5b54.php (1132).
[ 2016-08-28T08:41:50+08:00 ]NOTICE: Undefined index: cidD:\wamp\www\shop\Storage\view\compile\40f01c6f41ec0065ec172727ecfd5b54.php (1132).
[ 2016-08-28T08:41:50+08:00 ]NOTICE: Undefined index: cidD:\wamp\www\shop\Storage\view\compile\40f01c6f41ec0065ec172727ecfd5b54.php (1132).
[ 2016-08-28T08:41:50+08:00 ]NOTICE: Undefined index: cidD:\wamp\www\shop\Storage\view\compile\40f01c6f41ec0065ec172727ecfd5b54.php (1132).
[ 2016-08-28T08:41:50+08:00 ]NOTICE: Undefined index: cidD:\wamp\www\shop\Storage\view\compile\40f01c6f41ec0065ec172727ecfd5b54.php (1132).
[ 2016-08-28T08:41:50+08:00 ]NOTICE: Undefined index: cidD:\wamp\www\shop\Storage\view\compile\40f01c6f41ec0065ec172727ecfd5b54.php (1132).
[ 2016-08-28T08:41:50+08:00 ]NOTICE: Undefined index: cidD:\wamp\www\shop\Storage\view\compile\40f01c6f41ec0065ec172727ecfd5b54.php (1132).
[ 2016-08-28T08:41:50+08:00 ]NOTICE: Undefined index: cidD:\wamp\www\shop\Storage\view\compile\40f01c6f41ec0065ec172727ecfd5b54.php (1132).
[ 2016-08-28T08:41:50+08:00 ]NOTICE: Undefined index: cidD:\wamp\www\shop\Storage\view\compile\40f01c6f41ec0065ec172727ecfd5b54.php (1132).
[ 2016-08-28T08:41:50+08:00 ]NOTICE: Undefined index: cidD:\wamp\www\shop\Storage\view\compile\40f01c6f41ec0065ec172727ecfd5b54.php (1132).
[ 2016-08-28T08:41:50+08:00 ]NOTICE: Undefined index: cidD:\wamp\www\shop\Storage\view\compile\40f01c6f41ec0065ec172727ecfd5b54.php (1132).
[ 2016-08-28T08:41:50+08:00 ]NOTICE: Undefined index: cidD:\wamp\www\shop\Storage\view\compile\40f01c6f41ec0065ec172727ecfd5b54.php (1132).
[ 2016-08-28T08:41:50+08:00 ]NOTICE: Undefined index: cidD:\wamp\www\shop\Storage\view\compile\40f01c6f41ec0065ec172727ecfd5b54.php (1132).
[ 2016-08-28T08:41:50+08:00 ]NOTICE: Undefined index: cidD:\wamp\www\shop\Storage\view\compile\40f01c6f41ec0065ec172727ecfd5b54.php (1132).
[ 2016-08-28T08:41:50+08:00 ]NOTICE: Undefined index: cidD:\wamp\www\shop\Storage\view\compile\40f01c6f41ec0065ec172727ecfd5b54.php (1132).
[ 2016-08-28T08:41:50+08:00 ]NOTICE: Undefined index: cidD:\wamp\www\shop\Storage\view\compile\40f01c6f41ec0065ec172727ecfd5b54.php (1132).
[ 2016-08-28T08:41:50+08:00 ]NOTICE: Undefined index: cidD:\wamp\www\shop\Storage\view\compile\40f01c6f41ec0065ec172727ecfd5b54.php (1132).
[ 2016-08-28T08:41:50+08:00 ]NOTICE: Undefined index: cidD:\wamp\www\shop\Storage\view\compile\40f01c6f41ec0065ec172727ecfd5b54.php (1132).
[ 2016-08-28T08:41:50+08:00 ]NOTICE: Undefined index: cidD:\wamp\www\shop\Storage\view\compile\40f01c6f41ec0065ec172727ecfd5b54.php (1132).
[ 2016-08-28T08:41:50+08:00 ]NOTICE: Undefined index: cidD:\wamp\www\shop\Storage\view\compile\40f01c6f41ec0065ec172727ecfd5b54.php (1132).
[ 2016-08-28T08:41:50+08:00 ]NOTICE: Undefined index: cidD:\wamp\www\shop\Storage\view\compile\40f01c6f41ec0065ec172727ecfd5b54.php (1132).
[ 2016-08-28T08:41:50+08:00 ]NOTICE: Undefined index: cidD:\wamp\www\shop\Storage\view\compile\40f01c6f41ec0065ec172727ecfd5b54.php (1132).
[ 2016-08-28T08:41:50+08:00 ]NOTICE: Undefined index: cidD:\wamp\www\shop\Storage\view\compile\40f01c6f41ec0065ec172727ecfd5b54.php (1132).
[ 2016-08-28T08:41:50+08:00 ]NOTICE: Undefined index: cidD:\wamp\www\shop\Storage\view\compile\40f01c6f41ec0065ec172727ecfd5b54.php (1132).
[ 2016-08-28T08:41:50+08:00 ]NOTICE: Undefined index: cidD:\wamp\www\shop\Storage\view\compile\40f01c6f41ec0065ec172727ecfd5b54.php (1132).
[ 2016-08-28T08:50:43+08:00 ]NOTICE: Undefined variable: aD:\wamp\www\shop\Storage\view\compile\40f01c6f41ec0065ec172727ecfd5b54.php (1127).
[ 2016-08-28T08:50:57+08:00 ]NOTICE: Undefined variable: aD:\wamp\www\shop\Storage\view\compile\40f01c6f41ec0065ec172727ecfd5b54.php (1127).
[ 2016-08-28T08:51:00+08:00 ]NOTICE: Undefined variable: aD:\wamp\www\shop\Storage\view\compile\40f01c6f41ec0065ec172727ecfd5b54.php (1127).
[ 2016-08-28T08:51:08+08:00 ]NOTICE: Undefined variable: aD:\wamp\www\shop\Storage\view\compile\40f01c6f41ec0065ec172727ecfd5b54.php (1127).
[ 2016-08-28T08:51:14+08:00 ]NOTICE: Undefined variable: aD:\wamp\www\shop\Storage\view\compile\40f01c6f41ec0065ec172727ecfd5b54.php (1127).
[ 2016-08-28T09:15:44+08:00 ]NOTICE: unlink(Upload/Content/16/08/94041472278715.jpg): No such file or directoryD:\wamp\www\shop\App\Admin\Controller\ShoplistController.php (194).
[ 2016-08-28T09:15:44+08:00 ]NOTICE: unlink(Upload/Content/16/08/94041472278715_list.jpg): No such file or directoryD:\wamp\www\shop\App\Admin\Controller\ShoplistController.php (195).
[ 2016-08-28T09:15:44+08:00 ]NOTICE: unlink(Upload/Content/16/08/49881472278720_small.jpg): No such file or directoryD:\wamp\www\shop\App\Admin\Controller\ShoplistController.php (204).
[ 2016-08-28T09:15:44+08:00 ]NOTICE: unlink(Upload/Content/16/08/49881472278720_mid.jpg): No such file or directoryD:\wamp\www\shop\App\Admin\Controller\ShoplistController.php (205).
[ 2016-08-28T09:15:44+08:00 ]NOTICE: unlink(Upload/Content/16/08/49881472278720_mib.jpg): No such file or directoryD:\wamp\www\shop\App\Admin\Controller\ShoplistController.php (206).
[ 2016-08-28T09:15:44+08:00 ]NOTICE: unlink(Upload/Content/16/08/49881472278720.jpg): No such file or directoryD:\wamp\www\shop\App\Admin\Controller\ShoplistController.php (207).
[ 2016-08-28T15:10:50+08:00 ]NOTICE: Undefined index: extensionD:\wamp\www\shop\App\Home\Controller\InfoController.php (73).
[ 2016-08-28T15:10:50+08:00 ]NOTICE: Undefined index: extensionD:\wamp\www\shop\App\Home\Controller\InfoController.php (73).
[ 2016-08-28T15:10:50+08:00 ]EXCEPTION: SELECT  *  FROM shop_type_attr WHERE taid= LIMIT 1 ;BindParams:array (
)42000;1064;You have an error in your SQL syntax; check the manual that corresponds to your MySQL server version for the right syntax to use near 'LIMIT 1' at line 1
[ 2016-08-28T15:35:22+08:00 ]NOTICE: Undefined offset: 1D:\wamp\www\shop\Storage\view\compile\b65d2f4b842995dd56cbabc836b0bd9c.php (18).
[ 2016-08-28T15:35:22+08:00 ]NOTICE: Undefined offset: 2D:\wamp\www\shop\Storage\view\compile\b65d2f4b842995dd56cbabc836b0bd9c.php (19).
[ 2016-08-28T15:35:23+08:00 ]NOTICE: Undefined offset: 1D:\wamp\www\shop\Storage\view\compile\b65d2f4b842995dd56cbabc836b0bd9c.php (18).
[ 2016-08-28T15:35:23+08:00 ]NOTICE: Undefined offset: 2D:\wamp\www\shop\Storage\view\compile\b65d2f4b842995dd56cbabc836b0bd9c.php (19).
[ 2016-08-28T15:51:58+08:00 ]NOTICE: Undefined index: HTTP_REFERERD:\wamp\www\shop\App\Home\Controller\LoginController.php (33).
[ 2016-08-28T16:24:46+08:00 ]NOTICE: Undefined offset: 1D:\wamp\www\shop\Storage\view\compile\b65d2f4b842995dd56cbabc836b0bd9c.php (18).
[ 2016-08-28T16:24:46+08:00 ]NOTICE: Undefined offset: 2D:\wamp\www\shop\Storage\view\compile\b65d2f4b842995dd56cbabc836b0bd9c.php (19).
[ 2016-08-28T16:24:56+08:00 ]NOTICE: Undefined offset: 1D:\wamp\www\shop\Storage\view\compile\b65d2f4b842995dd56cbabc836b0bd9c.php (18).
[ 2016-08-28T16:24:56+08:00 ]NOTICE: Undefined offset: 2D:\wamp\www\shop\Storage\view\compile\b65d2f4b842995dd56cbabc836b0bd9c.php (19).
[ 2016-08-28T16:26:30+08:00 ]NOTICE: Undefined index: extensionD:\wamp\www\shop\App\Admin\Controller\ShopcartController.php (23).
[ 2016-08-28T16:26:30+08:00 ]NOTICE: Undefined index: extensionD:\wamp\www\shop\App\Admin\Controller\ShopcartController.php (23).
[ 2016-08-28T16:26:30+08:00 ]EXCEPTION: SELECT  *  FROM shop_type_attr WHERE taid= LIMIT 1 ;BindParams:array (
)42000;1064;You have an error in your SQL syntax; check the manual that corresponds to your MySQL server version for the right syntax to use near 'LIMIT 1' at line 1
[ 2016-08-28T16:38:47+08:00 ]NOTICE: Undefined offset: 1D:\wamp\www\shop\Storage\view\compile\b65d2f4b842995dd56cbabc836b0bd9c.php (18).
[ 2016-08-28T16:38:47+08:00 ]NOTICE: Undefined offset: 2D:\wamp\www\shop\Storage\view\compile\b65d2f4b842995dd56cbabc836b0bd9c.php (19).
[ 2016-08-28T16:40:49+08:00 ]NOTICE: Undefined offset: 1D:\wamp\www\shop\Storage\view\compile\b65d2f4b842995dd56cbabc836b0bd9c.php (18).
[ 2016-08-28T16:40:49+08:00 ]NOTICE: Undefined offset: 2D:\wamp\www\shop\Storage\view\compile\b65d2f4b842995dd56cbabc836b0bd9c.php (19).
[ 2016-08-28T16:40:56+08:00 ]NOTICE: Undefined offset: 1D:\wamp\www\shop\Storage\view\compile\b65d2f4b842995dd56cbabc836b0bd9c.php (18).
[ 2016-08-28T16:40:56+08:00 ]NOTICE: Undefined offset: 2D:\wamp\www\shop\Storage\view\compile\b65d2f4b842995dd56cbabc836b0bd9c.php (19).
[ 2016-08-28T16:41:10+08:00 ]NOTICE: Undefined offset: 1D:\wamp\www\shop\Storage\view\compile\b65d2f4b842995dd56cbabc836b0bd9c.php (18).
[ 2016-08-28T16:41:10+08:00 ]NOTICE: Undefined offset: 2D:\wamp\www\shop\Storage\view\compile\b65d2f4b842995dd56cbabc836b0bd9c.php (19).
[ 2016-08-28T17:03:19+08:00 ]EXCEPTION: SELECT  *  FROM shop_order WHERE oid= LIMIT 1 ;BindParams:array (
)42000;1064;You have an error in your SQL syntax; check the manual that corresponds to your MySQL server version for the right syntax to use near 'LIMIT 1' at line 1
[ 2016-08-28T17:03:58+08:00 ]EXCEPTION: SELECT  *  FROM shop_order WHERE oid= LIMIT 1 ;BindParams:array (
)42000;1064;You have an error in your SQL syntax; check the manual that corresponds to your MySQL server version for the right syntax to use near 'LIMIT 1' at line 1
[ 2016-08-28T17:03:58+08:00 ]EXCEPTION: SELECT  *  FROM shop_order WHERE oid= LIMIT 1 ;BindParams:array (
)42000;1064;You have an error in your SQL syntax; check the manual that corresponds to your MySQL server version for the right syntax to use near 'LIMIT 1' at line 1
[ 2016-08-28T21:11:51+08:00 ]NOTICE: Undefined index: cartD:\wamp\www\shop\App\Home\Controller\ShopcartController.php (93).
[ 2016-08-28T21:11:51+08:00 ]NOTICE: Invalid argument supplied for foreach()D:\wamp\www\shop\App\Home\Controller\ShopcartController.php (93).
