[ 2016-08-29T08:52:48+08:00 ]NOTICE: Undefined index: gidD:\wamp\www\shop\Storage\view\compile\8e32ca5f26bd74ce4f1082eb100664d6.php (92).
[ 2016-08-29T08:52:48+08:00 ]NOTICE: Undefined index: gidD:\wamp\www\shop\Storage\view\compile\8e32ca5f26bd74ce4f1082eb100664d6.php (96).
[ 2016-08-29T08:53:06+08:00 ]NOTICE: Undefined index: gidD:\wamp\www\shop\Storage\view\compile\8e32ca5f26bd74ce4f1082eb100664d6.php (92).
[ 2016-08-29T08:53:06+08:00 ]NOTICE: Undefined index: gidD:\wamp\www\shop\Storage\view\compile\8e32ca5f26bd74ce4f1082eb100664d6.php (96).
[ 2016-08-29T20:03:28+08:00 ]NOTICE: Undefined index: extensionD:\wamp\www\shop\App\Home\Controller\ShopcartController.php (35).
[ 2016-08-29T20:03:28+08:00 ]NOTICE: Undefined index: extensionD:\wamp\www\shop\App\Home\Controller\ShopcartController.php (35).
[ 2016-08-29T20:03:28+08:00 ]NOTICE: Undefined index: shop_type_tidD:\wamp\www\shop\App\Home\Controller\ShopcartController.php (41).
[ 2016-08-29T20:03:29+08:00 ]EXCEPTION: SELECT  *  FROM shop_type_attr WHERE shop_type_tid= and class=1 ;BindParams:array (
)42000;1064;You have an error in your SQL syntax; check the manual that corresponds to your MySQL server version for the right syntax to use near 'and class=1' at line 1
[ 2016-08-29T20:03:29+08:00 ]NOTICE: Undefined index: extensionD:\wamp\www\shop\App\Home\Controller\ShopcartController.php (35).
[ 2016-08-29T20:03:29+08:00 ]NOTICE: Undefined index: extensionD:\wamp\www\shop\App\Home\Controller\ShopcartController.php (35).
[ 2016-08-29T20:03:29+08:00 ]NOTICE: Undefined index: shop_type_tidD:\wamp\www\shop\App\Home\Controller\ShopcartController.php (41).
[ 2016-08-29T20:03:29+08:00 ]EXCEPTION: SELECT  *  FROM shop_type_attr WHERE shop_type_tid= and class=1 ;BindParams:array (
)42000;1064;You have an error in your SQL syntax; check the manual that corresponds to your MySQL server version for the right syntax to use near 'and class=1' at line 1
[ 2016-08-29T20:03:36+08:00 ]NOTICE: Undefined index: extensionD:\wamp\www\shop\App\Home\Controller\ShopcartController.php (35).
[ 2016-08-29T20:03:36+08:00 ]NOTICE: Undefined index: extensionD:\wamp\www\shop\App\Home\Controller\ShopcartController.php (35).
[ 2016-08-29T20:03:36+08:00 ]NOTICE: Undefined index: shop_type_tidD:\wamp\www\shop\App\Home\Controller\ShopcartController.php (41).
[ 2016-08-29T20:03:36+08:00 ]EXCEPTION: SELECT  *  FROM shop_type_attr WHERE shop_type_tid= and class=1 ;BindParams:array (
)42000;1064;You have an error in your SQL syntax; check the manual that corresponds to your MySQL server version for the right syntax to use near 'and class=1' at line 1
[ 2016-08-29T20:20:25+08:00 ]NOTICE: Undefined index: extensionD:\wamp\www\shop\App\Home\Controller\ShopcartController.php (36).
[ 2016-08-29T20:20:25+08:00 ]NOTICE: Undefined index: extensionD:\wamp\www\shop\App\Home\Controller\ShopcartController.php (36).
[ 2016-08-29T20:20:25+08:00 ]NOTICE: Undefined index: shop_type_tidD:\wamp\www\shop\App\Home\Controller\ShopcartController.php (43).
[ 2016-08-29T20:20:25+08:00 ]EXCEPTION: SELECT  *  FROM shop_type_attr WHERE shop_type_tid= and class=1 ;BindParams:array (
)42000;1064;You have an error in your SQL syntax; check the manual that corresponds to your MySQL server version for the right syntax to use near 'and class=1' at line 1
[ 2016-08-29T20:26:04+08:00 ]NOTICE: Undefined index: extensionD:\wamp\www\shop\App\Home\Controller\ShopcartController.php (36).
[ 2016-08-29T20:26:04+08:00 ]NOTICE: Undefined index: extensionD:\wamp\www\shop\App\Home\Controller\ShopcartController.php (36).
[ 2016-08-29T20:26:04+08:00 ]NOTICE: Undefined index: shop_type_tidD:\wamp\www\shop\App\Home\Controller\ShopcartController.php (43).
[ 2016-08-29T20:26:04+08:00 ]EXCEPTION: SELECT  *  FROM shop_type_attr WHERE shop_type_tid= and class=1 ;BindParams:array (
)42000;1064;You have an error in your SQL syntax; check the manual that corresponds to your MySQL server version for the right syntax to use near 'and class=1' at line 1
[ 2016-08-29T20:26:07+08:00 ]NOTICE: Undefined index: extensionD:\wamp\www\shop\App\Home\Controller\ShopcartController.php (36).
[ 2016-08-29T20:26:07+08:00 ]NOTICE: Undefined index: extensionD:\wamp\www\shop\App\Home\Controller\ShopcartController.php (36).
[ 2016-08-29T20:26:07+08:00 ]NOTICE: Undefined index: shop_type_tidD:\wamp\www\shop\App\Home\Controller\ShopcartController.php (43).
[ 2016-08-29T20:26:07+08:00 ]EXCEPTION: SELECT  *  FROM shop_type_attr WHERE shop_type_tid= and class=1 ;BindParams:array (
)42000;1064;You have an error in your SQL syntax; check the manual that corresponds to your MySQL server version for the right syntax to use near 'and class=1' at line 1
[ 2016-08-29T20:27:26+08:00 ]NOTICE: Undefined index: extensionD:\wamp\www\shop\App\Home\Controller\ShopcartController.php (36).
[ 2016-08-29T20:27:26+08:00 ]NOTICE: Undefined index: extensionD:\wamp\www\shop\App\Home\Controller\ShopcartController.php (36).
[ 2016-08-29T20:27:26+08:00 ]NOTICE: Undefined index: shop_type_tidD:\wamp\www\shop\App\Home\Controller\ShopcartController.php (43).
[ 2016-08-29T20:27:26+08:00 ]EXCEPTION: SELECT  *  FROM shop_type_attr WHERE shop_type_tid= and class=1 ;BindParams:array (
)42000;1064;You have an error in your SQL syntax; check the manual that corresponds to your MySQL server version for the right syntax to use near 'and class=1' at line 1
[ 2016-08-29T20:31:10+08:00 ]NOTICE: Undefined index: extensionD:\wamp\www\shop\App\Home\Controller\ShopcartController.php (36).
[ 2016-08-29T20:31:10+08:00 ]NOTICE: Undefined index: extensionD:\wamp\www\shop\App\Home\Controller\ShopcartController.php (36).
[ 2016-08-29T20:31:10+08:00 ]NOTICE: Undefined index: shop_type_tidD:\wamp\www\shop\App\Home\Controller\ShopcartController.php (43).
[ 2016-08-29T20:31:10+08:00 ]EXCEPTION: SELECT  *  FROM shop_type_attr WHERE shop_type_tid= and class=1 ;BindParams:array (
)42000;1064;You have an error in your SQL syntax; check the manual that corresponds to your MySQL server version for the right syntax to use near 'and class=1' at line 1
[ 2016-08-29T20:31:58+08:00 ]NOTICE: Undefined index: extensionD:\wamp\www\shop\App\Home\Controller\ShopcartController.php (36).
[ 2016-08-29T20:31:58+08:00 ]NOTICE: Undefined index: extensionD:\wamp\www\shop\App\Home\Controller\ShopcartController.php (36).
[ 2016-08-29T20:31:58+08:00 ]NOTICE: Undefined index: shop_type_tidD:\wamp\www\shop\App\Home\Controller\ShopcartController.php (43).
[ 2016-08-29T20:31:58+08:00 ]EXCEPTION: SELECT  *  FROM shop_type_attr WHERE shop_type_tid= and class=1 ;BindParams:array (
)42000;1064;You have an error in your SQL syntax; check the manual that corresponds to your MySQL server version for the right syntax to use near 'and class=1' at line 1
[ 2016-08-29T20:32:26+08:00 ]NOTICE: Undefined index: extensionD:\wamp\www\shop\App\Home\Controller\ShopcartController.php (36).
[ 2016-08-29T20:32:26+08:00 ]NOTICE: Undefined index: extensionD:\wamp\www\shop\App\Home\Controller\ShopcartController.php (36).
[ 2016-08-29T20:32:26+08:00 ]NOTICE: Undefined index: shop_type_tidD:\wamp\www\shop\App\Home\Controller\ShopcartController.php (43).
[ 2016-08-29T20:32:26+08:00 ]EXCEPTION: SELECT  *  FROM shop_type_attr WHERE shop_type_tid= and class=1 ;BindParams:array (
)42000;1064;You have an error in your SQL syntax; check the manual that corresponds to your MySQL server version for the right syntax to use near 'and class=1' at line 1
[ 2016-08-29T20:41:00+08:00 ]NOTICE: Undefined index: extensionD:\wamp\www\shop\App\Home\Controller\ShopcartController.php (36).
[ 2016-08-29T20:41:00+08:00 ]NOTICE: Undefined index: extensionD:\wamp\www\shop\App\Home\Controller\ShopcartController.php (36).
[ 2016-08-29T20:41:00+08:00 ]NOTICE: Undefined index: shop_type_tidD:\wamp\www\shop\App\Home\Controller\ShopcartController.php (43).
[ 2016-08-29T20:41:00+08:00 ]EXCEPTION: SELECT  *  FROM shop_type_attr WHERE shop_type_tid= and class=1 ;BindParams:array (
)42000;1064;You have an error in your SQL syntax; check the manual that corresponds to your MySQL server version for the right syntax to use near 'and class=1' at line 1
[ 2016-08-29T20:41:19+08:00 ]NOTICE: Undefined index: extensionD:\wamp\www\shop\App\Home\Controller\ShopcartController.php (36).
[ 2016-08-29T20:41:19+08:00 ]NOTICE: Undefined index: extensionD:\wamp\www\shop\App\Home\Controller\ShopcartController.php (36).
[ 2016-08-29T20:41:19+08:00 ]NOTICE: Undefined index: shop_type_tidD:\wamp\www\shop\App\Home\Controller\ShopcartController.php (43).
[ 2016-08-29T20:41:19+08:00 ]EXCEPTION: SELECT  *  FROM shop_type_attr WHERE shop_type_tid= and class=1 ;BindParams:array (
)42000;1064;You have an error in your SQL syntax; check the manual that corresponds to your MySQL server version for the right syntax to use near 'and class=1' at line 1
[ 2016-08-29T20:44:48+08:00 ]NOTICE: Undefined variable: shopDataD:\wamp\www\shop\Storage\view\compile\82a315c94f9cdf949380badf68989fc5.php (816).
[ 2016-08-29T20:44:48+08:00 ]NOTICE: Undefined variable: shopDataD:\wamp\www\shop\Storage\view\compile\82a315c94f9cdf949380badf68989fc5.php (816).
[ 2016-08-29T20:44:48+08:00 ]NOTICE: Undefined variable: shopDataD:\wamp\www\shop\Storage\view\compile\82a315c94f9cdf949380badf68989fc5.php (820).
[ 2016-08-29T20:44:48+08:00 ]NOTICE: Undefined variable: shopDataD:\wamp\www\shop\Storage\view\compile\82a315c94f9cdf949380badf68989fc5.php (820).
[ 2016-08-29T20:44:48+08:00 ]NOTICE: Undefined variable: numD:\wamp\www\shop\Storage\view\compile\82a315c94f9cdf949380badf68989fc5.php (827).
[ 2016-08-29T20:46:58+08:00 ]NOTICE: Undefined variable: shopDataD:\wamp\www\shop\Storage\view\compile\82a315c94f9cdf949380badf68989fc5.php (816).
[ 2016-08-29T20:46:58+08:00 ]NOTICE: Undefined variable: shopDataD:\wamp\www\shop\Storage\view\compile\82a315c94f9cdf949380badf68989fc5.php (816).
[ 2016-08-29T20:46:58+08:00 ]NOTICE: Undefined variable: shopDataD:\wamp\www\shop\Storage\view\compile\82a315c94f9cdf949380badf68989fc5.php (820).
[ 2016-08-29T20:46:58+08:00 ]NOTICE: Undefined variable: shopDataD:\wamp\www\shop\Storage\view\compile\82a315c94f9cdf949380badf68989fc5.php (820).
[ 2016-08-29T20:47:06+08:00 ]NOTICE: Undefined variable: shopDataD:\wamp\www\shop\Storage\view\compile\82a315c94f9cdf949380badf68989fc5.php (816).
[ 2016-08-29T20:47:06+08:00 ]NOTICE: Undefined variable: shopDataD:\wamp\www\shop\Storage\view\compile\82a315c94f9cdf949380badf68989fc5.php (816).
[ 2016-08-29T20:47:06+08:00 ]NOTICE: Undefined variable: shopDataD:\wamp\www\shop\Storage\view\compile\82a315c94f9cdf949380badf68989fc5.php (820).
[ 2016-08-29T20:47:06+08:00 ]NOTICE: Undefined variable: shopDataD:\wamp\www\shop\Storage\view\compile\82a315c94f9cdf949380badf68989fc5.php (820).
[ 2016-08-29T20:47:09+08:00 ]NOTICE: Undefined variable: shopDataD:\wamp\www\shop\Storage\view\compile\82a315c94f9cdf949380badf68989fc5.php (816).
[ 2016-08-29T20:47:09+08:00 ]NOTICE: Undefined variable: shopDataD:\wamp\www\shop\Storage\view\compile\82a315c94f9cdf949380badf68989fc5.php (816).
[ 2016-08-29T20:47:09+08:00 ]NOTICE: Undefined variable: shopDataD:\wamp\www\shop\Storage\view\compile\82a315c94f9cdf949380badf68989fc5.php (820).
[ 2016-08-29T20:47:09+08:00 ]NOTICE: Undefined variable: shopDataD:\wamp\www\shop\Storage\view\compile\82a315c94f9cdf949380badf68989fc5.php (820).
[ 2016-08-29T20:48:05+08:00 ]NOTICE: Undefined variable: shopDataD:\wamp\www\shop\Storage\view\compile\82a315c94f9cdf949380badf68989fc5.php (816).
[ 2016-08-29T20:48:05+08:00 ]NOTICE: Undefined variable: shopDataD:\wamp\www\shop\Storage\view\compile\82a315c94f9cdf949380badf68989fc5.php (816).
[ 2016-08-29T20:48:05+08:00 ]NOTICE: Undefined variable: shopDataD:\wamp\www\shop\Storage\view\compile\82a315c94f9cdf949380badf68989fc5.php (820).
[ 2016-08-29T20:48:05+08:00 ]NOTICE: Undefined variable: shopDataD:\wamp\www\shop\Storage\view\compile\82a315c94f9cdf949380badf68989fc5.php (820).
[ 2016-08-29T20:48:05+08:00 ]NOTICE: Undefined variable: numD:\wamp\www\shop\Storage\view\compile\82a315c94f9cdf949380badf68989fc5.php (830).
[ 2016-08-29T20:48:07+08:00 ]NOTICE: Undefined variable: shopDataD:\wamp\www\shop\Storage\view\compile\82a315c94f9cdf949380badf68989fc5.php (816).
[ 2016-08-29T20:48:07+08:00 ]NOTICE: Undefined variable: shopDataD:\wamp\www\shop\Storage\view\compile\82a315c94f9cdf949380badf68989fc5.php (816).
[ 2016-08-29T20:48:07+08:00 ]NOTICE: Undefined variable: shopDataD:\wamp\www\shop\Storage\view\compile\82a315c94f9cdf949380badf68989fc5.php (820).
[ 2016-08-29T20:48:07+08:00 ]NOTICE: Undefined variable: shopDataD:\wamp\www\shop\Storage\view\compile\82a315c94f9cdf949380badf68989fc5.php (820).
[ 2016-08-29T20:48:07+08:00 ]NOTICE: Undefined variable: numD:\wamp\www\shop\Storage\view\compile\82a315c94f9cdf949380badf68989fc5.php (830).
[ 2016-08-29T20:48:16+08:00 ]NOTICE: Undefined variable: shopDataD:\wamp\www\shop\Storage\view\compile\82a315c94f9cdf949380badf68989fc5.php (816).
[ 2016-08-29T20:48:16+08:00 ]NOTICE: Undefined variable: shopDataD:\wamp\www\shop\Storage\view\compile\82a315c94f9cdf949380badf68989fc5.php (816).
[ 2016-08-29T20:48:16+08:00 ]NOTICE: Undefined variable: shopDataD:\wamp\www\shop\Storage\view\compile\82a315c94f9cdf949380badf68989fc5.php (820).
[ 2016-08-29T20:48:16+08:00 ]NOTICE: Undefined variable: shopDataD:\wamp\www\shop\Storage\view\compile\82a315c94f9cdf949380badf68989fc5.php (820).
[ 2016-08-29T20:48:16+08:00 ]NOTICE: Undefined variable: numD:\wamp\www\shop\Storage\view\compile\82a315c94f9cdf949380badf68989fc5.php (830).
[ 2016-08-29T20:48:17+08:00 ]NOTICE: Undefined variable: shopDataD:\wamp\www\shop\Storage\view\compile\82a315c94f9cdf949380badf68989fc5.php (816).
[ 2016-08-29T20:48:17+08:00 ]NOTICE: Undefined variable: shopDataD:\wamp\www\shop\Storage\view\compile\82a315c94f9cdf949380badf68989fc5.php (816).
[ 2016-08-29T20:48:17+08:00 ]NOTICE: Undefined variable: shopDataD:\wamp\www\shop\Storage\view\compile\82a315c94f9cdf949380badf68989fc5.php (820).
[ 2016-08-29T20:48:17+08:00 ]NOTICE: Undefined variable: shopDataD:\wamp\www\shop\Storage\view\compile\82a315c94f9cdf949380badf68989fc5.php (820).
[ 2016-08-29T20:48:17+08:00 ]NOTICE: Undefined variable: numD:\wamp\www\shop\Storage\view\compile\82a315c94f9cdf949380badf68989fc5.php (830).
[ 2016-08-29T20:48:21+08:00 ]NOTICE: Undefined variable: shopDataD:\wamp\www\shop\Storage\view\compile\82a315c94f9cdf949380badf68989fc5.php (816).
[ 2016-08-29T20:48:21+08:00 ]NOTICE: Undefined variable: shopDataD:\wamp\www\shop\Storage\view\compile\82a315c94f9cdf949380badf68989fc5.php (816).
[ 2016-08-29T20:48:21+08:00 ]NOTICE: Undefined variable: shopDataD:\wamp\www\shop\Storage\view\compile\82a315c94f9cdf949380badf68989fc5.php (820).
[ 2016-08-29T20:48:21+08:00 ]NOTICE: Undefined variable: shopDataD:\wamp\www\shop\Storage\view\compile\82a315c94f9cdf949380badf68989fc5.php (820).
[ 2016-08-29T20:48:21+08:00 ]NOTICE: Undefined variable: numD:\wamp\www\shop\Storage\view\compile\82a315c94f9cdf949380badf68989fc5.php (830).
[ 2016-08-29T20:48:41+08:00 ]NOTICE: Undefined variable: shopDataD:\wamp\www\shop\Storage\view\compile\82a315c94f9cdf949380badf68989fc5.php (824).
[ 2016-08-29T20:48:41+08:00 ]NOTICE: Undefined variable: shopDataD:\wamp\www\shop\Storage\view\compile\82a315c94f9cdf949380badf68989fc5.php (824).
[ 2016-08-29T20:48:41+08:00 ]NOTICE: Undefined variable: numD:\wamp\www\shop\Storage\view\compile\82a315c94f9cdf949380badf68989fc5.php (834).
[ 2016-08-29T20:49:01+08:00 ]NOTICE: Undefined variable: numD:\wamp\www\shop\Storage\view\compile\82a315c94f9cdf949380badf68989fc5.php (838).
[ 2016-08-29T21:17:56+08:00 ]NOTICE: Invalid argument supplied for foreach()D:\wamp\www\shop\App\Home\Controller\ShopcartController.php (191).
[ 2016-08-29T21:18:08+08:00 ]NOTICE: Invalid argument supplied for foreach()D:\wamp\www\shop\App\Home\Controller\ShopcartController.php (191).
[ 2016-08-29T21:18:45+08:00 ]NOTICE: Invalid argument supplied for foreach()D:\wamp\www\shop\App\Home\Controller\ShopcartController.php (191).
